This file contains any messages produced by compilers while
running configure, to aid debugging if configure makes a mistake.

It was created by configure, which was
generated by GNU Autoconf 2.61.  Invocation command line was

  $ ./configure --host=mips64-octeon-linux-gnu --prefix=/tmp/root-rootfs --sysconfdir=/etc --localstatedir=/var --libdir=/home/gavin/CA2/linux/embedded_rootfs/pkg_addon/bind-9.5.0-P2/lib-tmp --includedir=/home/gavin/CA2/linux/embedded_rootfs/pkg_addon/bind-9.5.0-P2/include-tmp --mandir=/home/gavin/CA2/linux/embedded_rootfs/pkg_addon/bind-9.5.0-P2/man-tmp --enable-shared=yes --disable-static --disable-ipv6 --enable-getifaddrs=no --with-openssl=no --with-libxml2=no --with-randomdev=no BUILD_CC=gcc CFLAGS=-s -O2

## --------- ##
## Platform. ##
## --------- ##

hostname = localhost.localdomain
uname -m = i686
uname -r = 2.6.18-1.2798.fc6xen
uname -s = Linux
uname -v = #1 SMP Mon Oct 16 15:11:19 EDT 2006

/usr/bin/uname -p = unknown
/bin/uname -X     = unknown

/bin/arch              = i686
/usr/bin/arch -k       = unknown
/usr/convex/getsysinfo = unknown
/usr/bin/hostinfo      = unknown
/bin/machine           = unknown
/usr/bin/oslevel       = unknown
/bin/universe          = unknown

PATH: /usr/lib/qt-3.3/bin
PATH: /usr/kerberos/sbin
PATH: /usr/kerberos/bin
PATH: /usr/local/sbin
PATH: /usr/local/bin
PATH: /sbin
PATH: /bin
PATH: /usr/sbin
PATH: /usr/bin
PATH: /usr/java/j2sdk1.4.2_12/bin
PATH: /usr/java/j2sdk1.4.2_12/jre/bin
PATH: /usr/lib/qt-3.3/bin
PATH: /usr/kerberos/sbin
PATH: /usr/kerberos/bin
PATH: /usr/local/sbin
PATH: /usr/local/bin
PATH: /sbin
PATH: /bin
PATH: /usr/sbin
PATH: /usr/bin
PATH: /root/bin
PATH: /root/bin
PATH: /usr/local/cavium/tools-gcc-4.1/bin


## ----------- ##
## Core tests. ##
## ----------- ##

configure:2161: checking build system type
configure:2179: result: i686-pc-linux-gnu
configure:2201: checking host system type
configure:2216: result: mips64-octeon-linux-gnu
configure:2239: checking whether make sets $(MAKE)
configure:2260: result: yes
configure:2272: checking for mips64-octeon-linux-gnu-ranlib
configure:2288: found /usr/local/cavium/tools-gcc-4.1/bin/mips64-octeon-linux-gnu-ranlib
configure:2299: result: mips64-octeon-linux-gnu-ranlib
configure:2378: checking for a BSD-compatible install
configure:2434: result: /usr/bin/install -c
configure:2445: checking whether ln -s works
configure:2449: result: yes
configure:2472: checking for ar
configure:2490: found /usr/bin/ar
configure:2502: result: /usr/bin/ar
configure:2541: checking for etags
configure:2559: found /usr/bin/etags
configure:2571: result: /usr/bin/etags
configure:2588: checking for Exuberant Ctags etags
configure:2595: result: no
configure:2608: checking for perl5
configure:2641: result: no
configure:2608: checking for perl
configure:2626: found /usr/bin/perl
configure:2638: result: /usr/bin/perl
configure:2766: checking for mips64-octeon-linux-gnu-gcc
configure:2782: found /usr/local/cavium/tools-gcc-4.1/bin/mips64-octeon-linux-gnu-gcc
configure:2793: result: mips64-octeon-linux-gnu-gcc
configure:3071: checking for C compiler version
configure:3078: mips64-octeon-linux-gnu-gcc --version >&5
mips64-octeon-linux-gnu-gcc (GCC) 4.1.1 (Cavium Networks Version: 1_5_0, build 14)
Copyright (C) 2006 Free Software Foundation, Inc.
This is free software; see the source for copying conditions.  There is NO
warranty; not even for MERCHANTABILITY or FITNESS FOR A PARTICULAR PURPOSE.

configure:3081: $? = 0
configure:3088: mips64-octeon-linux-gnu-gcc -v >&5
Using built-in specs.
Target: mips64-octeon-linux-gnu
Configured with: ../src/configure --target=mips64-octeon-linux-gnu --prefix=/usr/local/Cavium_Networks/octsw/toolchain/tools --with-local-prefix=/usr/local/Cavium_Networks/octsw/toolchain/tools/mips64-octeon-linux-gnu/sys-root --disable-sim --enable-symvers=gnu --enable-__cxa_atexit --enable-languages=c,c++ --with-sysroot
Thread model: posix
gcc version 4.1.1 (Cavium Networks Version: 1_5_0, build 14)
configure:3091: $? = 0
configure:3098: mips64-octeon-linux-gnu-gcc -V >&5
mips64-octeon-linux-gnu-gcc: '-V' option must have argument
configure:3101: $? = 1
configure:3124: checking for C compiler default output file name
configure:3151: mips64-octeon-linux-gnu-gcc -s -O2   conftest.c  >&5
configure:3154: $? = 0
configure:3192: result: a.out
configure:3209: checking whether the C compiler works
configure:3219: ./a.out
./configure: line 3220: ./a.out: cannot execute binary file
configure:3222: $? = 126
configure:3239: result: yes
configure:3246: checking whether we are cross compiling
configure:3248: result: yes
configure:3251: checking for suffix of executables
configure:3258: mips64-octeon-linux-gnu-gcc -o conftest -s -O2   conftest.c  >&5
configure:3261: $? = 0
configure:3285: result: 
configure:3291: checking for suffix of object files
configure:3317: mips64-octeon-linux-gnu-gcc -c -s -O2  conftest.c >&5
configure:3320: $? = 0
configure:3343: result: o
configure:3347: checking whether we are using the GNU C compiler
configure:3376: mips64-octeon-linux-gnu-gcc -c -s -O2  conftest.c >&5
configure:3382: $? = 0
configure:3399: result: yes
configure:3404: checking whether mips64-octeon-linux-gnu-gcc accepts -g
configure:3434: mips64-octeon-linux-gnu-gcc -c -g  conftest.c >&5
configure:3440: $? = 0
configure:3539: result: yes
configure:3556: checking for mips64-octeon-linux-gnu-gcc option to accept ISO C89
configure:3630: mips64-octeon-linux-gnu-gcc  -c -s -O2  conftest.c >&5
configure:3636: $? = 0
configure:3659: result: none needed
configure:3718: checking how to run the C preprocessor
configure:3758: mips64-octeon-linux-gnu-gcc -E  conftest.c
configure:3764: $? = 0
configure:3795: mips64-octeon-linux-gnu-gcc -E  conftest.c
conftest.c:8:28: error: ac_nonexistent.h: No such file or directory
configure:3801: $? = 1
configure: failed program was:
| /* confdefs.h.  */
| #define PACKAGE_NAME ""
| #define PACKAGE_TARNAME ""
| #define PACKAGE_VERSION ""
| #define PACKAGE_STRING ""
| #define PACKAGE_BUGREPORT ""
| /* end confdefs.h.  */
| #include <ac_nonexistent.h>
configure:3834: result: mips64-octeon-linux-gnu-gcc -E
configure:3863: mips64-octeon-linux-gnu-gcc -E  conftest.c
configure:3869: $? = 0
configure:3900: mips64-octeon-linux-gnu-gcc -E  conftest.c
conftest.c:8:28: error: ac_nonexistent.h: No such file or directory
configure:3906: $? = 1
configure: failed program was:
| /* confdefs.h.  */
| #define PACKAGE_NAME ""
| #define PACKAGE_TARNAME ""
| #define PACKAGE_VERSION ""
| #define PACKAGE_STRING ""
| #define PACKAGE_BUGREPORT ""
| /* end confdefs.h.  */
| #include <ac_nonexistent.h>
configure:3944: checking for grep that handles long lines and -e
configure:4018: result: /bin/grep
configure:4023: checking for egrep
configure:4101: result: /bin/grep -E
configure:4106: checking for ANSI C header files
configure:4136: mips64-octeon-linux-gnu-gcc -c -s -O2  conftest.c >&5
configure:4142: $? = 0
configure:4270: result: yes
configure:4292: checking for fcntl.h
configure:4317: mips64-octeon-linux-gnu-gcc -c -s -O2  conftest.c >&5
configure:4323: $? = 0
configure:4339: result: yes
configure:4292: checking for sys/time.h
configure:4317: mips64-octeon-linux-gnu-gcc -c -s -O2  conftest.c >&5
configure:4323: $? = 0
configure:4339: result: yes
configure:4292: checking for unistd.h
configure:4317: mips64-octeon-linux-gnu-gcc -c -s -O2  conftest.c >&5
configure:4323: $? = 0
configure:4339: result: yes
configure:4292: checking for sys/sockio.h
configure:4317: mips64-octeon-linux-gnu-gcc -c -s -O2  conftest.c >&5
conftest.c:50:24: error: sys/sockio.h: No such file or directory
configure:4323: $? = 1
configure: failed program was:
| /* confdefs.h.  */
| #define PACKAGE_NAME ""
| #define PACKAGE_TARNAME ""
| #define PACKAGE_VERSION ""
| #define PACKAGE_STRING ""
| #define PACKAGE_BUGREPORT ""
| #define STDC_HEADERS 1
| #define HAVE_FCNTL_H 1
| #define HAVE_SYS_TIME_H 1
| #define HAVE_UNISTD_H 1
| /* end confdefs.h.  */
| #include <stdio.h>
| #ifdef HAVE_SYS_TYPES_H
| # include <sys/types.h>
| #endif
| #ifdef HAVE_SYS_STAT_H
| # include <sys/stat.h>
| #endif
| #ifdef STDC_HEADERS
| # include <stdlib.h>
| # include <stddef.h>
| #else
| # ifdef HAVE_STDLIB_H
| #  include <stdlib.h>
| # endif
| #endif
| #ifdef HAVE_STRING_H
| # if !defined STDC_HEADERS && defined HAVE_MEMORY_H
| #  include <memory.h>
| # endif
| # include <string.h>
| #endif
| #ifdef HAVE_STRINGS_H
| # include <strings.h>
| #endif
| #ifdef HAVE_INTTYPES_H
| # include <inttypes.h>
| #endif
| #ifdef HAVE_STDINT_H
| # include <stdint.h>
| #endif
| #ifdef HAVE_UNISTD_H
| # include <unistd.h>
| #endif
| #ifdef HAVE_SYS_PARAM_H
| # include <sys/param.h>
| #endif
| 
| 
| #include <sys/sockio.h>
configure:4339: result: no
configure:4292: checking for sys/select.h
configure:4317: mips64-octeon-linux-gnu-gcc -c -s -O2  conftest.c >&5
configure:4323: $? = 0
configure:4339: result: yes
configure:4292: checking for sys/param.h
configure:4317: mips64-octeon-linux-gnu-gcc -c -s -O2  conftest.c >&5
configure:4323: $? = 0
configure:4339: result: yes
configure:4292: checking for sys/sysctl.h
configure:4317: mips64-octeon-linux-gnu-gcc -c -s -O2  conftest.c >&5
configure:4323: $? = 0
configure:4339: result: yes
configure:4292: checking for net/if6.h
configure:4317: mips64-octeon-linux-gnu-gcc -c -s -O2  conftest.c >&5
conftest.c:53:21: error: net/if6.h: No such file or directory
configure:4323: $? = 1
configure: failed program was:
| /* confdefs.h.  */
| #define PACKAGE_NAME ""
| #define PACKAGE_TARNAME ""
| #define PACKAGE_VERSION ""
| #define PACKAGE_STRING ""
| #define PACKAGE_BUGREPORT ""
| #define STDC_HEADERS 1
| #define HAVE_FCNTL_H 1
| #define HAVE_SYS_TIME_H 1
| #define HAVE_UNISTD_H 1
| #define HAVE_SYS_SELECT_H 1
| #define HAVE_SYS_PARAM_H 1
| #define HAVE_SYS_SYSCTL_H 1
| /* end confdefs.h.  */
| #include <stdio.h>
| #ifdef HAVE_SYS_TYPES_H
| # include <sys/types.h>
| #endif
| #ifdef HAVE_SYS_STAT_H
| # include <sys/stat.h>
| #endif
| #ifdef STDC_HEADERS
| # include <stdlib.h>
| # include <stddef.h>
| #else
| # ifdef HAVE_STDLIB_H
| #  include <stdlib.h>
| # endif
| #endif
| #ifdef HAVE_STRING_H
| # if !defined STDC_HEADERS && defined HAVE_MEMORY_H
| #  include <memory.h>
| # endif
| # include <string.h>
| #endif
| #ifdef HAVE_STRINGS_H
| # include <strings.h>
| #endif
| #ifdef HAVE_INTTYPES_H
| # include <inttypes.h>
| #endif
| #ifdef HAVE_STDINT_H
| # include <stdint.h>
| #endif
| #ifdef HAVE_UNISTD_H
| # include <unistd.h>
| #endif
| #ifdef HAVE_SYS_PARAM_H
| # include <sys/param.h>
| #endif
| 
| 
| #include <net/if6.h>
configure:4339: result: no
configure:4351: checking for an ANSI C-conforming const
configure:4426: mips64-octeon-linux-gnu-gcc -c -s -O2  conftest.c >&5
configure:4432: $? = 0
configure:4447: result: yes
configure:4457: checking for inline
configure:4483: mips64-octeon-linux-gnu-gcc -c -s -O2  conftest.c >&5
configure:4489: $? = 0
configure:4507: result: inline
configure:4526: checking for working volatile
configure:4555: mips64-octeon-linux-gnu-gcc -c -s -O2  conftest.c >&5
configure:4561: $? = 0
configure:4576: result: yes
configure:4586: checking for sysctlbyname
configure:4642: mips64-octeon-linux-gnu-gcc -o conftest -s -O2   conftest.c  >&5
/tmp/cc42Naqs.o: In function `main':
conftest.c:(.text+0x18): undefined reference to `sysctlbyname'
collect2: ld returned 1 exit status
configure:4648: $? = 1
configure: failed program was:
| /* confdefs.h.  */
| #define PACKAGE_NAME ""
| #define PACKAGE_TARNAME ""
| #define PACKAGE_VERSION ""
| #define PACKAGE_STRING ""
| #define PACKAGE_BUGREPORT ""
| #define STDC_HEADERS 1
| #define HAVE_FCNTL_H 1
| #define HAVE_SYS_TIME_H 1
| #define HAVE_UNISTD_H 1
| #define HAVE_SYS_SELECT_H 1
| #define HAVE_SYS_PARAM_H 1
| #define HAVE_SYS_SYSCTL_H 1
| /* end confdefs.h.  */
| /* Define sysctlbyname to an innocuous variant, in case <limits.h> declares sysctlbyname.
|    For example, HP-UX 11i <limits.h> declares gettimeofday.  */
| #define sysctlbyname innocuous_sysctlbyname
| 
| /* System header to define __stub macros and hopefully few prototypes,
|     which can conflict with char sysctlbyname (); below.
|     Prefer <limits.h> to <assert.h> if __STDC__ is defined, since
|     <limits.h> exists even on freestanding compilers.  */
| 
| #ifdef __STDC__
| # include <limits.h>
| #else
| # include <assert.h>
| #endif
| 
| #undef sysctlbyname
| 
| /* Override any GCC internal prototype to avoid an error.
|    Use char because int might match the return type of a GCC
|    builtin and then its argument prototype would still apply.  */
| #ifdef __cplusplus
| extern "C"
| #endif
| char sysctlbyname ();
| /* The GNU C library defines this for functions which it implements
|     to always fail with ENOSYS.  Some functions are actually named
|     something starting with __ and the normal name is an alias.  */
| #if defined __stub_sysctlbyname || defined __stub___sysctlbyname
| choke me
| #endif
| 
| int
| main ()
| {
| return sysctlbyname ();
|   ;
|   return 0;
| }
configure:4665: result: no
configure:4679: checking for static inline breakage
configure:4712: mips64-octeon-linux-gnu-gcc -c -s -O2  conftest.c >&5
conftest.c:23: error: static declaration of 'foo1' follows non-static declaration
conftest.c:20: error: previous implicit declaration of 'foo1' was here
configure:4718: $? = 1
configure: failed program was:
| /* confdefs.h.  */
| #define PACKAGE_NAME ""
| #define PACKAGE_TARNAME ""
| #define PACKAGE_VERSION ""
| #define PACKAGE_STRING ""
| #define PACKAGE_BUGREPORT ""
| #define STDC_HEADERS 1
| #define HAVE_FCNTL_H 1
| #define HAVE_SYS_TIME_H 1
| #define HAVE_UNISTD_H 1
| #define HAVE_SYS_SELECT_H 1
| #define HAVE_SYS_PARAM_H 1
| #define HAVE_SYS_SYSCTL_H 1
| /* end confdefs.h.  */
| 
| int
| main ()
| {
| 
| 		foo1();
| 	}
| 
| 	static inline int foo1() {
| 		return 0;
| 	}
| 
| 	static inline int foo2() {
| 		return foo1();
| 
|   ;
|   return 0;
| }
configure:4729: result: yes
configure:4753: checking for sys/types.h
configure:4774: mips64-octeon-linux-gnu-gcc -c -s -O2  conftest.c >&5
configure:4780: $? = 0
configure:4796: result: yes
configure:4753: checking for sys/stat.h
configure:4774: mips64-octeon-linux-gnu-gcc -c -s -O2  conftest.c >&5
configure:4780: $? = 0
configure:4796: result: yes
configure:4753: checking for stdlib.h
configure:4774: mips64-octeon-linux-gnu-gcc -c -s -O2  conftest.c >&5
configure:4780: $? = 0
configure:4796: result: yes
configure:4753: checking for string.h
configure:4774: mips64-octeon-linux-gnu-gcc -c -s -O2  conftest.c >&5
configure:4780: $? = 0
configure:4796: result: yes
configure:4753: checking for memory.h
configure:4774: mips64-octeon-linux-gnu-gcc -c -s -O2  conftest.c >&5
configure:4780: $? = 0
configure:4796: result: yes
configure:4753: checking for strings.h
configure:4774: mips64-octeon-linux-gnu-gcc -c -s -O2  conftest.c >&5
configure:4780: $? = 0
configure:4796: result: yes
configure:4753: checking for inttypes.h
configure:4774: mips64-octeon-linux-gnu-gcc -c -s -O2  conftest.c >&5
configure:4780: $? = 0
configure:4796: result: yes
configure:4753: checking for stdint.h
configure:4774: mips64-octeon-linux-gnu-gcc -c -s -O2  conftest.c >&5
configure:4780: $? = 0
configure:4796: result: yes
configure:4753: checking for unistd.h
configure:4796: result: yes
configure:4808: checking for size_t
configure:4838: mips64-octeon-linux-gnu-gcc -c -s -O2  conftest.c >&5
configure:4844: $? = 0
configure:4859: result: yes
configure:4871: checking for ssize_t
configure:4901: mips64-octeon-linux-gnu-gcc -c -s -O2  conftest.c >&5
configure:4907: $? = 0
configure:4922: result: yes
configure:4934: checking for uintptr_t
configure:4964: mips64-octeon-linux-gnu-gcc -c -s -O2  conftest.c >&5
configure:4970: $? = 0
configure:4985: result: yes
configure:4997: checking for socklen_t
configure:5031: mips64-octeon-linux-gnu-gcc -c -s -O2  conftest.c >&5
configure:5037: $? = 0
configure:5052: result: yes
configure:5116: checking whether time.h and sys/time.h may both be included
configure:5146: mips64-octeon-linux-gnu-gcc -c -s -O2  conftest.c >&5
configure:5152: $? = 0
configure:5167: result: yes
configure:5177: checking for long long
configure:5200: mips64-octeon-linux-gnu-gcc -c -s -O2  conftest.c >&5
configure:5206: $? = 0
configure:5211: result: yes
configure:5229: checking for struct lifconf
configure:5260: mips64-octeon-linux-gnu-gcc -c -s -O2  conftest.c >&5
conftest.c: In function 'main':
conftest.c:36: error: storage size of 'lifconf' isn't known
configure:5266: $? = 1
configure: failed program was:
| /* confdefs.h.  */
| #define PACKAGE_NAME ""
| #define PACKAGE_TARNAME ""
| #define PACKAGE_VERSION ""
| #define PACKAGE_STRING ""
| #define PACKAGE_BUGREPORT ""
| #define STDC_HEADERS 1
| #define HAVE_FCNTL_H 1
| #define HAVE_SYS_TIME_H 1
| #define HAVE_UNISTD_H 1
| #define HAVE_SYS_SELECT_H 1
| #define HAVE_SYS_PARAM_H 1
| #define HAVE_SYS_SYSCTL_H 1
| #define inline
| #define HAVE_SYS_TYPES_H 1
| #define HAVE_SYS_STAT_H 1
| #define HAVE_STDLIB_H 1
| #define HAVE_STRING_H 1
| #define HAVE_MEMORY_H 1
| #define HAVE_STRINGS_H 1
| #define HAVE_INTTYPES_H 1
| #define HAVE_STDINT_H 1
| #define HAVE_UNISTD_H 1
| #define ISC_SOCKADDR_LEN_T socklen_t
| #define TIME_WITH_SYS_TIME 1
| /* end confdefs.h.  */
| 
| #include <sys/types.h>
| #include <sys/socket.h>
| #include <net/if.h>
| 
| int
| main ()
| {
| 
| struct lifconf lifconf;
| lifconf.lifc_len = 0;
| 
| 
|   ;
|   return 0;
| }
configure:5278: result: no
configure:5292: checking if unistd.h or sys/types.h defines fd_set
configure:5317: mips64-octeon-linux-gnu-gcc -c -s -O2  conftest.c >&5
configure:5323: $? = 0
configure:5328: result: yes
configure:5374: checking whether byte ordering is bigendian
configure:5407: mips64-octeon-linux-gnu-gcc -c -s -O2  conftest.c >&5
configure:5413: $? = 0
configure:5445: mips64-octeon-linux-gnu-gcc -c -s -O2  conftest.c >&5
configure:5451: $? = 0
configure:5591: result: yes
configure:5616: checking for OpenSSL library
configure:5641: result: no
configure:5987: checking for GSSAPI library
configure:6013: result: disabled
configure:6341: checking for random device
configure:6397: result: disabled
configure:6413: checking for arc4random
configure:6469: mips64-octeon-linux-gnu-gcc -o conftest -s -O2   conftest.c  >&5
/tmp/ccS8Lc9z.o: In function `main':
conftest.c:(.text+0x18): undefined reference to `arc4random'
collect2: ld returned 1 exit status
configure:6475: $? = 1
configure: failed program was:
| /* confdefs.h.  */
| #define PACKAGE_NAME ""
| #define PACKAGE_TARNAME ""
| #define PACKAGE_VERSION ""
| #define PACKAGE_STRING ""
| #define PACKAGE_BUGREPORT ""
| #define STDC_HEADERS 1
| #define HAVE_FCNTL_H 1
| #define HAVE_SYS_TIME_H 1
| #define HAVE_UNISTD_H 1
| #define HAVE_SYS_SELECT_H 1
| #define HAVE_SYS_PARAM_H 1
| #define HAVE_SYS_SYSCTL_H 1
| #define inline
| #define HAVE_SYS_TYPES_H 1
| #define HAVE_SYS_STAT_H 1
| #define HAVE_STDLIB_H 1
| #define HAVE_STRING_H 1
| #define HAVE_MEMORY_H 1
| #define HAVE_STRINGS_H 1
| #define HAVE_INTTYPES_H 1
| #define HAVE_STDINT_H 1
| #define HAVE_UNISTD_H 1
| #define ISC_SOCKADDR_LEN_T socklen_t
| #define TIME_WITH_SYS_TIME 1
| #define WORDS_BIGENDIAN 1
| /* end confdefs.h.  */
| /* Define arc4random to an innocuous variant, in case <limits.h> declares arc4random.
|    For example, HP-UX 11i <limits.h> declares gettimeofday.  */
| #define arc4random innocuous_arc4random
| 
| /* System header to define __stub macros and hopefully few prototypes,
|     which can conflict with char arc4random (); below.
|     Prefer <limits.h> to <assert.h> if __STDC__ is defined, since
|     <limits.h> exists even on freestanding compilers.  */
| 
| #ifdef __STDC__
| # include <limits.h>
| #else
| # include <assert.h>
| #endif
| 
| #undef arc4random
| 
| /* Override any GCC internal prototype to avoid an error.
|    Use char because int might match the return type of a GCC
|    builtin and then its argument prototype would still apply.  */
| #ifdef __cplusplus
| extern "C"
| #endif
| char arc4random ();
| /* The GNU C library defines this for functions which it implements
|     to always fail with ENOSYS.  Some functions are actually named
|     something starting with __ and the normal name is an alias.  */
| #if defined __stub_arc4random || defined __stub___arc4random
| choke me
| #endif
| 
| int
| main ()
| {
| return arc4random ();
|   ;
|   return 0;
| }
configure:6492: result: no
configure:6512: checking whether to build with thread support
configure:6594: result: no
configure:8236: checking for libxml2 library
configure:8283: result: no
configure:8291: checking for smf_enable_instance in -lscf
configure:8326: mips64-octeon-linux-gnu-gcc -o conftest -s -O2   conftest.c -lscf   >&5
/usr/local/cavium/tools-gcc-4.1/bin/../lib/gcc/mips64-octeon-linux-gnu/4.1.1/../../../../mips64-octeon-linux-gnu/bin/ld: cannot find -lscf
collect2: ld returned 1 exit status
configure:8332: $? = 1
configure: failed program was:
| /* confdefs.h.  */
| #define PACKAGE_NAME ""
| #define PACKAGE_TARNAME ""
| #define PACKAGE_VERSION ""
| #define PACKAGE_STRING ""
| #define PACKAGE_BUGREPORT ""
| #define STDC_HEADERS 1
| #define HAVE_FCNTL_H 1
| #define HAVE_SYS_TIME_H 1
| #define HAVE_UNISTD_H 1
| #define HAVE_SYS_SELECT_H 1
| #define HAVE_SYS_PARAM_H 1
| #define HAVE_SYS_SYSCTL_H 1
| #define inline
| #define HAVE_SYS_TYPES_H 1
| #define HAVE_SYS_STAT_H 1
| #define HAVE_STDLIB_H 1
| #define HAVE_STRING_H 1
| #define HAVE_MEMORY_H 1
| #define HAVE_STRINGS_H 1
| #define HAVE_INTTYPES_H 1
| #define HAVE_STDINT_H 1
| #define HAVE_UNISTD_H 1
| #define ISC_SOCKADDR_LEN_T socklen_t
| #define TIME_WITH_SYS_TIME 1
| #define WORDS_BIGENDIAN 1
| /* end confdefs.h.  */
| 
| /* Override any GCC internal prototype to avoid an error.
|    Use char because int might match the return type of a GCC
|    builtin and then its argument prototype would still apply.  */
| #ifdef __cplusplus
| extern "C"
| #endif
| char smf_enable_instance ();
| int
| main ()
| {
| return smf_enable_instance ();
|   ;
|   return 0;
| }
configure:8350: result: no
configure:8367: checking for flockfile
configure:8423: mips64-octeon-linux-gnu-gcc -o conftest -s -O2   conftest.c  >&5
configure:8429: $? = 0
configure:8446: result: yes
configure:8455: checking for getc_unlocked
configure:8511: mips64-octeon-linux-gnu-gcc -o conftest -s -O2   conftest.c  >&5
configure:8517: $? = 0
configure:8534: result: yes
configure:8547: checking whether to build with threads
configure:8553: result: no
configure:8587: checking if "mips64-octeon-linux-gnu-gcc" supports -fno-strict-aliasing
configure:8612: mips64-octeon-linux-gnu-gcc -c -fno-strict-aliasing  conftest.c >&5
configure:8618: $? = 0
configure:8634: result: yes
configure:8702: checking for catgets
configure:8758: mips64-octeon-linux-gnu-gcc -o conftest -s -O2   conftest.c  >&5
configure:8764: $? = 0
configure:8781: result: yes
configure:8806: checking for socket in -lsocket
configure:8841: mips64-octeon-linux-gnu-gcc -o conftest -s -O2   conftest.c -lsocket   >&5
/usr/local/cavium/tools-gcc-4.1/bin/../lib/gcc/mips64-octeon-linux-gnu/4.1.1/../../../../mips64-octeon-linux-gnu/bin/ld: cannot find -lsocket
collect2: ld returned 1 exit status
configure:8847: $? = 1
configure: failed program was:
| /* confdefs.h.  */
| #define PACKAGE_NAME ""
| #define PACKAGE_TARNAME ""
| #define PACKAGE_VERSION ""
| #define PACKAGE_STRING ""
| #define PACKAGE_BUGREPORT ""
| #define STDC_HEADERS 1
| #define HAVE_FCNTL_H 1
| #define HAVE_SYS_TIME_H 1
| #define HAVE_UNISTD_H 1
| #define HAVE_SYS_SELECT_H 1
| #define HAVE_SYS_PARAM_H 1
| #define HAVE_SYS_SYSCTL_H 1
| #define inline
| #define HAVE_SYS_TYPES_H 1
| #define HAVE_SYS_STAT_H 1
| #define HAVE_STDLIB_H 1
| #define HAVE_STRING_H 1
| #define HAVE_MEMORY_H 1
| #define HAVE_STRINGS_H 1
| #define HAVE_INTTYPES_H 1
| #define HAVE_STDINT_H 1
| #define HAVE_UNISTD_H 1
| #define ISC_SOCKADDR_LEN_T socklen_t
| #define TIME_WITH_SYS_TIME 1
| #define WORDS_BIGENDIAN 1
| #define HAVE_FLOCKFILE 1
| #define HAVE_GETCUNLOCKED 1
| #define HAVE_CATGETS 1
| /* end confdefs.h.  */
| 
| /* Override any GCC internal prototype to avoid an error.
|    Use char because int might match the return type of a GCC
|    builtin and then its argument prototype would still apply.  */
| #ifdef __cplusplus
| extern "C"
| #endif
| char socket ();
| int
| main ()
| {
| return socket ();
|   ;
|   return 0;
| }
configure:8865: result: no
configure:8877: checking for inet_ntoa in -lnsl
configure:8912: mips64-octeon-linux-gnu-gcc -o conftest -s -O2   conftest.c -lnsl   >&5
configure:8918: $? = 0
configure:8936: result: yes
configure:8953: checking whether to use purify
configure:9017: result: no
configure:24529: checking for IPv6 structures
configure:24555: mips64-octeon-linux-gnu-gcc -c -s -O2  conftest.c >&5
configure:24561: $? = 0
configure:24566: result: yes
configure:24584: checking for Kame IPv6 support
configure:24608: result: no
configure:24684: checking for in6_addr
configure:24713: mips64-octeon-linux-gnu-gcc -c -s -O2  conftest.c >&5
configure:24719: $? = 0
configure:24724: result: yes
configure:24742: checking for in6addr_any
configure:24772: mips64-octeon-linux-gnu-gcc -o conftest -s -O2   conftest.c -lnsl  >&5
configure:24778: $? = 0
configure:24784: result: yes
configure:24801: checking for in6addr_loopback
configure:24831: mips64-octeon-linux-gnu-gcc -o conftest -s -O2   conftest.c -lnsl  >&5
configure:24837: $? = 0
configure:24843: result: yes
configure:24860: checking for sin6_scope_id in struct sockaddr_in6
configure:24889: mips64-octeon-linux-gnu-gcc -c -s -O2  conftest.c >&5
configure:24895: $? = 0
configure:24900: result: yes
configure:24917: checking for in6_pktinfo
configure:24946: mips64-octeon-linux-gnu-gcc -c -s -O2  conftest.c >&5
configure:24952: $? = 0
configure:24957: result: yes
configure:25007: checking for struct if_laddrreq
configure:25033: mips64-octeon-linux-gnu-gcc -o conftest -s -O2   conftest.c -lnsl  >&5
conftest.c:34:21: error: net/if6.h: No such file or directory
conftest.c: In function 'main':
conftest.c:39: error: storage size of 'a' isn't known
configure:25039: $? = 1
configure: failed program was:
| /* confdefs.h.  */
| #define PACKAGE_NAME ""
| #define PACKAGE_TARNAME ""
| #define PACKAGE_VERSION ""
| #define PACKAGE_STRING ""
| #define PACKAGE_BUGREPORT ""
| #define STDC_HEADERS 1
| #define HAVE_FCNTL_H 1
| #define HAVE_SYS_TIME_H 1
| #define HAVE_UNISTD_H 1
| #define HAVE_SYS_SELECT_H 1
| #define HAVE_SYS_PARAM_H 1
| #define HAVE_SYS_SYSCTL_H 1
| #define inline
| #define HAVE_SYS_TYPES_H 1
| #define HAVE_SYS_STAT_H 1
| #define HAVE_STDLIB_H 1
| #define HAVE_STRING_H 1
| #define HAVE_MEMORY_H 1
| #define HAVE_STRINGS_H 1
| #define HAVE_INTTYPES_H 1
| #define HAVE_STDINT_H 1
| #define HAVE_UNISTD_H 1
| #define ISC_SOCKADDR_LEN_T socklen_t
| #define TIME_WITH_SYS_TIME 1
| #define WORDS_BIGENDIAN 1
| #define HAVE_FLOCKFILE 1
| #define HAVE_GETCUNLOCKED 1
| #define HAVE_CATGETS 1
| #define HAVE_LIBNSL 1
| /* end confdefs.h.  */
| 
| #include <sys/types.h>
| #include <net/if6.h>
| 
| int
| main ()
| {
|  struct if_laddrreq a;
|   ;
|   return 0;
| }
configure:25052: result: no
configure:25061: checking for struct if_laddrconf
configure:25087: mips64-octeon-linux-gnu-gcc -o conftest -s -O2   conftest.c -lnsl  >&5
conftest.c:34:21: error: net/if6.h: No such file or directory
conftest.c: In function 'main':
conftest.c:39: error: storage size of 'a' isn't known
configure:25093: $? = 1
configure: failed program was:
| /* confdefs.h.  */
| #define PACKAGE_NAME ""
| #define PACKAGE_TARNAME ""
| #define PACKAGE_VERSION ""
| #define PACKAGE_STRING ""
| #define PACKAGE_BUGREPORT ""
| #define STDC_HEADERS 1
| #define HAVE_FCNTL_H 1
| #define HAVE_SYS_TIME_H 1
| #define HAVE_UNISTD_H 1
| #define HAVE_SYS_SELECT_H 1
| #define HAVE_SYS_PARAM_H 1
| #define HAVE_SYS_SYSCTL_H 1
| #define inline
| #define HAVE_SYS_TYPES_H 1
| #define HAVE_SYS_STAT_H 1
| #define HAVE_STDLIB_H 1
| #define HAVE_STRING_H 1
| #define HAVE_MEMORY_H 1
| #define HAVE_STRINGS_H 1
| #define HAVE_INTTYPES_H 1
| #define HAVE_STDINT_H 1
| #define HAVE_UNISTD_H 1
| #define ISC_SOCKADDR_LEN_T socklen_t
| #define TIME_WITH_SYS_TIME 1
| #define WORDS_BIGENDIAN 1
| #define HAVE_FLOCKFILE 1
| #define HAVE_GETCUNLOCKED 1
| #define HAVE_CATGETS 1
| #define HAVE_LIBNSL 1
| /* end confdefs.h.  */
| 
| #include <sys/types.h>
| #include <net/if6.h>
| 
| int
| main ()
| {
|  struct if_laddrconf a;
|   ;
|   return 0;
| }
configure:25106: result: no
configure:25122: checking for inet_ntop with IPv6 support
configure:25125: result: assuming inet_ntop needed
configure:25190: checking for working inet_pton with IPv6 support
configure:25193: result: assuming target platform has working inet_pton
configure:25252: checking for inet_aton
configure:25278: mips64-octeon-linux-gnu-gcc -o conftest -s -O2   conftest.c -lnsl  >&5
configure:25284: $? = 0
configure:25290: result: yes
configure:25324: checking for sa_len in struct sockaddr
configure:25349: mips64-octeon-linux-gnu-gcc -c -s -O2  conftest.c >&5
conftest.c: In function 'main':
conftest.c:38: error: 'struct sockaddr' has no member named 'sa_len'
configure:25355: $? = 1
configure: failed program was:
| /* confdefs.h.  */
| #define PACKAGE_NAME ""
| #define PACKAGE_TARNAME ""
| #define PACKAGE_VERSION ""
| #define PACKAGE_STRING ""
| #define PACKAGE_BUGREPORT ""
| #define STDC_HEADERS 1
| #define HAVE_FCNTL_H 1
| #define HAVE_SYS_TIME_H 1
| #define HAVE_UNISTD_H 1
| #define HAVE_SYS_SELECT_H 1
| #define HAVE_SYS_PARAM_H 1
| #define HAVE_SYS_SYSCTL_H 1
| #define inline
| #define HAVE_SYS_TYPES_H 1
| #define HAVE_SYS_STAT_H 1
| #define HAVE_STDLIB_H 1
| #define HAVE_STRING_H 1
| #define HAVE_MEMORY_H 1
| #define HAVE_STRINGS_H 1
| #define HAVE_INTTYPES_H 1
| #define HAVE_STDINT_H 1
| #define HAVE_UNISTD_H 1
| #define ISC_SOCKADDR_LEN_T socklen_t
| #define TIME_WITH_SYS_TIME 1
| #define WORDS_BIGENDIAN 1
| #define HAVE_FLOCKFILE 1
| #define HAVE_GETCUNLOCKED 1
| #define HAVE_CATGETS 1
| #define HAVE_LIBNSL 1
| /* end confdefs.h.  */
| 
| #include <sys/types.h>
| #include <sys/socket.h>
| int
| main ()
| {
| struct sockaddr sa; sa.sa_len = 0; return (0);
|   ;
|   return 0;
| }
configure:25368: result: no
configure:25381: checking for struct msghdr flavor
configure:25406: mips64-octeon-linux-gnu-gcc -c -s -O2  conftest.c >&5
configure:25412: $? = 0
configure:25417: result: 4.4BSD
configure:25435: checking for type in_port_t
configure:25460: mips64-octeon-linux-gnu-gcc -c -s -O2  conftest.c >&5
configure:25466: $? = 0
configure:25471: result: yes
configure:25489: checking for struct addrinfo
configure:25513: mips64-octeon-linux-gnu-gcc -c -s -O2  conftest.c >&5
configure:25519: $? = 0
configure:25524: result: yes
configure:25546: checking for struct rrsetinfo
configure:25570: mips64-octeon-linux-gnu-gcc -c -s -O2  conftest.c >&5
conftest.c: In function 'main':
conftest.c:38: error: storage size of 'r' isn't known
configure:25576: $? = 1
configure: failed program was:
| /* confdefs.h.  */
| #define PACKAGE_NAME ""
| #define PACKAGE_TARNAME ""
| #define PACKAGE_VERSION ""
| #define PACKAGE_STRING ""
| #define PACKAGE_BUGREPORT ""
| #define STDC_HEADERS 1
| #define HAVE_FCNTL_H 1
| #define HAVE_SYS_TIME_H 1
| #define HAVE_UNISTD_H 1
| #define HAVE_SYS_SELECT_H 1
| #define HAVE_SYS_PARAM_H 1
| #define HAVE_SYS_SYSCTL_H 1
| #define inline
| #define HAVE_SYS_TYPES_H 1
| #define HAVE_SYS_STAT_H 1
| #define HAVE_STDLIB_H 1
| #define HAVE_STRING_H 1
| #define HAVE_MEMORY_H 1
| #define HAVE_STRINGS_H 1
| #define HAVE_INTTYPES_H 1
| #define HAVE_STDINT_H 1
| #define HAVE_UNISTD_H 1
| #define ISC_SOCKADDR_LEN_T socklen_t
| #define TIME_WITH_SYS_TIME 1
| #define WORDS_BIGENDIAN 1
| #define HAVE_FLOCKFILE 1
| #define HAVE_GETCUNLOCKED 1
| #define HAVE_CATGETS 1
| #define HAVE_LIBNSL 1
| #define HAVE_ADDRINFO 1
| /* end confdefs.h.  */
| 
| #include <netdb.h>
| int
| main ()
| {
| struct rrsetinfo r; return (0);
|   ;
|   return 0;
| }
configure:25588: result: no
configure:25596: checking for int sethostent
configure:25620: mips64-octeon-linux-gnu-gcc -c -s -O2  conftest.c >&5
conftest.c: In function 'main':
conftest.c:38: error: void value not ignored as it ought to be
configure:25626: $? = 1
configure: failed program was:
| /* confdefs.h.  */
| #define PACKAGE_NAME ""
| #define PACKAGE_TARNAME ""
| #define PACKAGE_VERSION ""
| #define PACKAGE_STRING ""
| #define PACKAGE_BUGREPORT ""
| #define STDC_HEADERS 1
| #define HAVE_FCNTL_H 1
| #define HAVE_SYS_TIME_H 1
| #define HAVE_UNISTD_H 1
| #define HAVE_SYS_SELECT_H 1
| #define HAVE_SYS_PARAM_H 1
| #define HAVE_SYS_SYSCTL_H 1
| #define inline
| #define HAVE_SYS_TYPES_H 1
| #define HAVE_SYS_STAT_H 1
| #define HAVE_STDLIB_H 1
| #define HAVE_STRING_H 1
| #define HAVE_MEMORY_H 1
| #define HAVE_STRINGS_H 1
| #define HAVE_INTTYPES_H 1
| #define HAVE_STDINT_H 1
| #define HAVE_UNISTD_H 1
| #define ISC_SOCKADDR_LEN_T socklen_t
| #define TIME_WITH_SYS_TIME 1
| #define WORDS_BIGENDIAN 1
| #define HAVE_FLOCKFILE 1
| #define HAVE_GETCUNLOCKED 1
| #define HAVE_CATGETS 1
| #define HAVE_LIBNSL 1
| #define HAVE_ADDRINFO 1
| /* end confdefs.h.  */
| 
| #include <netdb.h>
| int
| main ()
| {
| int i = sethostent(0); return(0);
|   ;
|   return 0;
| }
configure:25638: result: no
configure:25646: checking for int endhostent
configure:25670: mips64-octeon-linux-gnu-gcc -c -s -O2  conftest.c >&5
conftest.c: In function 'main':
conftest.c:38: error: void value not ignored as it ought to be
configure:25676: $? = 1
configure: failed program was:
| /* confdefs.h.  */
| #define PACKAGE_NAME ""
| #define PACKAGE_TARNAME ""
| #define PACKAGE_VERSION ""
| #define PACKAGE_STRING ""
| #define PACKAGE_BUGREPORT ""
| #define STDC_HEADERS 1
| #define HAVE_FCNTL_H 1
| #define HAVE_SYS_TIME_H 1
| #define HAVE_UNISTD_H 1
| #define HAVE_SYS_SELECT_H 1
| #define HAVE_SYS_PARAM_H 1
| #define HAVE_SYS_SYSCTL_H 1
| #define inline
| #define HAVE_SYS_TYPES_H 1
| #define HAVE_SYS_STAT_H 1
| #define HAVE_STDLIB_H 1
| #define HAVE_STRING_H 1
| #define HAVE_MEMORY_H 1
| #define HAVE_STRINGS_H 1
| #define HAVE_INTTYPES_H 1
| #define HAVE_STDINT_H 1
| #define HAVE_UNISTD_H 1
| #define ISC_SOCKADDR_LEN_T socklen_t
| #define TIME_WITH_SYS_TIME 1
| #define WORDS_BIGENDIAN 1
| #define HAVE_FLOCKFILE 1
| #define HAVE_GETCUNLOCKED 1
| #define HAVE_CATGETS 1
| #define HAVE_LIBNSL 1
| #define HAVE_ADDRINFO 1
| /* end confdefs.h.  */
| 
| #include <netdb.h>
| int
| main ()
| {
| int i = endhostent(); return(0);
|   ;
|   return 0;
| }
configure:25688: result: no
configure:25696: checking for getnetbyaddr(in_addr_t, ...)
configure:25721: mips64-octeon-linux-gnu-gcc -c -s -O2  conftest.c >&5
configure:25727: $? = 0
configure:25732: result: yes
configure:25747: checking for int setnetent
configure:25771: mips64-octeon-linux-gnu-gcc -c -s -O2  conftest.c >&5
conftest.c: In function 'main':
conftest.c:38: error: void value not ignored as it ought to be
configure:25777: $? = 1
configure: failed program was:
| /* confdefs.h.  */
| #define PACKAGE_NAME ""
| #define PACKAGE_TARNAME ""
| #define PACKAGE_VERSION ""
| #define PACKAGE_STRING ""
| #define PACKAGE_BUGREPORT ""
| #define STDC_HEADERS 1
| #define HAVE_FCNTL_H 1
| #define HAVE_SYS_TIME_H 1
| #define HAVE_UNISTD_H 1
| #define HAVE_SYS_SELECT_H 1
| #define HAVE_SYS_PARAM_H 1
| #define HAVE_SYS_SYSCTL_H 1
| #define inline
| #define HAVE_SYS_TYPES_H 1
| #define HAVE_SYS_STAT_H 1
| #define HAVE_STDLIB_H 1
| #define HAVE_STRING_H 1
| #define HAVE_MEMORY_H 1
| #define HAVE_STRINGS_H 1
| #define HAVE_INTTYPES_H 1
| #define HAVE_STDINT_H 1
| #define HAVE_UNISTD_H 1
| #define ISC_SOCKADDR_LEN_T socklen_t
| #define TIME_WITH_SYS_TIME 1
| #define WORDS_BIGENDIAN 1
| #define HAVE_FLOCKFILE 1
| #define HAVE_GETCUNLOCKED 1
| #define HAVE_CATGETS 1
| #define HAVE_LIBNSL 1
| #define HAVE_ADDRINFO 1
| /* end confdefs.h.  */
| 
| #include <netdb.h>
| int
| main ()
| {
| int i = setnetent(0); return(0);
|   ;
|   return 0;
| }
configure:25789: result: no
configure:25797: checking for int endnetent
configure:25821: mips64-octeon-linux-gnu-gcc -c -s -O2  conftest.c >&5
conftest.c: In function 'main':
conftest.c:38: error: void value not ignored as it ought to be
configure:25827: $? = 1
configure: failed program was:
| /* confdefs.h.  */
| #define PACKAGE_NAME ""
| #define PACKAGE_TARNAME ""
| #define PACKAGE_VERSION ""
| #define PACKAGE_STRING ""
| #define PACKAGE_BUGREPORT ""
| #define STDC_HEADERS 1
| #define HAVE_FCNTL_H 1
| #define HAVE_SYS_TIME_H 1
| #define HAVE_UNISTD_H 1
| #define HAVE_SYS_SELECT_H 1
| #define HAVE_SYS_PARAM_H 1
| #define HAVE_SYS_SYSCTL_H 1
| #define inline
| #define HAVE_SYS_TYPES_H 1
| #define HAVE_SYS_STAT_H 1
| #define HAVE_STDLIB_H 1
| #define HAVE_STRING_H 1
| #define HAVE_MEMORY_H 1
| #define HAVE_STRINGS_H 1
| #define HAVE_INTTYPES_H 1
| #define HAVE_STDINT_H 1
| #define HAVE_UNISTD_H 1
| #define ISC_SOCKADDR_LEN_T socklen_t
| #define TIME_WITH_SYS_TIME 1
| #define WORDS_BIGENDIAN 1
| #define HAVE_FLOCKFILE 1
| #define HAVE_GETCUNLOCKED 1
| #define HAVE_CATGETS 1
| #define HAVE_LIBNSL 1
| #define HAVE_ADDRINFO 1
| /* end confdefs.h.  */
| 
| #include <netdb.h>
| int
| main ()
| {
| int i = endnetent(); return(0);
|   ;
|   return 0;
| }
configure:25839: result: no
configure:25847: checking for gethostbyaddr(const void *, size_t, ...)
configure:25872: mips64-octeon-linux-gnu-gcc -c -s -O2  conftest.c >&5
conftest.c:35: error: conflicting types for 'gethostbyaddr'
/usr/local/cavium/tools-gcc-4.1/bin/../mips64-octeon-linux-gnu/sys-root/usr/include/netdb.h:132: error: previous declaration of 'gethostbyaddr' was here
configure:25878: $? = 1
configure: failed program was:
| /* confdefs.h.  */
| #define PACKAGE_NAME ""
| #define PACKAGE_TARNAME ""
| #define PACKAGE_VERSION ""
| #define PACKAGE_STRING ""
| #define PACKAGE_BUGREPORT ""
| #define STDC_HEADERS 1
| #define HAVE_FCNTL_H 1
| #define HAVE_SYS_TIME_H 1
| #define HAVE_UNISTD_H 1
| #define HAVE_SYS_SELECT_H 1
| #define HAVE_SYS_PARAM_H 1
| #define HAVE_SYS_SYSCTL_H 1
| #define inline
| #define HAVE_SYS_TYPES_H 1
| #define HAVE_SYS_STAT_H 1
| #define HAVE_STDLIB_H 1
| #define HAVE_STRING_H 1
| #define HAVE_MEMORY_H 1
| #define HAVE_STRINGS_H 1
| #define HAVE_INTTYPES_H 1
| #define HAVE_STDINT_H 1
| #define HAVE_UNISTD_H 1
| #define ISC_SOCKADDR_LEN_T socklen_t
| #define TIME_WITH_SYS_TIME 1
| #define WORDS_BIGENDIAN 1
| #define HAVE_FLOCKFILE 1
| #define HAVE_GETCUNLOCKED 1
| #define HAVE_CATGETS 1
| #define HAVE_LIBNSL 1
| #define HAVE_ADDRINFO 1
| /* end confdefs.h.  */
| 
| #include <netdb.h>
| struct hostent *gethostbyaddr(const void *, size_t, int);
| int
| main ()
| {
| return(0);
|   ;
|   return 0;
| }
configure:25890: result: no
configure:25898: checking for h_errno in netdb.h
configure:25922: mips64-octeon-linux-gnu-gcc -c -s -O2  conftest.c >&5
configure:25928: $? = 0
configure:25933: result: yes
configure:25948: checking for getipnodebyname
configure:26004: mips64-octeon-linux-gnu-gcc -o conftest -s -O2   conftest.c -lnsl  >&5
/tmp/ccLzaZPi.o: In function `main':
conftest.c:(.text+0x18): undefined reference to `getipnodebyname'
collect2: ld returned 1 exit status
configure:26010: $? = 1
configure: failed program was:
| /* confdefs.h.  */
| #define PACKAGE_NAME ""
| #define PACKAGE_TARNAME ""
| #define PACKAGE_VERSION ""
| #define PACKAGE_STRING ""
| #define PACKAGE_BUGREPORT ""
| #define STDC_HEADERS 1
| #define HAVE_FCNTL_H 1
| #define HAVE_SYS_TIME_H 1
| #define HAVE_UNISTD_H 1
| #define HAVE_SYS_SELECT_H 1
| #define HAVE_SYS_PARAM_H 1
| #define HAVE_SYS_SYSCTL_H 1
| #define inline
| #define HAVE_SYS_TYPES_H 1
| #define HAVE_SYS_STAT_H 1
| #define HAVE_STDLIB_H 1
| #define HAVE_STRING_H 1
| #define HAVE_MEMORY_H 1
| #define HAVE_STRINGS_H 1
| #define HAVE_INTTYPES_H 1
| #define HAVE_STDINT_H 1
| #define HAVE_UNISTD_H 1
| #define ISC_SOCKADDR_LEN_T socklen_t
| #define TIME_WITH_SYS_TIME 1
| #define WORDS_BIGENDIAN 1
| #define HAVE_FLOCKFILE 1
| #define HAVE_GETCUNLOCKED 1
| #define HAVE_CATGETS 1
| #define HAVE_LIBNSL 1
| #define HAVE_ADDRINFO 1
| /* end confdefs.h.  */
| /* Define getipnodebyname to an innocuous variant, in case <limits.h> declares getipnodebyname.
|    For example, HP-UX 11i <limits.h> declares gettimeofday.  */
| #define getipnodebyname innocuous_getipnodebyname
| 
| /* System header to define __stub macros and hopefully few prototypes,
|     which can conflict with char getipnodebyname (); below.
|     Prefer <limits.h> to <assert.h> if __STDC__ is defined, since
|     <limits.h> exists even on freestanding compilers.  */
| 
| #ifdef __STDC__
| # include <limits.h>
| #else
| # include <assert.h>
| #endif
| 
| #undef getipnodebyname
| 
| /* Override any GCC internal prototype to avoid an error.
|    Use char because int might match the return type of a GCC
|    builtin and then its argument prototype would still apply.  */
| #ifdef __cplusplus
| extern "C"
| #endif
| char getipnodebyname ();
| /* The GNU C library defines this for functions which it implements
|     to always fail with ENOSYS.  Some functions are actually named
|     something starting with __ and the normal name is an alias.  */
| #if defined __stub_getipnodebyname || defined __stub___getipnodebyname
| choke me
| #endif
| 
| int
| main ()
| {
| return getipnodebyname ();
|   ;
|   return 0;
| }
configure:26027: result: no
configure:26035: checking for getnameinfo
configure:26091: mips64-octeon-linux-gnu-gcc -o conftest -s -O2   conftest.c -lnsl  >&5
configure:26097: $? = 0
configure:26114: result: yes
configure:26122: checking for getaddrinfo
configure:26178: mips64-octeon-linux-gnu-gcc -o conftest -s -O2   conftest.c -lnsl  >&5
configure:26184: $? = 0
configure:26201: result: yes
configure:26213: checking for gai_strerror
configure:26269: mips64-octeon-linux-gnu-gcc -o conftest -s -O2   conftest.c -lnsl  >&5
configure:26275: $? = 0
configure:26292: result: yes
configure:26592: checking for interface list sysctl
configure:26618: result: no
configure:26636: checking for correctly declared strsep()
configure:26659: mips64-octeon-linux-gnu-gcc -o conftest -s -O2   conftest.c -lnsl  >&5
configure:26665: $? = 0
configure:26671: result: yes
configure:26685: checking for memmove
configure:26741: mips64-octeon-linux-gnu-gcc -o conftest -s -O2   conftest.c -lnsl  >&5
conftest.c:58: warning: conflicting types for built-in function 'memmove'
configure:26747: $? = 0
configure:26764: result: yes
configure:26774: checking for strtoul
configure:26830: mips64-octeon-linux-gnu-gcc -o conftest -s -O2   conftest.c -lnsl  >&5
configure:26836: $? = 0
configure:26853: result: yes
configure:26869: checking for strlcpy
configure:26925: mips64-octeon-linux-gnu-gcc -o conftest -s -O2   conftest.c -lnsl  >&5
/tmp/ccsa3vwS.o: In function `main':
conftest.c:(.text+0x18): undefined reference to `strlcpy'
collect2: ld returned 1 exit status
configure:26931: $? = 1
configure: failed program was:
| /* confdefs.h.  */
| #define PACKAGE_NAME ""
| #define PACKAGE_TARNAME ""
| #define PACKAGE_VERSION ""
| #define PACKAGE_STRING ""
| #define PACKAGE_BUGREPORT ""
| #define STDC_HEADERS 1
| #define HAVE_FCNTL_H 1
| #define HAVE_SYS_TIME_H 1
| #define HAVE_UNISTD_H 1
| #define HAVE_SYS_SELECT_H 1
| #define HAVE_SYS_PARAM_H 1
| #define HAVE_SYS_SYSCTL_H 1
| #define inline
| #define HAVE_SYS_TYPES_H 1
| #define HAVE_SYS_STAT_H 1
| #define HAVE_STDLIB_H 1
| #define HAVE_STRING_H 1
| #define HAVE_MEMORY_H 1
| #define HAVE_STRINGS_H 1
| #define HAVE_INTTYPES_H 1
| #define HAVE_STDINT_H 1
| #define HAVE_UNISTD_H 1
| #define ISC_SOCKADDR_LEN_T socklen_t
| #define TIME_WITH_SYS_TIME 1
| #define WORDS_BIGENDIAN 1
| #define HAVE_FLOCKFILE 1
| #define HAVE_GETCUNLOCKED 1
| #define HAVE_CATGETS 1
| #define HAVE_LIBNSL 1
| #define HAVE_ADDRINFO 1
| #define HAVE_GETADDRINFO 1
| #define HAVE_GAISTRERROR 1
| /* end confdefs.h.  */
| /* Define strlcpy to an innocuous variant, in case <limits.h> declares strlcpy.
|    For example, HP-UX 11i <limits.h> declares gettimeofday.  */
| #define strlcpy innocuous_strlcpy
| 
| /* System header to define __stub macros and hopefully few prototypes,
|     which can conflict with char strlcpy (); below.
|     Prefer <limits.h> to <assert.h> if __STDC__ is defined, since
|     <limits.h> exists even on freestanding compilers.  */
| 
| #ifdef __STDC__
| # include <limits.h>
| #else
| # include <assert.h>
| #endif
| 
| #undef strlcpy
| 
| /* Override any GCC internal prototype to avoid an error.
|    Use char because int might match the return type of a GCC
|    builtin and then its argument prototype would still apply.  */
| #ifdef __cplusplus
| extern "C"
| #endif
| char strlcpy ();
| /* The GNU C library defines this for functions which it implements
|     to always fail with ENOSYS.  Some functions are actually named
|     something starting with __ and the normal name is an alias.  */
| #if defined __stub_strlcpy || defined __stub___strlcpy
| choke me
| #endif
| 
| int
| main ()
| {
| return strlcpy ();
|   ;
|   return 0;
| }
configure:26948: result: no
configure:26958: checking for strlcat
configure:27014: mips64-octeon-linux-gnu-gcc -o conftest -s -O2   conftest.c -lnsl  >&5
/tmp/ccKsMzB6.o: In function `main':
conftest.c:(.text+0x18): undefined reference to `strlcat'
collect2: ld returned 1 exit status
configure:27020: $? = 1
configure: failed program was:
| /* confdefs.h.  */
| #define PACKAGE_NAME ""
| #define PACKAGE_TARNAME ""
| #define PACKAGE_VERSION ""
| #define PACKAGE_STRING ""
| #define PACKAGE_BUGREPORT ""
| #define STDC_HEADERS 1
| #define HAVE_FCNTL_H 1
| #define HAVE_SYS_TIME_H 1
| #define HAVE_UNISTD_H 1
| #define HAVE_SYS_SELECT_H 1
| #define HAVE_SYS_PARAM_H 1
| #define HAVE_SYS_SYSCTL_H 1
| #define inline
| #define HAVE_SYS_TYPES_H 1
| #define HAVE_SYS_STAT_H 1
| #define HAVE_STDLIB_H 1
| #define HAVE_STRING_H 1
| #define HAVE_MEMORY_H 1
| #define HAVE_STRINGS_H 1
| #define HAVE_INTTYPES_H 1
| #define HAVE_STDINT_H 1
| #define HAVE_UNISTD_H 1
| #define ISC_SOCKADDR_LEN_T socklen_t
| #define TIME_WITH_SYS_TIME 1
| #define WORDS_BIGENDIAN 1
| #define HAVE_FLOCKFILE 1
| #define HAVE_GETCUNLOCKED 1
| #define HAVE_CATGETS 1
| #define HAVE_LIBNSL 1
| #define HAVE_ADDRINFO 1
| #define HAVE_GETADDRINFO 1
| #define HAVE_GAISTRERROR 1
| /* end confdefs.h.  */
| /* Define strlcat to an innocuous variant, in case <limits.h> declares strlcat.
|    For example, HP-UX 11i <limits.h> declares gettimeofday.  */
| #define strlcat innocuous_strlcat
| 
| /* System header to define __stub macros and hopefully few prototypes,
|     which can conflict with char strlcat (); below.
|     Prefer <limits.h> to <assert.h> if __STDC__ is defined, since
|     <limits.h> exists even on freestanding compilers.  */
| 
| #ifdef __STDC__
| # include <limits.h>
| #else
| # include <assert.h>
| #endif
| 
| #undef strlcat
| 
| /* Override any GCC internal prototype to avoid an error.
|    Use char because int might match the return type of a GCC
|    builtin and then its argument prototype would still apply.  */
| #ifdef __cplusplus
| extern "C"
| #endif
| char strlcat ();
| /* The GNU C library defines this for functions which it implements
|     to always fail with ENOSYS.  Some functions are actually named
|     something starting with __ and the normal name is an alias.  */
| #if defined __stub_strlcat || defined __stub___strlcat
| choke me
| #endif
| 
| int
| main ()
| {
| return strlcat ();
|   ;
|   return 0;
| }
configure:27037: result: no
configure:27049: checking sprintf
configure:27074: mips64-octeon-linux-gnu-gcc -c -s -O2  conftest.c >&5
conftest.c: In function 'main':
conftest.c:41: error: invalid type argument of 'unary *'
configure:27080: $? = 1
configure: failed program was:
| /* confdefs.h.  */
| #define PACKAGE_NAME ""
| #define PACKAGE_TARNAME ""
| #define PACKAGE_VERSION ""
| #define PACKAGE_STRING ""
| #define PACKAGE_BUGREPORT ""
| #define STDC_HEADERS 1
| #define HAVE_FCNTL_H 1
| #define HAVE_SYS_TIME_H 1
| #define HAVE_UNISTD_H 1
| #define HAVE_SYS_SELECT_H 1
| #define HAVE_SYS_PARAM_H 1
| #define HAVE_SYS_SYSCTL_H 1
| #define inline
| #define HAVE_SYS_TYPES_H 1
| #define HAVE_SYS_STAT_H 1
| #define HAVE_STDLIB_H 1
| #define HAVE_STRING_H 1
| #define HAVE_MEMORY_H 1
| #define HAVE_STRINGS_H 1
| #define HAVE_INTTYPES_H 1
| #define HAVE_STDINT_H 1
| #define HAVE_UNISTD_H 1
| #define ISC_SOCKADDR_LEN_T socklen_t
| #define TIME_WITH_SYS_TIME 1
| #define WORDS_BIGENDIAN 1
| #define HAVE_FLOCKFILE 1
| #define HAVE_GETCUNLOCKED 1
| #define HAVE_CATGETS 1
| #define HAVE_LIBNSL 1
| #define HAVE_ADDRINFO 1
| #define HAVE_GETADDRINFO 1
| #define HAVE_GAISTRERROR 1
| /* end confdefs.h.  */
| 
| #include <stdio.h>
| 
| int
| main ()
| {
|  char buf[2]; return(*sprintf(buf,"x"));
|   ;
|   return 0;
| }
configure:27104: checking for vsnprintf
configure:27160: mips64-octeon-linux-gnu-gcc -o conftest -s -O2   conftest.c -lnsl  >&5
conftest.c:58: warning: conflicting types for built-in function 'vsnprintf'
configure:27166: $? = 0
configure:27183: result: yes
configure:27200: checking for strerror
configure:27256: mips64-octeon-linux-gnu-gcc -o conftest -s -O2   conftest.c -lnsl  >&5
configure:27262: $? = 0
configure:27279: result: yes
configure:27336: checking printf format modifier for 64-bit integers
configure:27339: result: assuming target platform uses ll
configure:27407: checking for chroot
configure:27463: mips64-octeon-linux-gnu-gcc -o conftest -s -O2   conftest.c -lnsl  >&5
configure:27469: $? = 0
configure:27486: result: yes
configure:27518: checking linux/capability.h usability
configure:27535: mips64-octeon-linux-gnu-gcc -c -s -O2  conftest.c >&5
configure:27541: $? = 0
configure:27555: result: yes
configure:27559: checking linux/capability.h presence
configure:27574: mips64-octeon-linux-gnu-gcc -E  conftest.c
configure:27580: $? = 0
configure:27594: result: yes
configure:27622: checking for linux/capability.h
configure:27630: result: yes
configure:27518: checking sys/capability.h usability
configure:27535: mips64-octeon-linux-gnu-gcc -c -s -O2  conftest.c >&5
conftest.c:71:28: error: sys/capability.h: No such file or directory
configure:27541: $? = 1
configure: failed program was:
| /* confdefs.h.  */
| #define PACKAGE_NAME ""
| #define PACKAGE_TARNAME ""
| #define PACKAGE_VERSION ""
| #define PACKAGE_STRING ""
| #define PACKAGE_BUGREPORT ""
| #define STDC_HEADERS 1
| #define HAVE_FCNTL_H 1
| #define HAVE_SYS_TIME_H 1
| #define HAVE_UNISTD_H 1
| #define HAVE_SYS_SELECT_H 1
| #define HAVE_SYS_PARAM_H 1
| #define HAVE_SYS_SYSCTL_H 1
| #define inline
| #define HAVE_SYS_TYPES_H 1
| #define HAVE_SYS_STAT_H 1
| #define HAVE_STDLIB_H 1
| #define HAVE_STRING_H 1
| #define HAVE_MEMORY_H 1
| #define HAVE_STRINGS_H 1
| #define HAVE_INTTYPES_H 1
| #define HAVE_STDINT_H 1
| #define HAVE_UNISTD_H 1
| #define ISC_SOCKADDR_LEN_T socklen_t
| #define TIME_WITH_SYS_TIME 1
| #define WORDS_BIGENDIAN 1
| #define HAVE_FLOCKFILE 1
| #define HAVE_GETCUNLOCKED 1
| #define HAVE_CATGETS 1
| #define HAVE_LIBNSL 1
| #define HAVE_ADDRINFO 1
| #define HAVE_GETADDRINFO 1
| #define HAVE_GAISTRERROR 1
| #define HAVE_STRERROR 1
| #define HAVE_CHROOT 1
| #define HAVE_LINUX_CAPABILITY_H 1
| /* end confdefs.h.  */
| #include <stdio.h>
| #ifdef HAVE_SYS_TYPES_H
| # include <sys/types.h>
| #endif
| #ifdef HAVE_SYS_STAT_H
| # include <sys/stat.h>
| #endif
| #ifdef STDC_HEADERS
| # include <stdlib.h>
| # include <stddef.h>
| #else
| # ifdef HAVE_STDLIB_H
| #  include <stdlib.h>
| # endif
| #endif
| #ifdef HAVE_STRING_H
| # if !defined STDC_HEADERS && defined HAVE_MEMORY_H
| #  include <memory.h>
| # endif
| # include <string.h>
| #endif
| #ifdef HAVE_STRINGS_H
| # include <strings.h>
| #endif
| #ifdef HAVE_INTTYPES_H
| # include <inttypes.h>
| #endif
| #ifdef HAVE_STDINT_H
| # include <stdint.h>
| #endif
| #ifdef HAVE_UNISTD_H
| # include <unistd.h>
| #endif
| #include <sys/capability.h>
configure:27555: result: no
configure:27559: checking sys/capability.h presence
configure:27574: mips64-octeon-linux-gnu-gcc -E  conftest.c
conftest.c:38:28: error: sys/capability.h: No such file or directory
configure:27580: $? = 1
configure: failed program was:
| /* confdefs.h.  */
| #define PACKAGE_NAME ""
| #define PACKAGE_TARNAME ""
| #define PACKAGE_VERSION ""
| #define PACKAGE_STRING ""
| #define PACKAGE_BUGREPORT ""
| #define STDC_HEADERS 1
| #define HAVE_FCNTL_H 1
| #define HAVE_SYS_TIME_H 1
| #define HAVE_UNISTD_H 1
| #define HAVE_SYS_SELECT_H 1
| #define HAVE_SYS_PARAM_H 1
| #define HAVE_SYS_SYSCTL_H 1
| #define inline
| #define HAVE_SYS_TYPES_H 1
| #define HAVE_SYS_STAT_H 1
| #define HAVE_STDLIB_H 1
| #define HAVE_STRING_H 1
| #define HAVE_MEMORY_H 1
| #define HAVE_STRINGS_H 1
| #define HAVE_INTTYPES_H 1
| #define HAVE_STDINT_H 1
| #define HAVE_UNISTD_H 1
| #define ISC_SOCKADDR_LEN_T socklen_t
| #define TIME_WITH_SYS_TIME 1
| #define WORDS_BIGENDIAN 1
| #define HAVE_FLOCKFILE 1
| #define HAVE_GETCUNLOCKED 1
| #define HAVE_CATGETS 1
| #define HAVE_LIBNSL 1
| #define HAVE_ADDRINFO 1
| #define HAVE_GETADDRINFO 1
| #define HAVE_GAISTRERROR 1
| #define HAVE_STRERROR 1
| #define HAVE_CHROOT 1
| #define HAVE_LINUX_CAPABILITY_H 1
| /* end confdefs.h.  */
| #include <sys/capability.h>
configure:27594: result: no
configure:27622: checking for sys/capability.h
configure:27630: result: no
configure:27644: checking for cap_set_proc in -lcap
configure:27679: mips64-octeon-linux-gnu-gcc -o conftest -s -O2   conftest.c -lcap  -lnsl  >&5
/usr/local/cavium/tools-gcc-4.1/bin/../lib/gcc/mips64-octeon-linux-gnu/4.1.1/../../../../mips64-octeon-linux-gnu/bin/ld: cannot find -lcap
collect2: ld returned 1 exit status
configure:27685: $? = 1
configure: failed program was:
| /* confdefs.h.  */
| #define PACKAGE_NAME ""
| #define PACKAGE_TARNAME ""
| #define PACKAGE_VERSION ""
| #define PACKAGE_STRING ""
| #define PACKAGE_BUGREPORT ""
| #define STDC_HEADERS 1
| #define HAVE_FCNTL_H 1
| #define HAVE_SYS_TIME_H 1
| #define HAVE_UNISTD_H 1
| #define HAVE_SYS_SELECT_H 1
| #define HAVE_SYS_PARAM_H 1
| #define HAVE_SYS_SYSCTL_H 1
| #define inline
| #define HAVE_SYS_TYPES_H 1
| #define HAVE_SYS_STAT_H 1
| #define HAVE_STDLIB_H 1
| #define HAVE_STRING_H 1
| #define HAVE_MEMORY_H 1
| #define HAVE_STRINGS_H 1
| #define HAVE_INTTYPES_H 1
| #define HAVE_STDINT_H 1
| #define HAVE_UNISTD_H 1
| #define ISC_SOCKADDR_LEN_T socklen_t
| #define TIME_WITH_SYS_TIME 1
| #define WORDS_BIGENDIAN 1
| #define HAVE_FLOCKFILE 1
| #define HAVE_GETCUNLOCKED 1
| #define HAVE_CATGETS 1
| #define HAVE_LIBNSL 1
| #define HAVE_ADDRINFO 1
| #define HAVE_GETADDRINFO 1
| #define HAVE_GAISTRERROR 1
| #define HAVE_STRERROR 1
| #define HAVE_CHROOT 1
| #define HAVE_LINUX_CAPABILITY_H 1
| /* end confdefs.h.  */
| 
| /* Override any GCC internal prototype to avoid an error.
|    Use char because int might match the return type of a GCC
|    builtin and then its argument prototype would still apply.  */
| #ifdef __cplusplus
| extern "C"
| #endif
| char cap_set_proc ();
| int
| main ()
| {
| return cap_set_proc ();
|   ;
|   return 0;
| }
configure:27703: result: no
configure:27733: checking sys/prctl.h usability
configure:27750: mips64-octeon-linux-gnu-gcc -c -s -O2  conftest.c >&5
configure:27756: $? = 0
configure:27770: result: yes
configure:27774: checking sys/prctl.h presence
configure:27789: mips64-octeon-linux-gnu-gcc -E  conftest.c
configure:27795: $? = 0
configure:27809: result: yes
configure:27837: checking for sys/prctl.h
configure:27845: result: yes
configure:27874: checking sys/un.h usability
configure:27891: mips64-octeon-linux-gnu-gcc -c -s -O2  conftest.c >&5
configure:27897: $? = 0
configure:27911: result: yes
configure:27915: checking sys/un.h presence
configure:27930: mips64-octeon-linux-gnu-gcc -E  conftest.c
configure:27936: $? = 0
configure:27950: result: yes
configure:27978: checking for sys/un.h
configure:27986: result: yes
configure:28025: checking for tzset
configure:28081: mips64-octeon-linux-gnu-gcc -o conftest -s -O2   conftest.c -lnsl  >&5
configure:28087: $? = 0
configure:28104: result: yes
configure:28114: checking for optarg decarartion
configure:28139: mips64-octeon-linux-gnu-gcc -c -s -O2  conftest.c >&5
configure:28145: $? = 0
configure:28150: result: yes
configure:28171: checking for type rlim_t
configure:28197: mips64-octeon-linux-gnu-gcc -c -s -O2  conftest.c >&5
configure:28203: $? = 0
configure:28208: result: yes
configure:28654: checking for strings.h
configure:28660: result: yes
configure:28798: checking for if_nametoindex
configure:28854: mips64-octeon-linux-gnu-gcc -o conftest -s -O2   conftest.c -lnsl  >&5
configure:28860: $? = 0
configure:28877: result: yes
configure:28990: checking architecture type for atomic operations
configure:29068: result: mips
configure:29073: checking compiler support for inline assembly code
configure:29264: result: gcc
configure:29379: checking for latex
configure:29397: found /usr/bin/latex
configure:29409: result: /usr/bin/latex
configure:29427: checking for pdflatex
configure:29445: found /usr/bin/pdflatex
configure:29457: result: /usr/bin/pdflatex
configure:29479: checking for w3m
configure:29497: found /usr/bin/w3m
configure:29509: result: /usr/bin/w3m
configure:29529: checking for xsltproc
configure:29547: found /usr/bin/xsltproc
configure:29560: result: /usr/bin/xsltproc
configure:29576: checking for xmllint
configure:29594: found /usr/bin/xmllint
configure:29607: result: /usr/bin/xmllint
configure:29623: checking for doxygen
configure:29641: found /usr/bin/doxygen
configure:29654: result: /usr/bin/doxygen
configure:29685: checking for Docbook-XSL path
configure:29697: result: auto
configure:29714: checking for html/docbook.xsl
configure:29729: result: "not found"
configure:29737: checking for xhtml/docbook.xsl
configure:29752: result: "not found"
configure:29760: checking for manpages/docbook.xsl
configure:29775: result: "not found"
configure:29783: checking for html/chunk.xsl
configure:29798: result: "not found"
configure:29806: checking for xhtml/chunk.xsl
configure:29821: result: "not found"
configure:29829: checking for html/chunktoc.xsl
configure:29844: result: "not found"
configure:29852: checking for xhtml/chunktoc.xsl
configure:29867: result: "not found"
configure:29875: checking for html/maketoc.xsl
configure:29890: result: "not found"
configure:29898: checking for xhtml/maketoc.xsl
configure:29913: result: "not found"
configure:29934: checking for db2latex/xsl/docbook.xsl
configure:29949: result: "not found"
configure:29961: checking for db2latex/xsl/figures
configure:29976: result: not found
configure:30094: checking locale.h usability
configure:30111: mips64-octeon-linux-gnu-gcc -c -s -O2  conftest.c >&5
configure:30117: $? = 0
configure:30131: result: yes
configure:30135: checking locale.h presence
configure:30150: mips64-octeon-linux-gnu-gcc -E  conftest.c
configure:30156: $? = 0
configure:30170: result: yes
configure:30198: checking for locale.h
configure:30206: result: yes
configure:30223: checking for setlocale
configure:30279: mips64-octeon-linux-gnu-gcc -o conftest -s -O2   conftest.c -lnsl  >&5
configure:30285: $? = 0
configure:30303: result: yes
configure:30427: checking for Postgres DLZ driver
configure:30526: result: no
configure:30557: checking for MySQL DLZ driver
configure:30593: result: no
configure:30624: checking for Berkeley DB DLZ driver
configure:30637: result: no
configure:30777: checking for file system DLZ driver
configure:30790: result: no
configure:30821: checking for LDAP DLZ driver
configure:30857: result: no
configure:30888: checking for ODBC DLZ driver
configure:30915: result: no
configure:30953: checking for stub DLZ driver
configure:30966: result: no
configure:31015: checking for DLZ
configure:31027: result: no
configure:31260: creating ./config.status

## ---------------------- ##
## Running config.status. ##
## ---------------------- ##

This file was extended by config.status, which was
generated by GNU Autoconf 2.61.  Invocation command line was

  CONFIG_FILES    = 
  CONFIG_HEADERS  = 
  CONFIG_LINKS    = 
  CONFIG_COMMANDS = 
  $ ./config.status 

on localhost.localdomain

config.status:901: creating make/rules
config.status:1036: WARNING:  make/rules.in seems to ignore the --datarootdir setting
config.status:901: creating make/includes
config.status:901: creating Makefile
config.status:901: creating make/Makefile
config.status:901: creating make/mkdep
config.status:901: creating lib/Makefile
config.status:901: creating lib/isc/Makefile
config.status:901: creating lib/isc/include/Makefile
config.status:901: creating lib/isc/include/isc/Makefile
config.status:901: creating lib/isc/include/isc/platform.h
config.status:901: creating lib/isc/unix/Makefile
config.status:901: creating lib/isc/unix/include/Makefile
config.status:901: creating lib/isc/unix/include/isc/Makefile
config.status:901: creating lib/isc/nls/Makefile
config.status:901: creating lib/isc/nothreads/Makefile
config.status:901: creating lib/isc/nothreads/include/Makefile
config.status:901: creating lib/isc/nothreads/include/isc/Makefile
config.status:901: creating lib/isc/mips/Makefile
config.status:901: creating lib/isc/mips/include/Makefile
config.status:901: creating lib/isc/mips/include/isc/Makefile
config.status:901: creating lib/isccc/Makefile
config.status:901: creating lib/isccc/include/Makefile
config.status:901: creating lib/isccc/include/isccc/Makefile
config.status:901: creating lib/isccfg/Makefile
config.status:901: creating lib/isccfg/include/Makefile
config.status:901: creating lib/isccfg/include/isccfg/Makefile
config.status:901: creating lib/dns/Makefile
config.status:901: creating lib/dns/include/Makefile
config.status:901: creating lib/dns/include/dns/Makefile
config.status:901: creating lib/dns/include/dst/Makefile
config.status:901: creating lib/bind9/Makefile
config.status:901: creating lib/bind9/include/Makefile
config.status:901: creating lib/bind9/include/bind9/Makefile
config.status:901: creating lib/lwres/Makefile
config.status:901: creating lib/lwres/include/Makefile
config.status:901: creating lib/lwres/include/lwres/Makefile
config.status:901: creating lib/lwres/include/lwres/netdb.h
config.status:901: creating lib/lwres/include/lwres/platform.h
config.status:901: creating lib/lwres/man/Makefile
config.status:901: creating lib/lwres/unix/Makefile
config.status:901: creating lib/lwres/unix/include/Makefile
config.status:901: creating lib/lwres/unix/include/lwres/Makefile
config.status:901: creating lib/tests/Makefile
config.status:901: creating lib/tests/include/Makefile
config.status:901: creating lib/tests/include/tests/Makefile
config.status:901: creating bin/Makefile
config.status:901: creating bin/check/Makefile
config.status:901: creating bin/named/Makefile
config.status:901: creating bin/named/unix/Makefile
config.status:901: creating bin/rndc/Makefile
config.status:901: creating bin/rndc/unix/Makefile
config.status:901: creating bin/dig/Makefile
config.status:901: creating bin/nsupdate/Makefile
config.status:901: creating bin/tests/Makefile
config.status:901: creating bin/tests/names/Makefile
config.status:901: creating bin/tests/master/Makefile
config.status:901: creating bin/tests/rbt/Makefile
config.status:901: creating bin/tests/db/Makefile
config.status:901: creating bin/tests/tasks/Makefile
config.status:901: creating bin/tests/timers/Makefile
config.status:901: creating bin/tests/dst/Makefile
config.status:901: creating bin/tests/mem/Makefile
config.status:901: creating bin/tests/net/Makefile
config.status:901: creating bin/tests/sockaddr/Makefile
config.status:901: creating bin/tests/system/Makefile
config.status:901: creating bin/tests/system/conf.sh
config.status:901: creating bin/tests/system/lwresd/Makefile
config.status:901: creating bin/tests/system/tkey/Makefile
config.status:901: creating bin/tests/headerdep_test.sh
config.status:901: creating bin/dnssec/Makefile
config.status:901: creating doc/Makefile
config.status:901: creating doc/arm/Makefile
config.status:901: creating doc/misc/Makefile
config.status:901: creating isc-config.sh
config.status:901: creating doc/xsl/Makefile
config.status:901: creating doc/xsl/isc-docbook-chunk.xsl
config.status:901: creating doc/xsl/isc-docbook-html.xsl
config.status:901: creating doc/xsl/isc-docbook-latex.xsl
config.status:901: creating doc/xsl/isc-manpage.xsl
config.status:901: creating doc/doxygen/Doxyfile
config.status:901: creating doc/doxygen/Makefile
config.status:901: creating doc/doxygen/doxygen-input-filter
config.status:901: creating config.h
config.status:1146: config.h is unchanged
config.status:1159: executing chmod commands
configure:32716: === configuring in lib/bind (/home/gavin/CA2/linux/embedded_rootfs/pkg_addon/bind-9.5.0-P2/lib/bind)
configure:32819: running /bin/sh ./configure '--prefix=/tmp/root-rootfs'  '--host=mips64-octeon-linux-gnu' '--sysconfdir=/etc' '--localstatedir=/var' '--libdir=/home/gavin/CA2/linux/embedded_rootfs/pkg_addon/bind-9.5.0-P2/lib-tmp' '--includedir=/home/gavin/CA2/linux/embedded_rootfs/pkg_addon/bind-9.5.0-P2/include-tmp' '--mandir=/home/gavin/CA2/linux/embedded_rootfs/pkg_addon/bind-9.5.0-P2/man-tmp' '--enable-shared=yes' '--disable-static' '--disable-ipv6' '--enable-getifaddrs=no' '--with-openssl=no' '--with-libxml2=no' '--with-randomdev=no' 'BUILD_CC=gcc' 'CFLAGS=-s -O2' 'host_alias=mips64-octeon-linux-gnu' --cache-file=/dev/null --srcdir=.

## ---------------- ##
## Cache variables. ##
## ---------------- ##

ac_cv_build=i686-pc-linux-gnu
ac_cv_c_bigendian=yes
ac_cv_c_compiler_gnu=yes
ac_cv_c_const=yes
ac_cv_c_inline=inline
ac_cv_c_volatile=yes
ac_cv_env_CCC_set=
ac_cv_env_CCC_value=
ac_cv_env_CC_set=
ac_cv_env_CC_value=
ac_cv_env_CFLAGS_set=set
ac_cv_env_CFLAGS_value='-s -O2'
ac_cv_env_CPPFLAGS_set=
ac_cv_env_CPPFLAGS_value=
ac_cv_env_CPP_set=
ac_cv_env_CPP_value=
ac_cv_env_CXXCPP_set=
ac_cv_env_CXXCPP_value=
ac_cv_env_CXXFLAGS_set=
ac_cv_env_CXXFLAGS_value=
ac_cv_env_CXX_set=
ac_cv_env_CXX_value=
ac_cv_env_F77_set=
ac_cv_env_F77_value=
ac_cv_env_FFLAGS_set=
ac_cv_env_FFLAGS_value=
ac_cv_env_LDFLAGS_set=
ac_cv_env_LDFLAGS_value=
ac_cv_env_LIBS_set=
ac_cv_env_LIBS_value=
ac_cv_env_build_alias_set=
ac_cv_env_build_alias_value=
ac_cv_env_host_alias_set=set
ac_cv_env_host_alias_value=mips64-octeon-linux-gnu
ac_cv_env_target_alias_set=
ac_cv_env_target_alias_value=
ac_cv_func_arc4random=no
ac_cv_func_catgets=yes
ac_cv_func_chroot=yes
ac_cv_func_flockfile=yes
ac_cv_func_gai_strerror=yes
ac_cv_func_getaddrinfo=yes
ac_cv_func_getc_unlocked=yes
ac_cv_func_getipnodebyname=no
ac_cv_func_getnameinfo=yes
ac_cv_func_if_nametoindex=yes
ac_cv_func_memmove=yes
ac_cv_func_setlocale=yes
ac_cv_func_strerror=yes
ac_cv_func_strlcat=no
ac_cv_func_strlcpy=no
ac_cv_func_strtoul=yes
ac_cv_func_sysctlbyname=no
ac_cv_func_tzset=yes
ac_cv_func_vsnprintf=yes
ac_cv_have_if_nametoindex=yes
ac_cv_header_fcntl_h=yes
ac_cv_header_inttypes_h=yes
ac_cv_header_linux_capability_h=yes
ac_cv_header_locale_h=yes
ac_cv_header_memory_h=yes
ac_cv_header_net_if6_h=no
ac_cv_header_stdc=yes
ac_cv_header_stdint_h=yes
ac_cv_header_stdlib_h=yes
ac_cv_header_string_h=yes
ac_cv_header_strings_h=yes
ac_cv_header_sys_capability_h=no
ac_cv_header_sys_param_h=yes
ac_cv_header_sys_prctl_h=yes
ac_cv_header_sys_select_h=yes
ac_cv_header_sys_sockio_h=no
ac_cv_header_sys_stat_h=yes
ac_cv_header_sys_sysctl_h=yes
ac_cv_header_sys_time_h=yes
ac_cv_header_sys_types_h=yes
ac_cv_header_sys_un_h=yes
ac_cv_header_time=yes
ac_cv_header_unistd_h=yes
ac_cv_host=mips64-octeon-linux-gnu
ac_cv_lib_cap_cap_set_proc=no
ac_cv_lib_nsl_inet_ntoa=yes
ac_cv_lib_scf_smf_enable_instance=no
ac_cv_lib_socket_socket=no
ac_cv_objext=o
ac_cv_path_AR=/usr/bin/ar
ac_cv_path_DOXYGEN=/usr/bin/doxygen
ac_cv_path_EGREP='/bin/grep -E'
ac_cv_path_ETAGS=/usr/bin/etags
ac_cv_path_GREP=/bin/grep
ac_cv_path_LATEX=/usr/bin/latex
ac_cv_path_PDFLATEX=/usr/bin/pdflatex
ac_cv_path_PERL=/usr/bin/perl
ac_cv_path_W3M=/usr/bin/w3m
ac_cv_path_XMLLINT=/usr/bin/xmllint
ac_cv_path_XSLTPROC=/usr/bin/xsltproc
ac_cv_path_install='/usr/bin/install -c'
ac_cv_prog_CC=mips64-octeon-linux-gnu-gcc
ac_cv_prog_CPP='mips64-octeon-linux-gnu-gcc -E'
ac_cv_prog_RANLIB=mips64-octeon-linux-gnu-ranlib
ac_cv_prog_cc_c89=
ac_cv_prog_cc_g=yes
ac_cv_prog_make_make_set=yes
ac_cv_type_size_t=yes
ac_cv_type_socklen_t=yes
ac_cv_type_ssize_t=yes
ac_cv_type_uintptr_t=yes

## ----------------- ##
## Output variables. ##
## ----------------- ##

A='a'
ALWAYS_DEFINES=''
AR='/usr/bin/ar'
ARFLAGS='cruv'
BIND9_BIND9_BUILDINCLUDE='-I/home/gavin/CA2/linux/embedded_rootfs/pkg_addon/bind-9.5.0-P2/lib/bind9/include'
BIND9_DNS_BUILDINCLUDE='-I/home/gavin/CA2/linux/embedded_rootfs/pkg_addon/bind-9.5.0-P2/lib/dns/include'
BIND9_ISCCC_BUILDINCLUDE='-I/home/gavin/CA2/linux/embedded_rootfs/pkg_addon/bind-9.5.0-P2/lib/isccc/include'
BIND9_ISCCFG_BUILDINCLUDE='-I/home/gavin/CA2/linux/embedded_rootfs/pkg_addon/bind-9.5.0-P2/lib/isccfg/include'
BIND9_ISC_BUILDINCLUDE='-I/home/gavin/CA2/linux/embedded_rootfs/pkg_addon/bind-9.5.0-P2/lib/isc/include'
BIND9_LWRES_BUILDINCLUDE='-I/home/gavin/CA2/linux/embedded_rootfs/pkg_addon/bind-9.5.0-P2/lib/lwres/include'
BIND9_TOP_BUILDDIR='/home/gavin/CA2/linux/embedded_rootfs/pkg_addon/bind-9.5.0-P2'
BIND9_VERSION='VERSION=9.5.0-P2'
BUILD_CC='gcc'
BUILD_CFLAGS=''
BUILD_CPPFLAGS=''
BUILD_LDFLAGS=''
BUILD_LIBS=''
CC='mips64-octeon-linux-gnu-gcc'
CCOPT=''
CFLAGS='-s -O2'
CPP='mips64-octeon-linux-gnu-gcc -E'
CPPFLAGS=''
CXX=''
CXXCPP=''
CXXFLAGS=''
DEFS='-DHAVE_CONFIG_H'
DLZ_DRIVER_INCLUDES=''
DLZ_DRIVER_LIBS=''
DLZ_DRIVER_OBJS=''
DLZ_DRIVER_SRCS=''
DNS_CRYPTO_LIBS=''
DNS_GSSAPI_LIBS=''
DOXYGEN='/usr/bin/doxygen'
DST_EXTRA_OBJS=''
DST_EXTRA_SRCS=''
DST_GSSAPI_INC=''
DST_OPENSSL_INC=''
ECHO='echo'
ECHO_C=''
ECHO_N='-n'
ECHO_T=''
EGREP='/bin/grep -E'
ETAGS='/usr/bin/etags'
EXEEXT=''
F77=''
FFLAGS=''
GENRANDOMLIB=''
GREP='/bin/grep'
IDNLIBS=''
INSTALL_DATA='${INSTALL} -m 644'
INSTALL_PROGRAM='${INSTALL}'
INSTALL_SCRIPT='${INSTALL}'
IRIX_DNSSEC_WARNINGS_HACK=''
ISC_ARCH_DIR='mips'
ISC_EXTRA_OBJS=' inet_ntop.o '
ISC_EXTRA_SRCS=' inet_ntop.c '
ISC_IPV6_C=''
ISC_IPV6_H=''
ISC_IPV6_O=''
ISC_ISCIPV6_O=''
ISC_LWRES_ENDHOSTENTINT='#undef ISC_LWRES_ENDHOSTENTINT'
ISC_LWRES_ENDNETENTINT='#undef ISC_LWRES_ENDNETENTINT'
ISC_LWRES_GETADDRINFOPROTO='#undef ISC_LWRES_GETADDRINFOPROTO'
ISC_LWRES_GETHOSTBYADDRVOID='#undef ISC_LWRES_GETHOSTBYADDRVOID'
ISC_LWRES_GETIPNODEPROTO='#define ISC_LWRES_GETIPNODEPROTO 1'
ISC_LWRES_GETNAMEINFOPROTO='#undef ISC_LWRES_GETNAMEINFOPROTO'
ISC_LWRES_GETNETBYADDRINADDR='#define ISC_LWRES_GETNETBYADDRINADDR 1'
ISC_LWRES_NEEDADDRINFO='#undef ISC_LWRES_NEEDADDRINFO'
ISC_LWRES_NEEDHERRNO='#undef ISC_LWRES_NEEDHERRNO'
ISC_LWRES_NEEDRRSETINFO='#define ISC_LWRES_NEEDRRSETINFO 1'
ISC_LWRES_SETHOSTENTINT='#undef ISC_LWRES_SETHOSTENTINT'
ISC_LWRES_SETNETENTINT='#undef ISC_LWRES_SETNETENTINT'
ISC_PLATFORM_BRACEPTHREADONCEINIT='#undef ISC_PLATFORM_BRACEPTHREADONCEINIT'
ISC_PLATFORM_FIXIN6ISADDR='#undef ISC_PLATFORM_FIXIN6ISADDR'
ISC_PLATFORM_GSSAPIHEADER=''
ISC_PLATFORM_HAVEATOMICSTORE='#define ISC_PLATFORM_HAVEATOMICSTORE 1'
ISC_PLATFORM_HAVECMPXCHG='#define ISC_PLATFORM_HAVECMPXCHG 1'
ISC_PLATFORM_HAVEGSSAPI=''
ISC_PLATFORM_HAVEIFNAMETOINDEX='#define ISC_PLATFORM_HAVEIFNAMETOINDEX 1'
ISC_PLATFORM_HAVEIF_LADDRCONF='#undef ISC_PLATFORM_HAVEIF_LADDRCONF'
ISC_PLATFORM_HAVEIF_LADDRREQ='#undef ISC_PLATFORM_HAVEIF_LADDRREQ'
ISC_PLATFORM_HAVEIN6PKTINFO='#define ISC_PLATFORM_HAVEIN6PKTINFO 1'
ISC_PLATFORM_HAVEINADDR6='#undef ISC_PLATFORM_HAVEINADDR6'
ISC_PLATFORM_HAVEIPV6='#define ISC_PLATFORM_HAVEIPV6 1'
ISC_PLATFORM_HAVELIFCONF='#undef ISC_PLATFORM_HAVELIFCONF'
ISC_PLATFORM_HAVELONGLONG='#define ISC_PLATFORM_HAVELONGLONG 1'
ISC_PLATFORM_HAVESALEN='#undef ISC_PLATFORM_HAVESALEN'
ISC_PLATFORM_HAVESCOPEID='#define ISC_PLATFORM_HAVESCOPEID 1'
ISC_PLATFORM_HAVESTRINGSH='#define ISC_PLATFORM_HAVESTRINGSH 1'
ISC_PLATFORM_HAVESYSUNH='#define ISC_PLATFORM_HAVESYSUNH 1'
ISC_PLATFORM_HAVEXADD='#define ISC_PLATFORM_HAVEXADD 1'
ISC_PLATFORM_HAVEXADDQ='#undef ISC_PLATFORM_HAVEXADDQ'
ISC_PLATFORM_MSGHDRFLAVOR='#define ISC_NET_BSD44MSGHDR 1'
ISC_PLATFORM_NEEDATON='#undef ISC_PLATFORM_NEEDATON'
ISC_PLATFORM_NEEDIN6ADDRANY='#undef ISC_PLATFORM_NEEDIN6ADDRANY'
ISC_PLATFORM_NEEDIN6ADDRLOOPBACK='#undef ISC_PLATFORM_NEEDIN6ADDRLOOPBACK'
ISC_PLATFORM_NEEDMEMMOVE='#undef ISC_PLATFORM_NEEDMEMMOVE'
ISC_PLATFORM_NEEDNETINET6IN6H='#undef ISC_PLATFORM_NEEDNETINET6IN6H'
ISC_PLATFORM_NEEDNETINETIN6H='#undef ISC_PLATFORM_NEEDNETINETIN6H'
ISC_PLATFORM_NEEDNTOP='#define ISC_PLATFORM_NEEDNTOP 1'
ISC_PLATFORM_NEEDPORTT='#undef ISC_PLATFORM_NEEDPORTT'
ISC_PLATFORM_NEEDPTON='#undef ISC_PLATFORM_NEEDPTON'
ISC_PLATFORM_NEEDSPRINTF='#undef ISC_PLATFORM_NEEDSPRINTF'
ISC_PLATFORM_NEEDSTRLCAT='#define ISC_PLATFORM_NEEDSTRLCAT 1'
ISC_PLATFORM_NEEDSTRLCPY='#define ISC_PLATFORM_NEEDSTRLCPY 1'
ISC_PLATFORM_NEEDSTRSEP='#undef ISC_PLATFORM_NEEDSTRSEP'
ISC_PLATFORM_NEEDSTRTOUL='#undef ISC_PLATFORM_NEEDSTRTOUL'
ISC_PLATFORM_NEEDSYSSELECTH='#undef ISC_PLATFORM_NEEDSYSSELECTH'
ISC_PLATFORM_NEEDVSNPRINTF='#undef ISC_PLATFORM_NEEDVSNPRINTF'
ISC_PLATFORM_QUADFORMAT='#define ISC_PLATFORM_QUADFORMAT "ll"'
ISC_PLATFORM_RLIMITTYPE='#define ISC_PLATFORM_RLIMITTYPE rlim_t'
ISC_PLATFORM_USEDECLSPEC='#undef ISC_PLATFORM_USEDECLSPEC'
ISC_PLATFORM_USEGCCASM='#define ISC_PLATFORM_USEGCCASM 1'
ISC_PLATFORM_USEMACASM=''
ISC_PLATFORM_USEOSFASM='#undef ISC_PLATFORM_USEOSFASM'
ISC_PLATFORM_USESTDASM=''
ISC_PLATFORM_USETHREADS='#undef ISC_PLATFORM_USETHREADS'
ISC_SOCKADDR_LEN_T=''
ISC_THREAD_DIR='nothreads'
LATEX='/usr/bin/latex'
LDFLAGS=''
LIBBIND=''
LIBOBJS=''
LIBS='-lnsl '
LIBTOOL=''
LIBTOOL_ALLOW_UNDEFINED=''
LIBTOOL_IN_MAIN=''
LIBTOOL_MKDEP_SED=''
LIBTOOL_MODE_COMPILE=''
LIBTOOL_MODE_INSTALL=''
LIBTOOL_MODE_LINK=''
LN='ln'
LN_S='ln -s'
LTLIBOBJS=''
LWRES_HAVE_SIN6_SCOPE_ID='#define LWRES_HAVE_SIN6_SCOPE_ID 1'
LWRES_PLATFORM_HAVEINADDR6='#undef LWRES_PLATFORM_HAVEINADDR6'
LWRES_PLATFORM_HAVEIPV6='#define LWRES_PLATFORM_HAVEIPV6 1'
LWRES_PLATFORM_HAVESALEN='#undef LWRES_PLATFORM_HAVESALEN'
LWRES_PLATFORM_NEEDIN6ADDRANY='#undef LWRES_PLATFORM_NEEDIN6ADDRANY'
LWRES_PLATFORM_NEEDIN6ADDRLOOPBACK='#undef LWRES_PLATFORM_NEEDIN6ADDRLOOPBACK'
LWRES_PLATFORM_NEEDNETINET6IN6H='#undef LWRES_PLATFORM_NEEDNETINET6IN6H'
LWRES_PLATFORM_NEEDNETINETIN6H='#undef LWRES_PLATFORM_NEEDNETINETIN6H'
LWRES_PLATFORM_NEEDSPRINTF='#undef LWRES_PLATFORM_NEEDSPRINTF'
LWRES_PLATFORM_NEEDSTRTOUL='#undef LWRES_PLATFORM_NEEDSTRTOUL'
LWRES_PLATFORM_NEEDSYSSELECTH='#undef LWRES_PLATFORM_NEEDSYSSELECTH'
LWRES_PLATFORM_NEEDVSNPRINTF='#undef LWRES_PLATFORM_NEEDVSNPRINTF'
LWRES_PLATFORM_QUADFORMAT='#define LWRES_PLATFORM_QUADFORMAT "ll"'
LWRES_PLATFORM_USEDECLSPEC='#undef LWRES_PLATFORM_USEDECLSPEC'
MKDEPCC='mips64-octeon-linux-gnu-gcc'
MKDEPCFLAGS='-M'
MKDEPPROG=''
O='o'
OBJEXT='o'
PACKAGE_BUGREPORT=''
PACKAGE_NAME=''
PACKAGE_STRING=''
PACKAGE_TARNAME=''
PACKAGE_VERSION=''
PATH_SEPARATOR=':'
PDFLATEX='/usr/bin/pdflatex'
PERL='/usr/bin/perl'
PG_CONFIG=''
PURIFY=''
RANLIB='mips64-octeon-linux-gnu-ranlib'
SA='a'
SET_MAKE=''
SHELL='/bin/sh'
STD_CDEFINES=''
STD_CINCLUDES=''
STD_CWARNINGS=' -W -Wall -Wmissing-prototypes -Wcast-qual -Wwrite-strings -Wformat -Wpointer-arith -fno-strict-aliasing'
STRIP=''
USE_DLZ=''
USE_GSSAPI=''
USE_ISC_SPNEGO=''
USE_OPENSSL=''
W3M='/usr/bin/w3m'
XMLLINT='/usr/bin/xmllint'
XSLTPROC='/usr/bin/xsltproc'
XSLT_DB2LATEX_ADMONITIONS='db2latex/xsl/figures'
XSLT_DB2LATEX_STYLE='db2latex/xsl/docbook.xsl'
XSLT_DOCBOOK_CHUNKTOC_HTML='html/chunktoc.xsl'
XSLT_DOCBOOK_CHUNKTOC_XHTML='xhtml/chunktoc.xsl'
XSLT_DOCBOOK_CHUNK_HTML='html/chunk.xsl'
XSLT_DOCBOOK_CHUNK_XHTML='xhtml/chunk.xsl'
XSLT_DOCBOOK_MAKETOC_HTML='html/maketoc.xsl'
XSLT_DOCBOOK_MAKETOC_XHTML='xhtml/maketoc.xsl'
XSLT_DOCBOOK_STYLE_HTML='html/docbook.xsl'
XSLT_DOCBOOK_STYLE_MAN='manpages/docbook.xsl'
XSLT_DOCBOOK_STYLE_XHTML='xhtml/docbook.xsl'
ac_ct_CC=''
ac_ct_CXX=''
ac_ct_F77=''
bindir='${exec_prefix}/bin'
build='i686-pc-linux-gnu'
build_alias=''
build_cpu='i686'
build_os='linux-gnu'
build_vendor='pc'
datadir='${datarootdir}'
datarootdir='${prefix}/share'
docdir='${datarootdir}/doc/${PACKAGE}'
dvidir='${docdir}'
exec_prefix='${prefix}'
host='mips64-octeon-linux-gnu'
host_alias='mips64-octeon-linux-gnu'
host_cpu='mips64'
host_os='linux-gnu'
host_vendor='octeon'
htmldir='${docdir}'
includedir='/home/gavin/CA2/linux/embedded_rootfs/pkg_addon/bind-9.5.0-P2/include-tmp'
infodir='${datarootdir}/info'
libdir='/home/gavin/CA2/linux/embedded_rootfs/pkg_addon/bind-9.5.0-P2/lib-tmp'
libexecdir='${exec_prefix}/libexec'
localedir='${datarootdir}/locale'
localstatedir='/var'
mandir='/home/gavin/CA2/linux/embedded_rootfs/pkg_addon/bind-9.5.0-P2/man-tmp'
oldincludedir='/usr/include'
pdfdir='${docdir}'
prefix='/tmp/root-rootfs'
program_transform_name='s,x,x,'
psdir='${docdir}'
purify_path=''
sbindir='${exec_prefix}/sbin'
sharedstatedir='${prefix}/com'
subdirs=' lib/bind'
sysconfdir='/etc'
target_alias=''

## ------------------- ##
## File substitutions. ##
## ------------------- ##

BIND9_MAKE_INCLUDES='/home/gavin/CA2/linux/embedded_rootfs/pkg_addon/bind-9.5.0-P2/make/includes'
BIND9_MAKE_RULES='/home/gavin/CA2/linux/embedded_rootfs/pkg_addon/bind-9.5.0-P2/make/rules'
DLZ_DRIVER_RULES='/dev/null'
LIBBIND9_API='./lib/bind9/api'
LIBDNS_API='./lib/dns/api'
LIBISCCC_API='./lib/isccc/api'
LIBISCCFG_API='./lib/isccfg/api'
LIBISC_API='./lib/isc/api'
LIBLWRES_API='./lib/lwres/api'

## ----------- ##
## confdefs.h. ##
## ----------- ##

#define PACKAGE_NAME ""
#define PACKAGE_TARNAME ""
#define PACKAGE_VERSION ""
#define PACKAGE_STRING ""
#define PACKAGE_BUGREPORT ""
#define STDC_HEADERS 1
#define HAVE_FCNTL_H 1
#define HAVE_SYS_TIME_H 1
#define HAVE_UNISTD_H 1
#define HAVE_SYS_SELECT_H 1
#define HAVE_SYS_PARAM_H 1
#define HAVE_SYS_SYSCTL_H 1
#define inline
#define HAVE_SYS_TYPES_H 1
#define HAVE_SYS_STAT_H 1
#define HAVE_STDLIB_H 1
#define HAVE_STRING_H 1
#define HAVE_MEMORY_H 1
#define HAVE_STRINGS_H 1
#define HAVE_INTTYPES_H 1
#define HAVE_STDINT_H 1
#define HAVE_UNISTD_H 1
#define ISC_SOCKADDR_LEN_T socklen_t
#define TIME_WITH_SYS_TIME 1
#define WORDS_BIGENDIAN 1
#define HAVE_FLOCKFILE 1
#define HAVE_GETCUNLOCKED 1
#define HAVE_CATGETS 1
#define HAVE_LIBNSL 1
#define HAVE_ADDRINFO 1
#define HAVE_GETADDRINFO 1
#define HAVE_GAISTRERROR 1
#define HAVE_STRERROR 1
#define HAVE_CHROOT 1
#define HAVE_LINUX_CAPABILITY_H 1
#define HAVE_SYS_PRCTL_H 1
#define HAVE_SYS_UN_H 1
#define HAVE_TZSET 1
#define HAVE_STRINGS_H 1
#define PORT_NONBLOCK O_NONBLOCK
#define HAVE_LOCALE_H 1
#define HAVE_SETLOCALE 1

configure: exit 0
