This file contains any messages produced by compilers while
running configure, to aid debugging if configure makes a mistake.

It was created by DHCP configure 4.1.1-P1, which was
generated by GNU Autoconf 2.61.  Invocation command line was

  $ ./configure --host=mips64-octeon-linux-gnu AR=mips64-octeon-linux-gnu-ar ARFLAGS=rc CC=mips64-octeon-linux-gnu-gcc CPP= LIBS= RANLIB=mips64-octeon-linux-gnu-ranlib STRIP=mips64-octeon-linux-gnu-strip CFLAGS=-mabi=64 -Os -fomit-frame-pointer -DNO_ASM LDFLAGS= --prefix=/home/lenny/Project/openwrt/cisco_RV0XX-v4.0.2.08-tm-GPL_CI005-ipv6/linux/embedded_rootfs/tmp/root-rootfs/usr

## --------- ##
## Platform. ##
## --------- ##

hostname = home
uname -m = x86_64
uname -r = 3.2.0-51-generic
uname -s = Linux
uname -v = #77-Ubuntu SMP Wed Jul 24 20:18:19 UTC 2013

/usr/bin/uname -p = unknown
/bin/uname -X     = unknown

/bin/arch              = unknown
/usr/bin/arch -k       = unknown
/usr/convex/getsysinfo = unknown
/usr/bin/hostinfo      = unknown
/bin/machine           = unknown
/usr/bin/oslevel       = unknown
/bin/universe          = unknown

PATH: /home/lenny/Project/openwrt/cisco_RV0XX-v4.0.2.08-tm-GPL_CI005-ipv6/tools/bin
PATH: /home/lenny/Project/openwrt/cisco_RV0XX-v4.0.2.08-tm-GPL_CI005-ipv6/host/bin
PATH: /usr/local/sbin
PATH: /usr/local/bin
PATH: /usr/sbin
PATH: /usr/bin
PATH: /sbin
PATH: /bin
PATH: /home/lenny/Project/openwrt/cisco_RV0XX-v4.0.2.08-tm-GPL_CI005-ipv6/tools/bin


## ----------- ##
## Core tests. ##
## ----------- ##

configure:1821: checking for a BSD-compatible install
configure:1877: result: /usr/bin/install -c
configure:1888: checking whether build environment is sane
configure:1931: result: yes
configure:1959: checking for a thread-safe mkdir -p
configure:1998: result: /bin/mkdir -p
configure:2011: checking for gawk
configure:2027: found /usr/bin/gawk
configure:2038: result: gawk
configure:2049: checking whether make sets $(MAKE)
configure:2070: result: yes
configure:2150: checking for mips64-octeon-linux-gnu-strip
configure:2177: result: mips64-octeon-linux-gnu-strip
configure:2273: checking for mips64-octeon-linux-gnu-gcc
configure:2300: result: mips64-octeon-linux-gnu-gcc
configure:2578: checking for C compiler version
configure:2585: mips64-octeon-linux-gnu-gcc --version >&5
mips64-octeon-linux-gnu-gcc (GCC) 4.1.2 (Cavium Networks Version: 1_7_4, build 67)
Copyright (C) 2006 Free Software Foundation, Inc.
This is free software; see the source for copying conditions.  There is NO
warranty; not even for MERCHANTABILITY or FITNESS FOR A PARTICULAR PURPOSE.

configure:2588: $? = 0
configure:2595: mips64-octeon-linux-gnu-gcc -v >&5
Using built-in specs.
Target: mips64-octeon-linux-gnu
Configured with: ../src/configure --target=mips64-octeon-linux-gnu --prefix=/usr/local/Cavium_Networks/toolchain/tools --disable-sim --enable-symvers=gnu --enable-__cxa_atexit --enable-languages=c,c++ --with-local-prefix=/usr/local/Cavium_Networks/toolchain/tools/mips64-octeon-linux-gnu/sys-root --with-sysroot
Thread model: posix
gcc version 4.1.2 (Cavium Networks Version: 1_7_4, build 67)
configure:2598: $? = 0
configure:2605: mips64-octeon-linux-gnu-gcc -V >&5
mips64-octeon-linux-gnu-gcc: '-V' option must have argument
configure:2608: $? = 1
configure:2631: checking for C compiler default output file name
configure:2658: mips64-octeon-linux-gnu-gcc -mabi=64 -Os -fomit-frame-pointer -DNO_ASM   conftest.c  >&5
configure:2661: $? = 0
configure:2699: result: a.out
configure:2716: checking whether the C compiler works
configure:2726: ./a.out
./configure: line 2727: ./a.out: cannot execute binary file
configure:2729: $? = 126
configure:2746: result: yes
configure:2753: checking whether we are cross compiling
configure:2755: result: yes
configure:2758: checking for suffix of executables
configure:2765: mips64-octeon-linux-gnu-gcc -o conftest -mabi=64 -Os -fomit-frame-pointer -DNO_ASM   conftest.c  >&5
configure:2768: $? = 0
configure:2792: result: 
configure:2798: checking for suffix of object files
configure:2824: mips64-octeon-linux-gnu-gcc -c -mabi=64 -Os -fomit-frame-pointer -DNO_ASM  conftest.c >&5
configure:2827: $? = 0
configure:2850: result: o
configure:2854: checking whether we are using the GNU C compiler
configure:2883: mips64-octeon-linux-gnu-gcc -c -mabi=64 -Os -fomit-frame-pointer -DNO_ASM  conftest.c >&5
configure:2889: $? = 0
configure:2906: result: yes
configure:2911: checking whether mips64-octeon-linux-gnu-gcc accepts -g
configure:2941: mips64-octeon-linux-gnu-gcc -c -g  conftest.c >&5
configure:2947: $? = 0
configure:3046: result: yes
configure:3063: checking for mips64-octeon-linux-gnu-gcc option to accept ISO C89
configure:3137: mips64-octeon-linux-gnu-gcc  -c -mabi=64 -Os -fomit-frame-pointer -DNO_ASM  conftest.c >&5
configure:3143: $? = 0
configure:3166: result: none needed
configure:3195: checking for style of include used by make
configure:3223: result: GNU
configure:3248: checking dependency style of mips64-octeon-linux-gnu-gcc
configure:3339: result: gcc3
configure:3383: checking how to run the C preprocessor
configure:3423: mips64-octeon-linux-gnu-gcc -E  conftest.c
configure:3429: $? = 0
configure:3460: mips64-octeon-linux-gnu-gcc -E  conftest.c
conftest.c:11:28: error: ac_nonexistent.h: No such file or directory
configure:3466: $? = 1
configure: failed program was:
| /* confdefs.h.  */
| #define PACKAGE_NAME "DHCP"
| #define PACKAGE_TARNAME "dhcp"
| #define PACKAGE_VERSION "4.1.1-P1"
| #define PACKAGE_STRING "DHCP 4.1.1-P1"
| #define PACKAGE_BUGREPORT "dhcp-users@isc.org"
| #define PACKAGE "dhcp"
| #define VERSION "4.1.1-P1"
| #define _GNU_SOURCE 1
| /* end confdefs.h.  */
| #include <ac_nonexistent.h>
configure:3499: result: mips64-octeon-linux-gnu-gcc -E
configure:3528: mips64-octeon-linux-gnu-gcc -E  conftest.c
configure:3534: $? = 0
configure:3565: mips64-octeon-linux-gnu-gcc -E  conftest.c
conftest.c:11:28: error: ac_nonexistent.h: No such file or directory
configure:3571: $? = 1
configure: failed program was:
| /* confdefs.h.  */
| #define PACKAGE_NAME "DHCP"
| #define PACKAGE_TARNAME "dhcp"
| #define PACKAGE_VERSION "4.1.1-P1"
| #define PACKAGE_STRING "DHCP 4.1.1-P1"
| #define PACKAGE_BUGREPORT "dhcp-users@isc.org"
| #define PACKAGE "dhcp"
| #define VERSION "4.1.1-P1"
| #define _GNU_SOURCE 1
| /* end confdefs.h.  */
| #include <ac_nonexistent.h>
configure:3609: checking for grep that handles long lines and -e
configure:3683: result: /bin/grep
configure:3688: checking for egrep
configure:3766: result: /bin/grep -E
configure:3772: checking for AIX
configure:3794: result: no
configure:3800: checking for ANSI C header files
configure:3830: mips64-octeon-linux-gnu-gcc -c -mabi=64 -Os -fomit-frame-pointer -DNO_ASM  conftest.c >&5
configure:3836: $? = 0
configure:3964: result: yes
configure:3988: checking for sys/types.h
configure:4009: mips64-octeon-linux-gnu-gcc -c -mabi=64 -Os -fomit-frame-pointer -DNO_ASM  conftest.c >&5
configure:4015: $? = 0
configure:4031: result: yes
configure:3988: checking for sys/stat.h
configure:4009: mips64-octeon-linux-gnu-gcc -c -mabi=64 -Os -fomit-frame-pointer -DNO_ASM  conftest.c >&5
configure:4015: $? = 0
configure:4031: result: yes
configure:3988: checking for stdlib.h
configure:4009: mips64-octeon-linux-gnu-gcc -c -mabi=64 -Os -fomit-frame-pointer -DNO_ASM  conftest.c >&5
configure:4015: $? = 0
configure:4031: result: yes
configure:3988: checking for string.h
configure:4009: mips64-octeon-linux-gnu-gcc -c -mabi=64 -Os -fomit-frame-pointer -DNO_ASM  conftest.c >&5
configure:4015: $? = 0
configure:4031: result: yes
configure:3988: checking for memory.h
configure:4009: mips64-octeon-linux-gnu-gcc -c -mabi=64 -Os -fomit-frame-pointer -DNO_ASM  conftest.c >&5
configure:4015: $? = 0
configure:4031: result: yes
configure:3988: checking for strings.h
configure:4009: mips64-octeon-linux-gnu-gcc -c -mabi=64 -Os -fomit-frame-pointer -DNO_ASM  conftest.c >&5
configure:4015: $? = 0
configure:4031: result: yes
configure:3988: checking for inttypes.h
configure:4009: mips64-octeon-linux-gnu-gcc -c -mabi=64 -Os -fomit-frame-pointer -DNO_ASM  conftest.c >&5
configure:4015: $? = 0
configure:4031: result: yes
configure:3988: checking for stdint.h
configure:4009: mips64-octeon-linux-gnu-gcc -c -mabi=64 -Os -fomit-frame-pointer -DNO_ASM  conftest.c >&5
configure:4015: $? = 0
configure:4031: result: yes
configure:3988: checking for unistd.h
configure:4009: mips64-octeon-linux-gnu-gcc -c -mabi=64 -Os -fomit-frame-pointer -DNO_ASM  conftest.c >&5
configure:4015: $? = 0
configure:4031: result: yes
configure:4053: checking minix/config.h usability
configure:4070: mips64-octeon-linux-gnu-gcc -c -mabi=64 -Os -fomit-frame-pointer -DNO_ASM  conftest.c >&5
conftest.c:54:26: error: minix/config.h: No such file or directory
configure:4076: $? = 1
configure: failed program was:
| /* confdefs.h.  */
| #define PACKAGE_NAME "DHCP"
| #define PACKAGE_TARNAME "dhcp"
| #define PACKAGE_VERSION "4.1.1-P1"
| #define PACKAGE_STRING "DHCP 4.1.1-P1"
| #define PACKAGE_BUGREPORT "dhcp-users@isc.org"
| #define PACKAGE "dhcp"
| #define VERSION "4.1.1-P1"
| #define _GNU_SOURCE 1
| #define STDC_HEADERS 1
| #define HAVE_SYS_TYPES_H 1
| #define HAVE_SYS_STAT_H 1
| #define HAVE_STDLIB_H 1
| #define HAVE_STRING_H 1
| #define HAVE_MEMORY_H 1
| #define HAVE_STRINGS_H 1
| #define HAVE_INTTYPES_H 1
| #define HAVE_STDINT_H 1
| #define HAVE_UNISTD_H 1
| /* end confdefs.h.  */
| #include <stdio.h>
| #ifdef HAVE_SYS_TYPES_H
| # include <sys/types.h>
| #endif
| #ifdef HAVE_SYS_STAT_H
| # include <sys/stat.h>
| #endif
| #ifdef STDC_HEADERS
| # include <stdlib.h>
| # include <stddef.h>
| #else
| # ifdef HAVE_STDLIB_H
| #  include <stdlib.h>
| # endif
| #endif
| #ifdef HAVE_STRING_H
| # if !defined STDC_HEADERS && defined HAVE_MEMORY_H
| #  include <memory.h>
| # endif
| # include <string.h>
| #endif
| #ifdef HAVE_STRINGS_H
| # include <strings.h>
| #endif
| #ifdef HAVE_INTTYPES_H
| # include <inttypes.h>
| #endif
| #ifdef HAVE_STDINT_H
| # include <stdint.h>
| #endif
| #ifdef HAVE_UNISTD_H
| # include <unistd.h>
| #endif
| #include <minix/config.h>
configure:4090: result: no
configure:4094: checking minix/config.h presence
configure:4109: mips64-octeon-linux-gnu-gcc -E  conftest.c
conftest.c:21:26: error: minix/config.h: No such file or directory
configure:4115: $? = 1
configure: failed program was:
| /* confdefs.h.  */
| #define PACKAGE_NAME "DHCP"
| #define PACKAGE_TARNAME "dhcp"
| #define PACKAGE_VERSION "4.1.1-P1"
| #define PACKAGE_STRING "DHCP 4.1.1-P1"
| #define PACKAGE_BUGREPORT "dhcp-users@isc.org"
| #define PACKAGE "dhcp"
| #define VERSION "4.1.1-P1"
| #define _GNU_SOURCE 1
| #define STDC_HEADERS 1
| #define HAVE_SYS_TYPES_H 1
| #define HAVE_SYS_STAT_H 1
| #define HAVE_STDLIB_H 1
| #define HAVE_STRING_H 1
| #define HAVE_MEMORY_H 1
| #define HAVE_STRINGS_H 1
| #define HAVE_INTTYPES_H 1
| #define HAVE_STDINT_H 1
| #define HAVE_UNISTD_H 1
| /* end confdefs.h.  */
| #include <minix/config.h>
configure:4129: result: no
configure:4162: checking for minix/config.h
configure:4169: result: no
configure:4208: checking whether it is safe to define __EXTENSIONS__
configure:4236: mips64-octeon-linux-gnu-gcc -c -mabi=64 -Os -fomit-frame-pointer -DNO_ASM  conftest.c >&5
configure:4242: $? = 0
configure:4257: result: yes
configure:4277: checking for mips64-octeon-linux-gnu-ranlib
configure:4304: result: mips64-octeon-linux-gnu-ranlib
configure:4374: checking whether byte ordering is bigendian
configure:4407: mips64-octeon-linux-gnu-gcc -c -mabi=64 -Os -fomit-frame-pointer -DNO_ASM  conftest.c >&5
configure:4413: $? = 0
configure:4445: mips64-octeon-linux-gnu-gcc -c -mabi=64 -Os -fomit-frame-pointer -DNO_ASM  conftest.c >&5
configure:4451: $? = 0
configure:4591: result: yes
configure:5061: checking for int8_t
configure:5092: mips64-octeon-linux-gnu-gcc -c -mabi=64 -Os -fomit-frame-pointer -DNO_ASM  conftest.c >&5
configure:5098: $? = 0
configure:5127: mips64-octeon-linux-gnu-gcc -c -mabi=64 -Os -fomit-frame-pointer -DNO_ASM  conftest.c >&5
conftest.c: In function 'main':
conftest.c:66: error: size of array 'test_array' is negative
configure:5133: $? = 1
configure: failed program was:
| /* confdefs.h.  */
| #define PACKAGE_NAME "DHCP"
| #define PACKAGE_TARNAME "dhcp"
| #define PACKAGE_VERSION "4.1.1-P1"
| #define PACKAGE_STRING "DHCP 4.1.1-P1"
| #define PACKAGE_BUGREPORT "dhcp-users@isc.org"
| #define PACKAGE "dhcp"
| #define VERSION "4.1.1-P1"
| #define _GNU_SOURCE 1
| #define STDC_HEADERS 1
| #define HAVE_SYS_TYPES_H 1
| #define HAVE_SYS_STAT_H 1
| #define HAVE_STDLIB_H 1
| #define HAVE_STRING_H 1
| #define HAVE_MEMORY_H 1
| #define HAVE_STRINGS_H 1
| #define HAVE_INTTYPES_H 1
| #define HAVE_STDINT_H 1
| #define HAVE_UNISTD_H 1
| #define __EXTENSIONS__ 1
| #define _POSIX_PTHREAD_SEMANTICS 1
| #define _TANDEM_SOURCE 1
| #define DHCP_BYTE_ORDER BIG_ENDIAN
| #define FAILOVER_PROTOCOL 1
| #define ENABLE_EXECUTE 1
| #define TRACING 1
| #define DHCPv6 1
| /* end confdefs.h.  */
| #include <stdio.h>
| #ifdef HAVE_SYS_TYPES_H
| # include <sys/types.h>
| #endif
| #ifdef HAVE_SYS_STAT_H
| # include <sys/stat.h>
| #endif
| #ifdef STDC_HEADERS
| # include <stdlib.h>
| # include <stddef.h>
| #else
| # ifdef HAVE_STDLIB_H
| #  include <stdlib.h>
| # endif
| #endif
| #ifdef HAVE_STRING_H
| # if !defined STDC_HEADERS && defined HAVE_MEMORY_H
| #  include <memory.h>
| # endif
| # include <string.h>
| #endif
| #ifdef HAVE_STRINGS_H
| # include <strings.h>
| #endif
| #ifdef HAVE_INTTYPES_H
| # include <inttypes.h>
| #endif
| #ifdef HAVE_STDINT_H
| # include <stdint.h>
| #endif
| #ifdef HAVE_UNISTD_H
| # include <unistd.h>
| #endif
| int
| main ()
| {
| static int test_array [1 - 2 * !((int8_t) ((((int8_t) 1 << (8 - 2)) - 1) * 2 + 1)
| 	         < (int8_t) ((((int8_t) 1 << (8 - 2)) - 1) * 2 + 2))];
| test_array [0] = 0
| 
|   ;
|   return 0;
| }
configure:5162: result: yes
configure:5175: checking for int16_t
configure:5206: mips64-octeon-linux-gnu-gcc -c -mabi=64 -Os -fomit-frame-pointer -DNO_ASM  conftest.c >&5
configure:5212: $? = 0
configure:5241: mips64-octeon-linux-gnu-gcc -c -mabi=64 -Os -fomit-frame-pointer -DNO_ASM  conftest.c >&5
conftest.c: In function 'main':
conftest.c:66: error: size of array 'test_array' is negative
configure:5247: $? = 1
configure: failed program was:
| /* confdefs.h.  */
| #define PACKAGE_NAME "DHCP"
| #define PACKAGE_TARNAME "dhcp"
| #define PACKAGE_VERSION "4.1.1-P1"
| #define PACKAGE_STRING "DHCP 4.1.1-P1"
| #define PACKAGE_BUGREPORT "dhcp-users@isc.org"
| #define PACKAGE "dhcp"
| #define VERSION "4.1.1-P1"
| #define _GNU_SOURCE 1
| #define STDC_HEADERS 1
| #define HAVE_SYS_TYPES_H 1
| #define HAVE_SYS_STAT_H 1
| #define HAVE_STDLIB_H 1
| #define HAVE_STRING_H 1
| #define HAVE_MEMORY_H 1
| #define HAVE_STRINGS_H 1
| #define HAVE_INTTYPES_H 1
| #define HAVE_STDINT_H 1
| #define HAVE_UNISTD_H 1
| #define __EXTENSIONS__ 1
| #define _POSIX_PTHREAD_SEMANTICS 1
| #define _TANDEM_SOURCE 1
| #define DHCP_BYTE_ORDER BIG_ENDIAN
| #define FAILOVER_PROTOCOL 1
| #define ENABLE_EXECUTE 1
| #define TRACING 1
| #define DHCPv6 1
| /* end confdefs.h.  */
| #include <stdio.h>
| #ifdef HAVE_SYS_TYPES_H
| # include <sys/types.h>
| #endif
| #ifdef HAVE_SYS_STAT_H
| # include <sys/stat.h>
| #endif
| #ifdef STDC_HEADERS
| # include <stdlib.h>
| # include <stddef.h>
| #else
| # ifdef HAVE_STDLIB_H
| #  include <stdlib.h>
| # endif
| #endif
| #ifdef HAVE_STRING_H
| # if !defined STDC_HEADERS && defined HAVE_MEMORY_H
| #  include <memory.h>
| # endif
| # include <string.h>
| #endif
| #ifdef HAVE_STRINGS_H
| # include <strings.h>
| #endif
| #ifdef HAVE_INTTYPES_H
| # include <inttypes.h>
| #endif
| #ifdef HAVE_STDINT_H
| # include <stdint.h>
| #endif
| #ifdef HAVE_UNISTD_H
| # include <unistd.h>
| #endif
| int
| main ()
| {
| static int test_array [1 - 2 * !((int16_t) ((((int16_t) 1 << (16 - 2)) - 1) * 2 + 1)
| 	         < (int16_t) ((((int16_t) 1 << (16 - 2)) - 1) * 2 + 2))];
| test_array [0] = 0
| 
|   ;
|   return 0;
| }
configure:5276: result: yes
configure:5289: checking for int32_t
configure:5320: mips64-octeon-linux-gnu-gcc -c -mabi=64 -Os -fomit-frame-pointer -DNO_ASM  conftest.c >&5
configure:5326: $? = 0
configure:5355: mips64-octeon-linux-gnu-gcc -c -mabi=64 -Os -fomit-frame-pointer -DNO_ASM  conftest.c >&5
conftest.c: In function 'main':
conftest.c:66: warning: integer overflow in expression
conftest.c:66: error: size of array 'test_array' is negative
configure:5361: $? = 1
configure: failed program was:
| /* confdefs.h.  */
| #define PACKAGE_NAME "DHCP"
| #define PACKAGE_TARNAME "dhcp"
| #define PACKAGE_VERSION "4.1.1-P1"
| #define PACKAGE_STRING "DHCP 4.1.1-P1"
| #define PACKAGE_BUGREPORT "dhcp-users@isc.org"
| #define PACKAGE "dhcp"
| #define VERSION "4.1.1-P1"
| #define _GNU_SOURCE 1
| #define STDC_HEADERS 1
| #define HAVE_SYS_TYPES_H 1
| #define HAVE_SYS_STAT_H 1
| #define HAVE_STDLIB_H 1
| #define HAVE_STRING_H 1
| #define HAVE_MEMORY_H 1
| #define HAVE_STRINGS_H 1
| #define HAVE_INTTYPES_H 1
| #define HAVE_STDINT_H 1
| #define HAVE_UNISTD_H 1
| #define __EXTENSIONS__ 1
| #define _POSIX_PTHREAD_SEMANTICS 1
| #define _TANDEM_SOURCE 1
| #define DHCP_BYTE_ORDER BIG_ENDIAN
| #define FAILOVER_PROTOCOL 1
| #define ENABLE_EXECUTE 1
| #define TRACING 1
| #define DHCPv6 1
| /* end confdefs.h.  */
| #include <stdio.h>
| #ifdef HAVE_SYS_TYPES_H
| # include <sys/types.h>
| #endif
| #ifdef HAVE_SYS_STAT_H
| # include <sys/stat.h>
| #endif
| #ifdef STDC_HEADERS
| # include <stdlib.h>
| # include <stddef.h>
| #else
| # ifdef HAVE_STDLIB_H
| #  include <stdlib.h>
| # endif
| #endif
| #ifdef HAVE_STRING_H
| # if !defined STDC_HEADERS && defined HAVE_MEMORY_H
| #  include <memory.h>
| # endif
| # include <string.h>
| #endif
| #ifdef HAVE_STRINGS_H
| # include <strings.h>
| #endif
| #ifdef HAVE_INTTYPES_H
| # include <inttypes.h>
| #endif
| #ifdef HAVE_STDINT_H
| # include <stdint.h>
| #endif
| #ifdef HAVE_UNISTD_H
| # include <unistd.h>
| #endif
| int
| main ()
| {
| static int test_array [1 - 2 * !((int32_t) ((((int32_t) 1 << (32 - 2)) - 1) * 2 + 1)
| 	         < (int32_t) ((((int32_t) 1 << (32 - 2)) - 1) * 2 + 2))];
| test_array [0] = 0
| 
|   ;
|   return 0;
| }
configure:5390: result: yes
configure:5404: checking for u_int8_t
configure:5434: mips64-octeon-linux-gnu-gcc -c -mabi=64 -Os -fomit-frame-pointer -DNO_ASM  conftest.c >&5
configure:5440: $? = 0
configure:5455: result: yes
configure:5545: checking for u_int16_t
configure:5575: mips64-octeon-linux-gnu-gcc -c -mabi=64 -Os -fomit-frame-pointer -DNO_ASM  conftest.c >&5
configure:5581: $? = 0
configure:5596: result: yes
configure:5682: checking for u_int32_t
configure:5712: mips64-octeon-linux-gnu-gcc -c -mabi=64 -Os -fomit-frame-pointer -DNO_ASM  conftest.c >&5
configure:5718: $? = 0
configure:5733: result: yes
configure:5840: checking ifaddrs.h usability
configure:5857: mips64-octeon-linux-gnu-gcc -c -mabi=64 -Os -fomit-frame-pointer -DNO_ASM  conftest.c >&5
configure:5863: $? = 0
configure:5877: result: yes
configure:5881: checking ifaddrs.h presence
configure:5896: mips64-octeon-linux-gnu-gcc -E  conftest.c
configure:5902: $? = 0
configure:5916: result: yes
configure:5949: checking for ifaddrs.h
configure:5957: result: yes
configure:5987: checking linux/types.h usability
configure:6004: mips64-octeon-linux-gnu-gcc -c -mabi=64 -Os -fomit-frame-pointer -DNO_ASM  conftest.c >&5
configure:6010: $? = 0
configure:6024: result: yes
configure:6028: checking linux/types.h presence
configure:6043: mips64-octeon-linux-gnu-gcc -E  conftest.c
configure:6049: $? = 0
configure:6063: result: yes
configure:6096: checking for linux/types.h
configure:6104: result: yes
configure:6118: checking for linux/filter.h
configure:6143: mips64-octeon-linux-gnu-gcc -c -mabi=64 -Os -fomit-frame-pointer -DNO_ASM  conftest.c >&5
configure:6149: $? = 0
configure:6164: result: yes
configure:6474: checking for struct lifnum
configure:6501: mips64-octeon-linux-gnu-gcc -c -mabi=64 -Os -fomit-frame-pointer -DNO_ASM  conftest.c >&5
conftest.c: In function 'main':
conftest.c:39: error: storage size of 'a' isn't known
configure:6507: $? = 1
configure: failed program was:
| /* confdefs.h.  */
| #define PACKAGE_NAME "DHCP"
| #define PACKAGE_TARNAME "dhcp"
| #define PACKAGE_VERSION "4.1.1-P1"
| #define PACKAGE_STRING "DHCP 4.1.1-P1"
| #define PACKAGE_BUGREPORT "dhcp-users@isc.org"
| #define PACKAGE "dhcp"
| #define VERSION "4.1.1-P1"
| #define _GNU_SOURCE 1
| #define STDC_HEADERS 1
| #define HAVE_SYS_TYPES_H 1
| #define HAVE_SYS_STAT_H 1
| #define HAVE_STDLIB_H 1
| #define HAVE_STRING_H 1
| #define HAVE_MEMORY_H 1
| #define HAVE_STRINGS_H 1
| #define HAVE_INTTYPES_H 1
| #define HAVE_STDINT_H 1
| #define HAVE_UNISTD_H 1
| #define __EXTENSIONS__ 1
| #define _POSIX_PTHREAD_SEMANTICS 1
| #define _TANDEM_SOURCE 1
| #define DHCP_BYTE_ORDER BIG_ENDIAN
| #define FAILOVER_PROTOCOL 1
| #define ENABLE_EXECUTE 1
| #define TRACING 1
| #define DHCPv6 1
| #define HAVE_IFADDRS_H 1
| #define HAVE_LINUX_TYPES_H 1
| #define HAVE_LPF 1
| /* end confdefs.h.  */
|  #include <sys/types.h>
|   #include <sys/socket.h>
|   #include <net/if.h>
| 
| int
| main ()
| {
|  struct lifnum a;
| 
|   ;
|   return 0;
| }
configure:6523: result: no
configure:6529: checking for struct if_laddrconf
configure:6555: mips64-octeon-linux-gnu-gcc -c -mabi=64 -Os -fomit-frame-pointer -DNO_ASM  conftest.c >&5
conftest.c:33:23: error: net/if6.h: No such file or directory
conftest.c: In function 'main':
conftest.c:38: error: storage size of 'a' isn't known
configure:6561: $? = 1
configure: failed program was:
| /* confdefs.h.  */
| #define PACKAGE_NAME "DHCP"
| #define PACKAGE_TARNAME "dhcp"
| #define PACKAGE_VERSION "4.1.1-P1"
| #define PACKAGE_STRING "DHCP 4.1.1-P1"
| #define PACKAGE_BUGREPORT "dhcp-users@isc.org"
| #define PACKAGE "dhcp"
| #define VERSION "4.1.1-P1"
| #define _GNU_SOURCE 1
| #define STDC_HEADERS 1
| #define HAVE_SYS_TYPES_H 1
| #define HAVE_SYS_STAT_H 1
| #define HAVE_STDLIB_H 1
| #define HAVE_STRING_H 1
| #define HAVE_MEMORY_H 1
| #define HAVE_STRINGS_H 1
| #define HAVE_INTTYPES_H 1
| #define HAVE_STDINT_H 1
| #define HAVE_UNISTD_H 1
| #define __EXTENSIONS__ 1
| #define _POSIX_PTHREAD_SEMANTICS 1
| #define _TANDEM_SOURCE 1
| #define DHCP_BYTE_ORDER BIG_ENDIAN
| #define FAILOVER_PROTOCOL 1
| #define ENABLE_EXECUTE 1
| #define TRACING 1
| #define DHCPv6 1
| #define HAVE_IFADDRS_H 1
| #define HAVE_LINUX_TYPES_H 1
| #define HAVE_LPF 1
| /* end confdefs.h.  */
|  #include <sys/types.h>
|   #include <net/if6.h>
| 
| int
| main ()
| {
|  struct if_laddrconf a;
| 
|   ;
|   return 0;
| }
configure:6577: result: no
configure:6583: checking for struct if_laddrreq
configure:6609: mips64-octeon-linux-gnu-gcc -o conftest -mabi=64 -Os -fomit-frame-pointer -DNO_ASM   conftest.c  >&5
conftest.c:33:22: error: net/if6.h: No such file or directory
conftest.c: In function 'main':
conftest.c:38: error: storage size of 'a' isn't known
configure:6615: $? = 1
configure: failed program was:
| /* confdefs.h.  */
| #define PACKAGE_NAME "DHCP"
| #define PACKAGE_TARNAME "dhcp"
| #define PACKAGE_VERSION "4.1.1-P1"
| #define PACKAGE_STRING "DHCP 4.1.1-P1"
| #define PACKAGE_BUGREPORT "dhcp-users@isc.org"
| #define PACKAGE "dhcp"
| #define VERSION "4.1.1-P1"
| #define _GNU_SOURCE 1
| #define STDC_HEADERS 1
| #define HAVE_SYS_TYPES_H 1
| #define HAVE_SYS_STAT_H 1
| #define HAVE_STDLIB_H 1
| #define HAVE_STRING_H 1
| #define HAVE_MEMORY_H 1
| #define HAVE_STRINGS_H 1
| #define HAVE_INTTYPES_H 1
| #define HAVE_STDINT_H 1
| #define HAVE_UNISTD_H 1
| #define __EXTENSIONS__ 1
| #define _POSIX_PTHREAD_SEMANTICS 1
| #define _TANDEM_SOURCE 1
| #define DHCP_BYTE_ORDER BIG_ENDIAN
| #define FAILOVER_PROTOCOL 1
| #define ENABLE_EXECUTE 1
| #define TRACING 1
| #define DHCPv6 1
| #define HAVE_IFADDRS_H 1
| #define HAVE_LINUX_TYPES_H 1
| #define HAVE_LPF 1
| /* end confdefs.h.  */
| #include <sys/types.h>
|  #include <net/if6.h>
| 
| int
| main ()
| {
|  struct if_laddrreq a;
| 
|   ;
|   return 0;
| }
configure:6632: result: no
configure:6658: checking sys/socket.h usability
configure:6675: mips64-octeon-linux-gnu-gcc -c -mabi=64 -Os -fomit-frame-pointer -DNO_ASM  conftest.c >&5
configure:6681: $? = 0
configure:6695: result: yes
configure:6699: checking sys/socket.h presence
configure:6714: mips64-octeon-linux-gnu-gcc -E  conftest.c
configure:6720: $? = 0
configure:6734: result: yes
configure:6767: checking for sys/socket.h
configure:6775: result: yes
configure:6658: checking net/if_dl.h usability
configure:6675: mips64-octeon-linux-gnu-gcc -c -mabi=64 -Os -fomit-frame-pointer -DNO_ASM  conftest.c >&5
conftest.c:66:23: error: net/if_dl.h: No such file or directory
configure:6681: $? = 1
configure: failed program was:
| /* confdefs.h.  */
| #define PACKAGE_NAME "DHCP"
| #define PACKAGE_TARNAME "dhcp"
| #define PACKAGE_VERSION "4.1.1-P1"
| #define PACKAGE_STRING "DHCP 4.1.1-P1"
| #define PACKAGE_BUGREPORT "dhcp-users@isc.org"
| #define PACKAGE "dhcp"
| #define VERSION "4.1.1-P1"
| #define _GNU_SOURCE 1
| #define STDC_HEADERS 1
| #define HAVE_SYS_TYPES_H 1
| #define HAVE_SYS_STAT_H 1
| #define HAVE_STDLIB_H 1
| #define HAVE_STRING_H 1
| #define HAVE_MEMORY_H 1
| #define HAVE_STRINGS_H 1
| #define HAVE_INTTYPES_H 1
| #define HAVE_STDINT_H 1
| #define HAVE_UNISTD_H 1
| #define __EXTENSIONS__ 1
| #define _POSIX_PTHREAD_SEMANTICS 1
| #define _TANDEM_SOURCE 1
| #define DHCP_BYTE_ORDER BIG_ENDIAN
| #define FAILOVER_PROTOCOL 1
| #define ENABLE_EXECUTE 1
| #define TRACING 1
| #define DHCPv6 1
| #define HAVE_IFADDRS_H 1
| #define HAVE_LINUX_TYPES_H 1
| #define HAVE_LPF 1
| #define HAVE_SYS_SOCKET_H 1
| /* end confdefs.h.  */
| #include <stdio.h>
| #ifdef HAVE_SYS_TYPES_H
| # include <sys/types.h>
| #endif
| #ifdef HAVE_SYS_STAT_H
| # include <sys/stat.h>
| #endif
| #ifdef STDC_HEADERS
| # include <stdlib.h>
| # include <stddef.h>
| #else
| # ifdef HAVE_STDLIB_H
| #  include <stdlib.h>
| # endif
| #endif
| #ifdef HAVE_STRING_H
| # if !defined STDC_HEADERS && defined HAVE_MEMORY_H
| #  include <memory.h>
| # endif
| # include <string.h>
| #endif
| #ifdef HAVE_STRINGS_H
| # include <strings.h>
| #endif
| #ifdef HAVE_INTTYPES_H
| # include <inttypes.h>
| #endif
| #ifdef HAVE_STDINT_H
| # include <stdint.h>
| #endif
| #ifdef HAVE_UNISTD_H
| # include <unistd.h>
| #endif
| #include <net/if_dl.h>
configure:6695: result: no
configure:6699: checking net/if_dl.h presence
configure:6714: mips64-octeon-linux-gnu-gcc -E  conftest.c
conftest.c:33:23: error: net/if_dl.h: No such file or directory
configure:6720: $? = 1
configure: failed program was:
| /* confdefs.h.  */
| #define PACKAGE_NAME "DHCP"
| #define PACKAGE_TARNAME "dhcp"
| #define PACKAGE_VERSION "4.1.1-P1"
| #define PACKAGE_STRING "DHCP 4.1.1-P1"
| #define PACKAGE_BUGREPORT "dhcp-users@isc.org"
| #define PACKAGE "dhcp"
| #define VERSION "4.1.1-P1"
| #define _GNU_SOURCE 1
| #define STDC_HEADERS 1
| #define HAVE_SYS_TYPES_H 1
| #define HAVE_SYS_STAT_H 1
| #define HAVE_STDLIB_H 1
| #define HAVE_STRING_H 1
| #define HAVE_MEMORY_H 1
| #define HAVE_STRINGS_H 1
| #define HAVE_INTTYPES_H 1
| #define HAVE_STDINT_H 1
| #define HAVE_UNISTD_H 1
| #define __EXTENSIONS__ 1
| #define _POSIX_PTHREAD_SEMANTICS 1
| #define _TANDEM_SOURCE 1
| #define DHCP_BYTE_ORDER BIG_ENDIAN
| #define FAILOVER_PROTOCOL 1
| #define ENABLE_EXECUTE 1
| #define TRACING 1
| #define DHCPv6 1
| #define HAVE_IFADDRS_H 1
| #define HAVE_LINUX_TYPES_H 1
| #define HAVE_LPF 1
| #define HAVE_SYS_SOCKET_H 1
| /* end confdefs.h.  */
| #include <net/if_dl.h>
configure:6734: result: no
configure:6767: checking for net/if_dl.h
configure:6775: result: no
configure:6658: checking net/if6.h usability
configure:6675: mips64-octeon-linux-gnu-gcc -c -mabi=64 -Os -fomit-frame-pointer -DNO_ASM  conftest.c >&5
conftest.c:66:21: error: net/if6.h: No such file or directory
configure:6681: $? = 1
configure: failed program was:
| /* confdefs.h.  */
| #define PACKAGE_NAME "DHCP"
| #define PACKAGE_TARNAME "dhcp"
| #define PACKAGE_VERSION "4.1.1-P1"
| #define PACKAGE_STRING "DHCP 4.1.1-P1"
| #define PACKAGE_BUGREPORT "dhcp-users@isc.org"
| #define PACKAGE "dhcp"
| #define VERSION "4.1.1-P1"
| #define _GNU_SOURCE 1
| #define STDC_HEADERS 1
| #define HAVE_SYS_TYPES_H 1
| #define HAVE_SYS_STAT_H 1
| #define HAVE_STDLIB_H 1
| #define HAVE_STRING_H 1
| #define HAVE_MEMORY_H 1
| #define HAVE_STRINGS_H 1
| #define HAVE_INTTYPES_H 1
| #define HAVE_STDINT_H 1
| #define HAVE_UNISTD_H 1
| #define __EXTENSIONS__ 1
| #define _POSIX_PTHREAD_SEMANTICS 1
| #define _TANDEM_SOURCE 1
| #define DHCP_BYTE_ORDER BIG_ENDIAN
| #define FAILOVER_PROTOCOL 1
| #define ENABLE_EXECUTE 1
| #define TRACING 1
| #define DHCPv6 1
| #define HAVE_IFADDRS_H 1
| #define HAVE_LINUX_TYPES_H 1
| #define HAVE_LPF 1
| #define HAVE_SYS_SOCKET_H 1
| /* end confdefs.h.  */
| #include <stdio.h>
| #ifdef HAVE_SYS_TYPES_H
| # include <sys/types.h>
| #endif
| #ifdef HAVE_SYS_STAT_H
| # include <sys/stat.h>
| #endif
| #ifdef STDC_HEADERS
| # include <stdlib.h>
| # include <stddef.h>
| #else
| # ifdef HAVE_STDLIB_H
| #  include <stdlib.h>
| # endif
| #endif
| #ifdef HAVE_STRING_H
| # if !defined STDC_HEADERS && defined HAVE_MEMORY_H
| #  include <memory.h>
| # endif
| # include <string.h>
| #endif
| #ifdef HAVE_STRINGS_H
| # include <strings.h>
| #endif
| #ifdef HAVE_INTTYPES_H
| # include <inttypes.h>
| #endif
| #ifdef HAVE_STDINT_H
| # include <stdint.h>
| #endif
| #ifdef HAVE_UNISTD_H
| # include <unistd.h>
| #endif
| #include <net/if6.h>
configure:6695: result: no
configure:6699: checking net/if6.h presence
configure:6714: mips64-octeon-linux-gnu-gcc -E  conftest.c
conftest.c:33:21: error: net/if6.h: No such file or directory
configure:6720: $? = 1
configure: failed program was:
| /* confdefs.h.  */
| #define PACKAGE_NAME "DHCP"
| #define PACKAGE_TARNAME "dhcp"
| #define PACKAGE_VERSION "4.1.1-P1"
| #define PACKAGE_STRING "DHCP 4.1.1-P1"
| #define PACKAGE_BUGREPORT "dhcp-users@isc.org"
| #define PACKAGE "dhcp"
| #define VERSION "4.1.1-P1"
| #define _GNU_SOURCE 1
| #define STDC_HEADERS 1
| #define HAVE_SYS_TYPES_H 1
| #define HAVE_SYS_STAT_H 1
| #define HAVE_STDLIB_H 1
| #define HAVE_STRING_H 1
| #define HAVE_MEMORY_H 1
| #define HAVE_STRINGS_H 1
| #define HAVE_INTTYPES_H 1
| #define HAVE_STDINT_H 1
| #define HAVE_UNISTD_H 1
| #define __EXTENSIONS__ 1
| #define _POSIX_PTHREAD_SEMANTICS 1
| #define _TANDEM_SOURCE 1
| #define DHCP_BYTE_ORDER BIG_ENDIAN
| #define FAILOVER_PROTOCOL 1
| #define ENABLE_EXECUTE 1
| #define TRACING 1
| #define DHCPv6 1
| #define HAVE_IFADDRS_H 1
| #define HAVE_LINUX_TYPES_H 1
| #define HAVE_LPF 1
| #define HAVE_SYS_SOCKET_H 1
| /* end confdefs.h.  */
| #include <net/if6.h>
configure:6734: result: no
configure:6767: checking for net/if6.h
configure:6775: result: no
configure:6658: checking regex.h usability
configure:6675: mips64-octeon-linux-gnu-gcc -c -mabi=64 -Os -fomit-frame-pointer -DNO_ASM  conftest.c >&5
configure:6681: $? = 0
configure:6695: result: yes
configure:6699: checking regex.h presence
configure:6714: mips64-octeon-linux-gnu-gcc -E  conftest.c
configure:6720: $? = 0
configure:6734: result: yes
configure:6767: checking for regex.h
configure:6775: result: yes
configure:6790: checking for library containing MD5_Init
configure:6831: mips64-octeon-linux-gnu-gcc -o conftest -mabi=64 -Os -fomit-frame-pointer -DNO_ASM   conftest.c  >&5
/tmp/ccKHe58b.o: In function `main':
conftest.c:(.text+0x18): undefined reference to `MD5_Init'
collect2: ld returned 1 exit status
configure:6837: $? = 1
configure: failed program was:
| /* confdefs.h.  */
| #define PACKAGE_NAME "DHCP"
| #define PACKAGE_TARNAME "dhcp"
| #define PACKAGE_VERSION "4.1.1-P1"
| #define PACKAGE_STRING "DHCP 4.1.1-P1"
| #define PACKAGE_BUGREPORT "dhcp-users@isc.org"
| #define PACKAGE "dhcp"
| #define VERSION "4.1.1-P1"
| #define _GNU_SOURCE 1
| #define STDC_HEADERS 1
| #define HAVE_SYS_TYPES_H 1
| #define HAVE_SYS_STAT_H 1
| #define HAVE_STDLIB_H 1
| #define HAVE_STRING_H 1
| #define HAVE_MEMORY_H 1
| #define HAVE_STRINGS_H 1
| #define HAVE_INTTYPES_H 1
| #define HAVE_STDINT_H 1
| #define HAVE_UNISTD_H 1
| #define __EXTENSIONS__ 1
| #define _POSIX_PTHREAD_SEMANTICS 1
| #define _TANDEM_SOURCE 1
| #define DHCP_BYTE_ORDER BIG_ENDIAN
| #define FAILOVER_PROTOCOL 1
| #define ENABLE_EXECUTE 1
| #define TRACING 1
| #define DHCPv6 1
| #define HAVE_IFADDRS_H 1
| #define HAVE_LINUX_TYPES_H 1
| #define HAVE_LPF 1
| #define HAVE_SYS_SOCKET_H 1
| #define HAVE_REGEX_H 1
| /* end confdefs.h.  */
| 
| /* Override any GCC internal prototype to avoid an error.
|    Use char because int might match the return type of a GCC
|    builtin and then its argument prototype would still apply.  */
| #ifdef __cplusplus
| extern "C"
| #endif
| char MD5_Init ();
| int
| main ()
| {
| return MD5_Init ();
|   ;
|   return 0;
| }
configure:6831: mips64-octeon-linux-gnu-gcc -o conftest -mabi=64 -Os -fomit-frame-pointer -DNO_ASM   conftest.c -lcrypto   >&5
/home/lenny/Project/openwrt/cisco_RV0XX-v4.0.2.08-tm-GPL_CI005-ipv6/tools-gcc-4.1/bin/../lib/gcc/mips64-octeon-linux-gnu/4.1.2/../../../../mips64-octeon-linux-gnu/bin/ld: cannot find -lcrypto
collect2: ld returned 1 exit status
configure:6837: $? = 1
configure: failed program was:
| /* confdefs.h.  */
| #define PACKAGE_NAME "DHCP"
| #define PACKAGE_TARNAME "dhcp"
| #define PACKAGE_VERSION "4.1.1-P1"
| #define PACKAGE_STRING "DHCP 4.1.1-P1"
| #define PACKAGE_BUGREPORT "dhcp-users@isc.org"
| #define PACKAGE "dhcp"
| #define VERSION "4.1.1-P1"
| #define _GNU_SOURCE 1
| #define STDC_HEADERS 1
| #define HAVE_SYS_TYPES_H 1
| #define HAVE_SYS_STAT_H 1
| #define HAVE_STDLIB_H 1
| #define HAVE_STRING_H 1
| #define HAVE_MEMORY_H 1
| #define HAVE_STRINGS_H 1
| #define HAVE_INTTYPES_H 1
| #define HAVE_STDINT_H 1
| #define HAVE_UNISTD_H 1
| #define __EXTENSIONS__ 1
| #define _POSIX_PTHREAD_SEMANTICS 1
| #define _TANDEM_SOURCE 1
| #define DHCP_BYTE_ORDER BIG_ENDIAN
| #define FAILOVER_PROTOCOL 1
| #define ENABLE_EXECUTE 1
| #define TRACING 1
| #define DHCPv6 1
| #define HAVE_IFADDRS_H 1
| #define HAVE_LINUX_TYPES_H 1
| #define HAVE_LPF 1
| #define HAVE_SYS_SOCKET_H 1
| #define HAVE_REGEX_H 1
| /* end confdefs.h.  */
| 
| /* Override any GCC internal prototype to avoid an error.
|    Use char because int might match the return type of a GCC
|    builtin and then its argument prototype would still apply.  */
| #ifdef __cplusplus
| extern "C"
| #endif
| char MD5_Init ();
| int
| main ()
| {
| return MD5_Init ();
|   ;
|   return 0;
| }
configure:6865: result: no
configure:6873: checking for library containing MD5Init
configure:6914: mips64-octeon-linux-gnu-gcc -o conftest -mabi=64 -Os -fomit-frame-pointer -DNO_ASM   conftest.c  >&5
/tmp/cciVS4do.o: In function `main':
conftest.c:(.text+0x18): undefined reference to `MD5Init'
collect2: ld returned 1 exit status
configure:6920: $? = 1
configure: failed program was:
| /* confdefs.h.  */
| #define PACKAGE_NAME "DHCP"
| #define PACKAGE_TARNAME "dhcp"
| #define PACKAGE_VERSION "4.1.1-P1"
| #define PACKAGE_STRING "DHCP 4.1.1-P1"
| #define PACKAGE_BUGREPORT "dhcp-users@isc.org"
| #define PACKAGE "dhcp"
| #define VERSION "4.1.1-P1"
| #define _GNU_SOURCE 1
| #define STDC_HEADERS 1
| #define HAVE_SYS_TYPES_H 1
| #define HAVE_SYS_STAT_H 1
| #define HAVE_STDLIB_H 1
| #define HAVE_STRING_H 1
| #define HAVE_MEMORY_H 1
| #define HAVE_STRINGS_H 1
| #define HAVE_INTTYPES_H 1
| #define HAVE_STDINT_H 1
| #define HAVE_UNISTD_H 1
| #define __EXTENSIONS__ 1
| #define _POSIX_PTHREAD_SEMANTICS 1
| #define _TANDEM_SOURCE 1
| #define DHCP_BYTE_ORDER BIG_ENDIAN
| #define FAILOVER_PROTOCOL 1
| #define ENABLE_EXECUTE 1
| #define TRACING 1
| #define DHCPv6 1
| #define HAVE_IFADDRS_H 1
| #define HAVE_LINUX_TYPES_H 1
| #define HAVE_LPF 1
| #define HAVE_SYS_SOCKET_H 1
| #define HAVE_REGEX_H 1
| /* end confdefs.h.  */
| 
| /* Override any GCC internal prototype to avoid an error.
|    Use char because int might match the return type of a GCC
|    builtin and then its argument prototype would still apply.  */
| #ifdef __cplusplus
| extern "C"
| #endif
| char MD5Init ();
| int
| main ()
| {
| return MD5Init ();
|   ;
|   return 0;
| }
configure:6914: mips64-octeon-linux-gnu-gcc -o conftest -mabi=64 -Os -fomit-frame-pointer -DNO_ASM   conftest.c -lcrypto   >&5
/home/lenny/Project/openwrt/cisco_RV0XX-v4.0.2.08-tm-GPL_CI005-ipv6/tools-gcc-4.1/bin/../lib/gcc/mips64-octeon-linux-gnu/4.1.2/../../../../mips64-octeon-linux-gnu/bin/ld: cannot find -lcrypto
collect2: ld returned 1 exit status
configure:6920: $? = 1
configure: failed program was:
| /* confdefs.h.  */
| #define PACKAGE_NAME "DHCP"
| #define PACKAGE_TARNAME "dhcp"
| #define PACKAGE_VERSION "4.1.1-P1"
| #define PACKAGE_STRING "DHCP 4.1.1-P1"
| #define PACKAGE_BUGREPORT "dhcp-users@isc.org"
| #define PACKAGE "dhcp"
| #define VERSION "4.1.1-P1"
| #define _GNU_SOURCE 1
| #define STDC_HEADERS 1
| #define HAVE_SYS_TYPES_H 1
| #define HAVE_SYS_STAT_H 1
| #define HAVE_STDLIB_H 1
| #define HAVE_STRING_H 1
| #define HAVE_MEMORY_H 1
| #define HAVE_STRINGS_H 1
| #define HAVE_INTTYPES_H 1
| #define HAVE_STDINT_H 1
| #define HAVE_UNISTD_H 1
| #define __EXTENSIONS__ 1
| #define _POSIX_PTHREAD_SEMANTICS 1
| #define _TANDEM_SOURCE 1
| #define DHCP_BYTE_ORDER BIG_ENDIAN
| #define FAILOVER_PROTOCOL 1
| #define ENABLE_EXECUTE 1
| #define TRACING 1
| #define DHCPv6 1
| #define HAVE_IFADDRS_H 1
| #define HAVE_LINUX_TYPES_H 1
| #define HAVE_LPF 1
| #define HAVE_SYS_SOCKET_H 1
| #define HAVE_REGEX_H 1
| /* end confdefs.h.  */
| 
| /* Override any GCC internal prototype to avoid an error.
|    Use char because int might match the return type of a GCC
|    builtin and then its argument prototype would still apply.  */
| #ifdef __cplusplus
| extern "C"
| #endif
| char MD5Init ();
| int
| main ()
| {
| return MD5Init ();
|   ;
|   return 0;
| }
configure:6948: result: no
configure:6958: checking for library containing socket
configure:6999: mips64-octeon-linux-gnu-gcc -o conftest -mabi=64 -Os -fomit-frame-pointer -DNO_ASM   conftest.c  >&5
configure:7005: $? = 0
configure:7033: result: none required
configure:7041: checking for library containing inet_ntoa
configure:7082: mips64-octeon-linux-gnu-gcc -o conftest -mabi=64 -Os -fomit-frame-pointer -DNO_ASM   conftest.c  >&5
configure:7088: $? = 0
configure:7116: result: none required
configure:7125: checking for library containing inet_aton
configure:7166: mips64-octeon-linux-gnu-gcc -o conftest -mabi=64 -Os -fomit-frame-pointer -DNO_ASM   conftest.c  >&5
configure:7172: $? = 0
configure:7200: result: none required
configure:7216: checking for library containing regcomp
configure:7257: mips64-octeon-linux-gnu-gcc -o conftest -mabi=64 -Os -fomit-frame-pointer -DNO_ASM   conftest.c  >&5
configure:7263: $? = 0
configure:7291: result: none required
configure:7301: checking for library containing if_nametoindex
configure:7342: mips64-octeon-linux-gnu-gcc -o conftest -mabi=64 -Os -fomit-frame-pointer -DNO_ASM   conftest.c  >&5
configure:7348: $? = 0
configure:7376: result: none required
configure:7386: checking for /dev/random
configure:7402: result: 
configure:7414: checking for struct sockaddr.sa_len
configure:7443: mips64-octeon-linux-gnu-gcc -c -mabi=64 -Os -fomit-frame-pointer -DNO_ASM  conftest.c >&5
conftest.c: In function 'main':
conftest.c:40: error: 'struct sockaddr' has no member named 'sa_len'
configure:7449: $? = 1
configure: failed program was:
| /* confdefs.h.  */
| #define PACKAGE_NAME "DHCP"
| #define PACKAGE_TARNAME "dhcp"
| #define PACKAGE_VERSION "4.1.1-P1"
| #define PACKAGE_STRING "DHCP 4.1.1-P1"
| #define PACKAGE_BUGREPORT "dhcp-users@isc.org"
| #define PACKAGE "dhcp"
| #define VERSION "4.1.1-P1"
| #define _GNU_SOURCE 1
| #define STDC_HEADERS 1
| #define HAVE_SYS_TYPES_H 1
| #define HAVE_SYS_STAT_H 1
| #define HAVE_STDLIB_H 1
| #define HAVE_STRING_H 1
| #define HAVE_MEMORY_H 1
| #define HAVE_STRINGS_H 1
| #define HAVE_INTTYPES_H 1
| #define HAVE_STDINT_H 1
| #define HAVE_UNISTD_H 1
| #define __EXTENSIONS__ 1
| #define _POSIX_PTHREAD_SEMANTICS 1
| #define _TANDEM_SOURCE 1
| #define DHCP_BYTE_ORDER BIG_ENDIAN
| #define FAILOVER_PROTOCOL 1
| #define ENABLE_EXECUTE 1
| #define TRACING 1
| #define DHCPv6 1
| #define HAVE_IFADDRS_H 1
| #define HAVE_LINUX_TYPES_H 1
| #define HAVE_LPF 1
| #define HAVE_SYS_SOCKET_H 1
| #define HAVE_REGEX_H 1
| /* end confdefs.h.  */
| #include <sys/socket.h>
| 
| int
| main ()
| {
| static struct sockaddr ac_aggr;
| if (ac_aggr.sa_len)
| return 0;
|   ;
|   return 0;
| }
configure:7483: mips64-octeon-linux-gnu-gcc -c -mabi=64 -Os -fomit-frame-pointer -DNO_ASM  conftest.c >&5
conftest.c: In function 'main':
conftest.c:40: error: 'struct sockaddr' has no member named 'sa_len'
configure:7489: $? = 1
configure: failed program was:
| /* confdefs.h.  */
| #define PACKAGE_NAME "DHCP"
| #define PACKAGE_TARNAME "dhcp"
| #define PACKAGE_VERSION "4.1.1-P1"
| #define PACKAGE_STRING "DHCP 4.1.1-P1"
| #define PACKAGE_BUGREPORT "dhcp-users@isc.org"
| #define PACKAGE "dhcp"
| #define VERSION "4.1.1-P1"
| #define _GNU_SOURCE 1
| #define STDC_HEADERS 1
| #define HAVE_SYS_TYPES_H 1
| #define HAVE_SYS_STAT_H 1
| #define HAVE_STDLIB_H 1
| #define HAVE_STRING_H 1
| #define HAVE_MEMORY_H 1
| #define HAVE_STRINGS_H 1
| #define HAVE_INTTYPES_H 1
| #define HAVE_STDINT_H 1
| #define HAVE_UNISTD_H 1
| #define __EXTENSIONS__ 1
| #define _POSIX_PTHREAD_SEMANTICS 1
| #define _TANDEM_SOURCE 1
| #define DHCP_BYTE_ORDER BIG_ENDIAN
| #define FAILOVER_PROTOCOL 1
| #define ENABLE_EXECUTE 1
| #define TRACING 1
| #define DHCPv6 1
| #define HAVE_IFADDRS_H 1
| #define HAVE_LINUX_TYPES_H 1
| #define HAVE_LPF 1
| #define HAVE_SYS_SOCKET_H 1
| #define HAVE_REGEX_H 1
| /* end confdefs.h.  */
| #include <sys/socket.h>
| 
| int
| main ()
| {
| static struct sockaddr ac_aggr;
| if (sizeof ac_aggr.sa_len)
| return 0;
|   ;
|   return 0;
| }
configure:7507: result: no
configure:7519: checking for struct iaddr *
configure:7553: mips64-octeon-linux-gnu-gcc -c -mabi=64 -Os -fomit-frame-pointer -DNO_ASM  conftest.c >&5
configure:7559: $? = 0
configure:7574: result: yes
configure:7581: checking size of struct iaddr *
configure:7616: mips64-octeon-linux-gnu-gcc -c -mabi=64 -Os -fomit-frame-pointer -DNO_ASM  conftest.c >&5
configure:7622: $? = 0
configure:7657: mips64-octeon-linux-gnu-gcc -c -mabi=64 -Os -fomit-frame-pointer -DNO_ASM  conftest.c >&5
conftest.c: In function 'main':
conftest.c:43: error: size of array 'test_array' is negative
configure:7663: $? = 1
configure: failed program was:
| /* confdefs.h.  */
| #define PACKAGE_NAME "DHCP"
| #define PACKAGE_TARNAME "dhcp"
| #define PACKAGE_VERSION "4.1.1-P1"
| #define PACKAGE_STRING "DHCP 4.1.1-P1"
| #define PACKAGE_BUGREPORT "dhcp-users@isc.org"
| #define PACKAGE "dhcp"
| #define VERSION "4.1.1-P1"
| #define _GNU_SOURCE 1
| #define STDC_HEADERS 1
| #define HAVE_SYS_TYPES_H 1
| #define HAVE_SYS_STAT_H 1
| #define HAVE_STDLIB_H 1
| #define HAVE_STRING_H 1
| #define HAVE_MEMORY_H 1
| #define HAVE_STRINGS_H 1
| #define HAVE_INTTYPES_H 1
| #define HAVE_STDINT_H 1
| #define HAVE_UNISTD_H 1
| #define __EXTENSIONS__ 1
| #define _POSIX_PTHREAD_SEMANTICS 1
| #define _TANDEM_SOURCE 1
| #define DHCP_BYTE_ORDER BIG_ENDIAN
| #define FAILOVER_PROTOCOL 1
| #define ENABLE_EXECUTE 1
| #define TRACING 1
| #define DHCPv6 1
| #define HAVE_IFADDRS_H 1
| #define HAVE_LINUX_TYPES_H 1
| #define HAVE_LPF 1
| #define HAVE_SYS_SOCKET_H 1
| #define HAVE_REGEX_H 1
| /* end confdefs.h.  */
| 
| #include "includes/inet.h"
| #include <stdio.h>
| 
| 
|    typedef struct iaddr * ac__type_sizeof_;
| int
| main ()
| {
| static int test_array [1 - 2 * !(((long int) (sizeof (ac__type_sizeof_))) <= 0)];
| test_array [0] = 0
| 
|   ;
|   return 0;
| }
configure:7657: mips64-octeon-linux-gnu-gcc -c -mabi=64 -Os -fomit-frame-pointer -DNO_ASM  conftest.c >&5
conftest.c: In function 'main':
conftest.c:43: error: size of array 'test_array' is negative
configure:7663: $? = 1
configure: failed program was:
| /* confdefs.h.  */
| #define PACKAGE_NAME "DHCP"
| #define PACKAGE_TARNAME "dhcp"
| #define PACKAGE_VERSION "4.1.1-P1"
| #define PACKAGE_STRING "DHCP 4.1.1-P1"
| #define PACKAGE_BUGREPORT "dhcp-users@isc.org"
| #define PACKAGE "dhcp"
| #define VERSION "4.1.1-P1"
| #define _GNU_SOURCE 1
| #define STDC_HEADERS 1
| #define HAVE_SYS_TYPES_H 1
| #define HAVE_SYS_STAT_H 1
| #define HAVE_STDLIB_H 1
| #define HAVE_STRING_H 1
| #define HAVE_MEMORY_H 1
| #define HAVE_STRINGS_H 1
| #define HAVE_INTTYPES_H 1
| #define HAVE_STDINT_H 1
| #define HAVE_UNISTD_H 1
| #define __EXTENSIONS__ 1
| #define _POSIX_PTHREAD_SEMANTICS 1
| #define _TANDEM_SOURCE 1
| #define DHCP_BYTE_ORDER BIG_ENDIAN
| #define FAILOVER_PROTOCOL 1
| #define ENABLE_EXECUTE 1
| #define TRACING 1
| #define DHCPv6 1
| #define HAVE_IFADDRS_H 1
| #define HAVE_LINUX_TYPES_H 1
| #define HAVE_LPF 1
| #define HAVE_SYS_SOCKET_H 1
| #define HAVE_REGEX_H 1
| /* end confdefs.h.  */
| 
| #include "includes/inet.h"
| #include <stdio.h>
| 
| 
|    typedef struct iaddr * ac__type_sizeof_;
| int
| main ()
| {
| static int test_array [1 - 2 * !(((long int) (sizeof (ac__type_sizeof_))) <= 1)];
| test_array [0] = 0
| 
|   ;
|   return 0;
| }
configure:7657: mips64-octeon-linux-gnu-gcc -c -mabi=64 -Os -fomit-frame-pointer -DNO_ASM  conftest.c >&5
conftest.c: In function 'main':
conftest.c:43: error: size of array 'test_array' is negative
configure:7663: $? = 1
configure: failed program was:
| /* confdefs.h.  */
| #define PACKAGE_NAME "DHCP"
| #define PACKAGE_TARNAME "dhcp"
| #define PACKAGE_VERSION "4.1.1-P1"
| #define PACKAGE_STRING "DHCP 4.1.1-P1"
| #define PACKAGE_BUGREPORT "dhcp-users@isc.org"
| #define PACKAGE "dhcp"
| #define VERSION "4.1.1-P1"
| #define _GNU_SOURCE 1
| #define STDC_HEADERS 1
| #define HAVE_SYS_TYPES_H 1
| #define HAVE_SYS_STAT_H 1
| #define HAVE_STDLIB_H 1
| #define HAVE_STRING_H 1
| #define HAVE_MEMORY_H 1
| #define HAVE_STRINGS_H 1
| #define HAVE_INTTYPES_H 1
| #define HAVE_STDINT_H 1
| #define HAVE_UNISTD_H 1
| #define __EXTENSIONS__ 1
| #define _POSIX_PTHREAD_SEMANTICS 1
| #define _TANDEM_SOURCE 1
| #define DHCP_BYTE_ORDER BIG_ENDIAN
| #define FAILOVER_PROTOCOL 1
| #define ENABLE_EXECUTE 1
| #define TRACING 1
| #define DHCPv6 1
| #define HAVE_IFADDRS_H 1
| #define HAVE_LINUX_TYPES_H 1
| #define HAVE_LPF 1
| #define HAVE_SYS_SOCKET_H 1
| #define HAVE_REGEX_H 1
| /* end confdefs.h.  */
| 
| #include "includes/inet.h"
| #include <stdio.h>
| 
| 
|    typedef struct iaddr * ac__type_sizeof_;
| int
| main ()
| {
| static int test_array [1 - 2 * !(((long int) (sizeof (ac__type_sizeof_))) <= 3)];
| test_array [0] = 0
| 
|   ;
|   return 0;
| }
configure:7657: mips64-octeon-linux-gnu-gcc -c -mabi=64 -Os -fomit-frame-pointer -DNO_ASM  conftest.c >&5
conftest.c: In function 'main':
conftest.c:43: error: size of array 'test_array' is negative
configure:7663: $? = 1
configure: failed program was:
| /* confdefs.h.  */
| #define PACKAGE_NAME "DHCP"
| #define PACKAGE_TARNAME "dhcp"
| #define PACKAGE_VERSION "4.1.1-P1"
| #define PACKAGE_STRING "DHCP 4.1.1-P1"
| #define PACKAGE_BUGREPORT "dhcp-users@isc.org"
| #define PACKAGE "dhcp"
| #define VERSION "4.1.1-P1"
| #define _GNU_SOURCE 1
| #define STDC_HEADERS 1
| #define HAVE_SYS_TYPES_H 1
| #define HAVE_SYS_STAT_H 1
| #define HAVE_STDLIB_H 1
| #define HAVE_STRING_H 1
| #define HAVE_MEMORY_H 1
| #define HAVE_STRINGS_H 1
| #define HAVE_INTTYPES_H 1
| #define HAVE_STDINT_H 1
| #define HAVE_UNISTD_H 1
| #define __EXTENSIONS__ 1
| #define _POSIX_PTHREAD_SEMANTICS 1
| #define _TANDEM_SOURCE 1
| #define DHCP_BYTE_ORDER BIG_ENDIAN
| #define FAILOVER_PROTOCOL 1
| #define ENABLE_EXECUTE 1
| #define TRACING 1
| #define DHCPv6 1
| #define HAVE_IFADDRS_H 1
| #define HAVE_LINUX_TYPES_H 1
| #define HAVE_LPF 1
| #define HAVE_SYS_SOCKET_H 1
| #define HAVE_REGEX_H 1
| /* end confdefs.h.  */
| 
| #include "includes/inet.h"
| #include <stdio.h>
| 
| 
|    typedef struct iaddr * ac__type_sizeof_;
| int
| main ()
| {
| static int test_array [1 - 2 * !(((long int) (sizeof (ac__type_sizeof_))) <= 7)];
| test_array [0] = 0
| 
|   ;
|   return 0;
| }
configure:7657: mips64-octeon-linux-gnu-gcc -c -mabi=64 -Os -fomit-frame-pointer -DNO_ASM  conftest.c >&5
configure:7663: $? = 0
configure:7824: mips64-octeon-linux-gnu-gcc -c -mabi=64 -Os -fomit-frame-pointer -DNO_ASM  conftest.c >&5
configure:7830: $? = 0
configure:7824: mips64-octeon-linux-gnu-gcc -c -mabi=64 -Os -fomit-frame-pointer -DNO_ASM  conftest.c >&5
configure:7830: $? = 0
configure:7824: mips64-octeon-linux-gnu-gcc -c -mabi=64 -Os -fomit-frame-pointer -DNO_ASM  conftest.c >&5
configure:7830: $? = 0
configure:7942: result: 8
configure:7964: checking for struct msghdr.msg_control
configure:7996: mips64-octeon-linux-gnu-gcc -c -mabi=64 -Os -fomit-frame-pointer -DNO_ASM  conftest.c >&5
configure:8002: $? = 0
configure:8063: result: yes
configure:8306: creating ./config.status

## ---------------------- ##
## Running config.status. ##
## ---------------------- ##

This file was extended by DHCP config.status 4.1.1-P1, which was
generated by GNU Autoconf 2.61.  Invocation command line was

  CONFIG_FILES    = 
  CONFIG_HEADERS  = 
  CONFIG_LINKS    = 
  CONFIG_COMMANDS = 
  $ ./config.status 

on home

config.status:649: creating Makefile
config.status:649: creating client/Makefile
config.status:649: creating common/Makefile
config.status:649: creating common/tests/Makefile
config.status:649: creating dhcpctl/Makefile
config.status:649: creating dst/Makefile
config.status:649: creating includes/Makefile
config.status:649: creating minires/Makefile
config.status:649: creating omapip/Makefile
config.status:649: creating relay/Makefile
config.status:649: creating server/Makefile
config.status:649: creating tests/Makefile
config.status:649: creating includes/config.h
config.status:856: includes/config.h is unchanged
config.status:903: executing depfiles commands

## ---------------- ##
## Cache variables. ##
## ---------------- ##

ac_cv_c_bigendian=yes
ac_cv_c_compiler_gnu=yes
ac_cv_c_int16_t=yes
ac_cv_c_int32_t=yes
ac_cv_c_int8_t=yes
ac_cv_env_CC_set=set
ac_cv_env_CC_value=mips64-octeon-linux-gnu-gcc
ac_cv_env_CFLAGS_set=set
ac_cv_env_CFLAGS_value='-mabi=64 -Os -fomit-frame-pointer -DNO_ASM'
ac_cv_env_CPPFLAGS_set=
ac_cv_env_CPPFLAGS_value=
ac_cv_env_CPP_set=set
ac_cv_env_CPP_value=
ac_cv_env_LDFLAGS_set=set
ac_cv_env_LDFLAGS_value=
ac_cv_env_LIBS_set=set
ac_cv_env_LIBS_value=
ac_cv_env_build_alias_set=
ac_cv_env_build_alias_value=
ac_cv_env_host_alias_set=set
ac_cv_env_host_alias_value=mips64-octeon-linux-gnu
ac_cv_env_target_alias_set=
ac_cv_env_target_alias_value=
ac_cv_header_ifaddrs_h=yes
ac_cv_header_inttypes_h=yes
ac_cv_header_linux_filter_h=yes
ac_cv_header_linux_types_h=yes
ac_cv_header_memory_h=yes
ac_cv_header_minix_config_h=no
ac_cv_header_net_if6_h=no
ac_cv_header_net_if_dl_h=no
ac_cv_header_regex_h=yes
ac_cv_header_stdc=yes
ac_cv_header_stdint_h=yes
ac_cv_header_stdlib_h=yes
ac_cv_header_string_h=yes
ac_cv_header_strings_h=yes
ac_cv_header_sys_socket_h=yes
ac_cv_header_sys_stat_h=yes
ac_cv_header_sys_types_h=yes
ac_cv_header_unistd_h=yes
ac_cv_member_struct_msghdr_msg_control=yes
ac_cv_member_struct_sockaddr_sa_len=no
ac_cv_objext=o
ac_cv_path_EGREP='/bin/grep -E'
ac_cv_path_GREP=/bin/grep
ac_cv_path_install='/usr/bin/install -c'
ac_cv_path_mkdir=/bin/mkdir
ac_cv_prog_AWK=gawk
ac_cv_prog_CC=mips64-octeon-linux-gnu-gcc
ac_cv_prog_CPP='mips64-octeon-linux-gnu-gcc -E'
ac_cv_prog_RANLIB=mips64-octeon-linux-gnu-ranlib
ac_cv_prog_STRIP=mips64-octeon-linux-gnu-strip
ac_cv_prog_cc_c89=
ac_cv_prog_cc_g=yes
ac_cv_prog_make_make_set=yes
ac_cv_safe_to_define___extensions__=yes
ac_cv_search_MD5Init=no
ac_cv_search_MD5_Init=no
ac_cv_search_if_nametoindex='none required'
ac_cv_search_inet_aton='none required'
ac_cv_search_inet_ntoa='none required'
ac_cv_search_regcomp='none required'
ac_cv_search_socket='none required'
ac_cv_sizeof_struct_iaddr_p=8
ac_cv_type_struct_iaddr_p=yes
ac_cv_type_u_int16_t=yes
ac_cv_type_u_int32_t=yes
ac_cv_type_u_int8_t=yes
am_cv_CC_dependencies_compiler_type=gcc3

## ----------------- ##
## Output variables. ##
## ----------------- ##

ACLOCAL='${SHELL} /home/lenny/Project/openwrt/cisco_RV0XX-v4.0.2.08-tm-GPL_CI005-ipv6/linux/embedded_rootfs/pkg_addon/dhcp-4.1.1-P1/missing --run aclocal-1.10'
AMDEPBACKSLASH='\'
AMDEP_FALSE='#'
AMDEP_TRUE=''
AMTAR='${SHELL} /home/lenny/Project/openwrt/cisco_RV0XX-v4.0.2.08-tm-GPL_CI005-ipv6/linux/embedded_rootfs/pkg_addon/dhcp-4.1.1-P1/missing --run tar'
AUTOCONF='${SHELL} /home/lenny/Project/openwrt/cisco_RV0XX-v4.0.2.08-tm-GPL_CI005-ipv6/linux/embedded_rootfs/pkg_addon/dhcp-4.1.1-P1/missing --run autoconf'
AUTOHEADER='${SHELL} /home/lenny/Project/openwrt/cisco_RV0XX-v4.0.2.08-tm-GPL_CI005-ipv6/linux/embedded_rootfs/pkg_addon/dhcp-4.1.1-P1/missing --run autoheader'
AUTOMAKE='${SHELL} /home/lenny/Project/openwrt/cisco_RV0XX-v4.0.2.08-tm-GPL_CI005-ipv6/linux/embedded_rootfs/pkg_addon/dhcp-4.1.1-P1/missing --run automake-1.10'
AWK='gawk'
CC='mips64-octeon-linux-gnu-gcc'
CCDEPMODE='depmode=gcc3'
CFLAGS='-mabi=64 -Os -fomit-frame-pointer -DNO_ASM '
CPP='mips64-octeon-linux-gnu-gcc -E'
CPPFLAGS=''
CYGPATH_W='echo'
DEFS='-DHAVE_CONFIG_H'
DEPDIR='.deps'
ECHO_C=''
ECHO_N='-n'
ECHO_T=''
EGREP='/bin/grep -E'
EXEEXT=''
GREP='/bin/grep'
INSTALL_DATA='${INSTALL} -m 644'
INSTALL_PROGRAM='${INSTALL}'
INSTALL_SCRIPT='${INSTALL}'
INSTALL_STRIP_PROGRAM='$(install_sh) -c -s'
LDFLAGS=''
LIBOBJS=''
LIBS=''
LTLIBOBJS=''
MAKEINFO='${SHELL} /home/lenny/Project/openwrt/cisco_RV0XX-v4.0.2.08-tm-GPL_CI005-ipv6/linux/embedded_rootfs/pkg_addon/dhcp-4.1.1-P1/missing --run makeinfo'
OBJEXT='o'
PACKAGE='dhcp'
PACKAGE_BUGREPORT='dhcp-users@isc.org'
PACKAGE_NAME='DHCP'
PACKAGE_STRING='DHCP 4.1.1-P1'
PACKAGE_TARNAME='dhcp'
PACKAGE_VERSION='4.1.1-P1'
PATH_SEPARATOR=':'
RANLIB='mips64-octeon-linux-gnu-ranlib'
SET_MAKE=''
SHELL='/bin/sh'
STRIP='mips64-octeon-linux-gnu-strip'
VERSION='4.1.1-P1'
ac_ct_CC=''
ac_prefix_program=''
am__fastdepCC_FALSE='#'
am__fastdepCC_TRUE=''
am__include='include'
am__isrc=''
am__leading_dot='.'
am__quote=''
am__tar='${AMTAR} chof - "$$tardir"'
am__untar='${AMTAR} xf -'
bindir='${exec_prefix}/bin'
build_alias=''
byte_order='BIG_ENDIAN'
datadir='${datarootdir}'
datarootdir='${prefix}/share'
docdir='${datarootdir}/doc/${PACKAGE_TARNAME}'
dvidir='${docdir}'
exec_prefix='${prefix}'
host_alias='mips64-octeon-linux-gnu'
htmldir='${docdir}'
includedir='${prefix}/include'
infodir='${datarootdir}/info'
install_sh='$(SHELL) /home/lenny/Project/openwrt/cisco_RV0XX-v4.0.2.08-tm-GPL_CI005-ipv6/linux/embedded_rootfs/pkg_addon/dhcp-4.1.1-P1/install-sh'
libdir='${exec_prefix}/lib'
libexecdir='${exec_prefix}/libexec'
localedir='${datarootdir}/locale'
localstatedir='/var'
mandir='${datarootdir}/man'
mkdir_p='/bin/mkdir -p'
oldincludedir='/usr/include'
pdfdir='${docdir}'
prefix='/home/lenny/Project/openwrt/cisco_RV0XX-v4.0.2.08-tm-GPL_CI005-ipv6/linux/embedded_rootfs/tmp/root-rootfs/usr'
program_transform_name='s,x,x,'
psdir='${docdir}'
sbindir='${exec_prefix}/sbin'
sharedstatedir='${prefix}/com'
sysconfdir='${prefix}/etc'
target_alias=''

## ----------- ##
## confdefs.h. ##
## ----------- ##

#define PACKAGE_NAME "DHCP"
#define PACKAGE_TARNAME "dhcp"
#define PACKAGE_VERSION "4.1.1-P1"
#define PACKAGE_STRING "DHCP 4.1.1-P1"
#define PACKAGE_BUGREPORT "dhcp-users@isc.org"
#define PACKAGE "dhcp"
#define VERSION "4.1.1-P1"
#define _GNU_SOURCE 1
#define STDC_HEADERS 1
#define HAVE_SYS_TYPES_H 1
#define HAVE_SYS_STAT_H 1
#define HAVE_STDLIB_H 1
#define HAVE_STRING_H 1
#define HAVE_MEMORY_H 1
#define HAVE_STRINGS_H 1
#define HAVE_INTTYPES_H 1
#define HAVE_STDINT_H 1
#define HAVE_UNISTD_H 1
#define __EXTENSIONS__ 1
#define _POSIX_PTHREAD_SEMANTICS 1
#define _TANDEM_SOURCE 1
#define DHCP_BYTE_ORDER BIG_ENDIAN
#define FAILOVER_PROTOCOL 1
#define ENABLE_EXECUTE 1
#define TRACING 1
#define DHCPv6 1
#define HAVE_IFADDRS_H 1
#define HAVE_LINUX_TYPES_H 1
#define HAVE_LPF 1
#define HAVE_SYS_SOCKET_H 1
#define HAVE_REGEX_H 1
#define SIZEOF_STRUCT_IADDR_P 8

configure: exit 0
