This file contains any messages produced by compilers while
running configure, to aid debugging if configure makes a mistake.

It was created by sysstat configure 8.1.5, which was
generated by GNU Autoconf 2.59.  Invocation command line was

  $ ./configure --build=i686-pc-linux-gnu --host=mips64-octeon-linux-gnu --prefix=/tmp/root-rootfs --disable-nls

## --------- ##
## Platform. ##
## --------- ##

hostname = localhost.localdomain
uname -m = i686
uname -r = 2.6.18-1.2798.fc6xen
uname -s = Linux
uname -v = #1 SMP Mon Oct 16 15:11:19 EDT 2006

/usr/bin/uname -p = unknown
/bin/uname -X     = unknown

/bin/arch              = i686
/usr/bin/arch -k       = unknown
/usr/convex/getsysinfo = unknown
hostinfo               = unknown
/bin/machine           = unknown
/usr/bin/oslevel       = unknown
/bin/universe          = unknown

PATH: /home/gavin/CA2/tools/bin
PATH: /home/gavin/CA2/host/bin
PATH: /usr/lib/qt-3.3/bin
PATH: /usr/kerberos/sbin
PATH: /usr/kerberos/bin
PATH: /usr/local/sbin
PATH: /usr/local/bin
PATH: /sbin
PATH: /bin
PATH: /usr/sbin
PATH: /usr/bin
PATH: /usr/java/j2sdk1.4.2_12/bin
PATH: /usr/java/j2sdk1.4.2_12/jre/bin
PATH: /usr/lib/qt-3.3/bin
PATH: /usr/kerberos/sbin
PATH: /usr/kerberos/bin
PATH: /usr/local/sbin
PATH: /usr/local/bin
PATH: /sbin
PATH: /bin
PATH: /usr/sbin
PATH: /usr/bin
PATH: /root/bin
PATH: /root/bin
PATH: /usr/local/cavium/tools-gcc-4.1/bin


## ----------- ##
## Core tests. ##
## ----------- ##

configure:1398: checking for mips64-octeon-linux-gnu-gcc
configure:1414: found /home/gavin/CA2/tools/bin/mips64-octeon-linux-gnu-gcc
configure:1424: result: mips64-octeon-linux-gnu-gcc
configure:1706: checking for C compiler version
configure:1709: mips64-octeon-linux-gnu-gcc --version </dev/null >&5
mips64-octeon-linux-gnu-gcc (GCC) 4.1.1 (Cavium Networks Version: 1_5_0, build 14)
Copyright (C) 2006 Free Software Foundation, Inc.
This is free software; see the source for copying conditions.  There is NO
warranty; not even for MERCHANTABILITY or FITNESS FOR A PARTICULAR PURPOSE.

configure:1712: $? = 0
configure:1714: mips64-octeon-linux-gnu-gcc -v </dev/null >&5
Using built-in specs.
Target: mips64-octeon-linux-gnu
Configured with: ../src/configure --target=mips64-octeon-linux-gnu --prefix=/usr/local/Cavium_Networks/octsw/toolchain/tools --with-local-prefix=/usr/local/Cavium_Networks/octsw/toolchain/tools/mips64-octeon-linux-gnu/sys-root --disable-sim --enable-symvers=gnu --enable-__cxa_atexit --enable-languages=c,c++ --with-sysroot
Thread model: posix
gcc version 4.1.1 (Cavium Networks Version: 1_5_0, build 14)
configure:1717: $? = 0
configure:1719: mips64-octeon-linux-gnu-gcc -V </dev/null >&5
mips64-octeon-linux-gnu-gcc: '-V' option must have argument
configure:1722: $? = 1
configure:1745: checking for C compiler default output file name
configure:1748: mips64-octeon-linux-gnu-gcc    conftest.c  >&5
configure:1751: $? = 0
configure:1797: result: a.out
configure:1802: checking whether the C compiler works
configure:1828: result: yes
configure:1835: checking whether we are cross compiling
configure:1837: result: yes
configure:1840: checking for suffix of executables
configure:1842: mips64-octeon-linux-gnu-gcc -o conftest    conftest.c  >&5
configure:1845: $? = 0
configure:1870: result: 
configure:1876: checking for suffix of object files
configure:1897: mips64-octeon-linux-gnu-gcc -c   conftest.c >&5
configure:1900: $? = 0
configure:1922: result: o
configure:1926: checking whether we are using the GNU C compiler
configure:1950: mips64-octeon-linux-gnu-gcc -c   conftest.c >&5
configure:1956: $? = 0
configure:1960: test -z 
			 || test ! -s conftest.err
configure:1963: $? = 0
configure:1966: test -s conftest.o
configure:1969: $? = 0
configure:1982: result: yes
configure:1988: checking whether mips64-octeon-linux-gnu-gcc accepts -g
configure:2009: mips64-octeon-linux-gnu-gcc -c -g  conftest.c >&5
configure:2015: $? = 0
configure:2019: test -z 
			 || test ! -s conftest.err
configure:2022: $? = 0
configure:2025: test -s conftest.o
configure:2028: $? = 0
configure:2039: result: yes
configure:2056: checking for mips64-octeon-linux-gnu-gcc option to accept ANSI C
configure:2126: mips64-octeon-linux-gnu-gcc  -c -g -O2  conftest.c >&5
configure:2132: $? = 0
configure:2136: test -z 
			 || test ! -s conftest.err
configure:2139: $? = 0
configure:2142: test -s conftest.o
configure:2145: $? = 0
configure:2163: result: none needed
configure:2181: mips64-octeon-linux-gnu-gcc -c -g -O2  conftest.c >&5
conftest.c:2: error: expected '=', ',', ';', 'asm' or '__attribute__' before 'me'
configure:2187: $? = 1
configure: failed program was:
| #ifndef __cplusplus
|   choke me
| #endif
configure:2326: checking whether ln -s works
configure:2330: result: yes
configure:2340: checking for chmod
configure:2356: found /bin/chmod
configure:2366: result: chmod
configure:2375: checking for chown
configure:2391: found /bin/chown
configure:2401: result: chown
configure:2410: checking for ar
configure:2426: found /usr/bin/ar
configure:2436: result: ar
configure:2445: checking for install
configure:2461: found /usr/bin/install
configure:2471: result: install
configure:2480: checking for msgfmt
configure:2496: found /usr/bin/msgfmt
configure:2506: result: msgfmt
configure:2515: checking for xgettext
configure:2531: found /usr/bin/xgettext
configure:2541: result: xgettext
configure:2550: checking for msgmerge
configure:2566: found /usr/bin/msgmerge
configure:2576: result: msgmerge
configure:2587: checking for bzip2
configure:2603: found /usr/bin/bzip2
configure:2613: result: bzip2
configure:2633: checking for cp
configure:2651: found /bin/cp
configure:2663: result: /bin/cp
configure:2678: checking for chkconfig
configure:2696: found /sbin/chkconfig
configure:2708: result: /sbin/chkconfig
configure:2734: checking how to run the C preprocessor
configure:2769: mips64-octeon-linux-gnu-gcc -E  conftest.c
configure:2775: $? = 0
configure:2807: mips64-octeon-linux-gnu-gcc -E  conftest.c
conftest.c:10:28: error: ac_nonexistent.h: No such file or directory
configure:2813: $? = 1
configure: failed program was:
| /* confdefs.h.  */
| 
| #define PACKAGE_NAME "sysstat"
| #define PACKAGE_TARNAME "sysstat"
| #define PACKAGE_VERSION "8.1.5"
| #define PACKAGE_STRING "sysstat 8.1.5"
| #define PACKAGE_BUGREPORT ""
| #define _GNU_SOURCE 1
| /* end confdefs.h.  */
| #include <ac_nonexistent.h>
configure:2852: result: mips64-octeon-linux-gnu-gcc -E
configure:2876: mips64-octeon-linux-gnu-gcc -E  conftest.c
configure:2882: $? = 0
configure:2914: mips64-octeon-linux-gnu-gcc -E  conftest.c
conftest.c:10:28: error: ac_nonexistent.h: No such file or directory
configure:2920: $? = 1
configure: failed program was:
| /* confdefs.h.  */
| 
| #define PACKAGE_NAME "sysstat"
| #define PACKAGE_TARNAME "sysstat"
| #define PACKAGE_VERSION "8.1.5"
| #define PACKAGE_STRING "sysstat 8.1.5"
| #define PACKAGE_BUGREPORT ""
| #define _GNU_SOURCE 1
| /* end confdefs.h.  */
| #include <ac_nonexistent.h>
configure:2964: checking for egrep
configure:2974: result: grep -E
configure:2979: checking for ANSI C header files
configure:3004: mips64-octeon-linux-gnu-gcc -c -g -O2  conftest.c >&5
configure:3010: $? = 0
configure:3014: test -z 
			 || test ! -s conftest.err
configure:3017: $? = 0
configure:3020: test -s conftest.o
configure:3023: $? = 0
configure:3135: result: yes
configure:3153: checking for dirent.h that defines DIR
configure:3177: mips64-octeon-linux-gnu-gcc -c -g -O2  conftest.c >&5
configure:3183: $? = 0
configure:3187: test -z 
			 || test ! -s conftest.err
configure:3190: $? = 0
configure:3193: test -s conftest.o
configure:3196: $? = 0
configure:3207: result: yes
configure:3220: checking for library containing opendir
configure:3250: mips64-octeon-linux-gnu-gcc -o conftest -g -O2   conftest.c  >&5
configure:3256: $? = 0
configure:3260: test -z 
			 || test ! -s conftest.err
configure:3263: $? = 0
configure:3266: test -s conftest
configure:3269: $? = 0
configure:3339: result: none required
configure:3489: checking for sys/types.h
configure:3505: mips64-octeon-linux-gnu-gcc -c -g -O2  conftest.c >&5
configure:3511: $? = 0
configure:3515: test -z 
			 || test ! -s conftest.err
configure:3518: $? = 0
configure:3521: test -s conftest.o
configure:3524: $? = 0
configure:3535: result: yes
configure:3489: checking for sys/stat.h
configure:3505: mips64-octeon-linux-gnu-gcc -c -g -O2  conftest.c >&5
configure:3511: $? = 0
configure:3515: test -z 
			 || test ! -s conftest.err
configure:3518: $? = 0
configure:3521: test -s conftest.o
configure:3524: $? = 0
configure:3535: result: yes
configure:3489: checking for stdlib.h
configure:3505: mips64-octeon-linux-gnu-gcc -c -g -O2  conftest.c >&5
configure:3511: $? = 0
configure:3515: test -z 
			 || test ! -s conftest.err
configure:3518: $? = 0
configure:3521: test -s conftest.o
configure:3524: $? = 0
configure:3535: result: yes
configure:3489: checking for string.h
configure:3505: mips64-octeon-linux-gnu-gcc -c -g -O2  conftest.c >&5
configure:3511: $? = 0
configure:3515: test -z 
			 || test ! -s conftest.err
configure:3518: $? = 0
configure:3521: test -s conftest.o
configure:3524: $? = 0
configure:3535: result: yes
configure:3489: checking for memory.h
configure:3505: mips64-octeon-linux-gnu-gcc -c -g -O2  conftest.c >&5
configure:3511: $? = 0
configure:3515: test -z 
			 || test ! -s conftest.err
configure:3518: $? = 0
configure:3521: test -s conftest.o
configure:3524: $? = 0
configure:3535: result: yes
configure:3489: checking for strings.h
configure:3505: mips64-octeon-linux-gnu-gcc -c -g -O2  conftest.c >&5
configure:3511: $? = 0
configure:3515: test -z 
			 || test ! -s conftest.err
configure:3518: $? = 0
configure:3521: test -s conftest.o
configure:3524: $? = 0
configure:3535: result: yes
configure:3489: checking for inttypes.h
configure:3505: mips64-octeon-linux-gnu-gcc -c -g -O2  conftest.c >&5
configure:3511: $? = 0
configure:3515: test -z 
			 || test ! -s conftest.err
configure:3518: $? = 0
configure:3521: test -s conftest.o
configure:3524: $? = 0
configure:3535: result: yes
configure:3489: checking for stdint.h
configure:3505: mips64-octeon-linux-gnu-gcc -c -g -O2  conftest.c >&5
configure:3511: $? = 0
configure:3515: test -z 
			 || test ! -s conftest.err
configure:3518: $? = 0
configure:3521: test -s conftest.o
configure:3524: $? = 0
configure:3535: result: yes
configure:3489: checking for unistd.h
configure:3505: mips64-octeon-linux-gnu-gcc -c -g -O2  conftest.c >&5
configure:3511: $? = 0
configure:3515: test -z 
			 || test ! -s conftest.err
configure:3518: $? = 0
configure:3521: test -s conftest.o
configure:3524: $? = 0
configure:3535: result: yes
configure:3561: checking ctype.h usability
configure:3573: mips64-octeon-linux-gnu-gcc -c -g -O2  conftest.c >&5
configure:3579: $? = 0
configure:3583: test -z 
			 || test ! -s conftest.err
configure:3586: $? = 0
configure:3589: test -s conftest.o
configure:3592: $? = 0
configure:3602: result: yes
configure:3606: checking ctype.h presence
configure:3616: mips64-octeon-linux-gnu-gcc -E  conftest.c
configure:3622: $? = 0
configure:3642: result: yes
configure:3677: checking for ctype.h
configure:3684: result: yes
configure:3711: checking errno.h usability
configure:3723: mips64-octeon-linux-gnu-gcc -c -g -O2  conftest.c >&5
configure:3729: $? = 0
configure:3733: test -z 
			 || test ! -s conftest.err
configure:3736: $? = 0
configure:3739: test -s conftest.o
configure:3742: $? = 0
configure:3752: result: yes
configure:3756: checking errno.h presence
configure:3766: mips64-octeon-linux-gnu-gcc -E  conftest.c
configure:3772: $? = 0
configure:3792: result: yes
configure:3827: checking for errno.h
configure:3834: result: yes
configure:3861: checking libintl.h usability
configure:3873: mips64-octeon-linux-gnu-gcc -c -g -O2  conftest.c >&5
configure:3879: $? = 0
configure:3883: test -z 
			 || test ! -s conftest.err
configure:3886: $? = 0
configure:3889: test -s conftest.o
configure:3892: $? = 0
configure:3902: result: yes
configure:3906: checking libintl.h presence
configure:3916: mips64-octeon-linux-gnu-gcc -E  conftest.c
configure:3922: $? = 0
configure:3942: result: yes
configure:3977: checking for libintl.h
configure:3984: result: yes
configure:4011: checking locale.h usability
configure:4023: mips64-octeon-linux-gnu-gcc -c -g -O2  conftest.c >&5
configure:4029: $? = 0
configure:4033: test -z 
			 || test ! -s conftest.err
configure:4036: $? = 0
configure:4039: test -s conftest.o
configure:4042: $? = 0
configure:4052: result: yes
configure:4056: checking locale.h presence
configure:4066: mips64-octeon-linux-gnu-gcc -E  conftest.c
configure:4072: $? = 0
configure:4092: result: yes
configure:4127: checking for locale.h
configure:4134: result: yes
configure:4161: checking net/if.h usability
configure:4173: mips64-octeon-linux-gnu-gcc -c -g -O2  conftest.c >&5
configure:4179: $? = 0
configure:4183: test -z 
			 || test ! -s conftest.err
configure:4186: $? = 0
configure:4189: test -s conftest.o
configure:4192: $? = 0
configure:4202: result: yes
configure:4206: checking net/if.h presence
configure:4216: mips64-octeon-linux-gnu-gcc -E  conftest.c
configure:4222: $? = 0
configure:4242: result: yes
configure:4277: checking for net/if.h
configure:4284: result: yes
configure:4311: checking signal.h usability
configure:4323: mips64-octeon-linux-gnu-gcc -c -g -O2  conftest.c >&5
configure:4329: $? = 0
configure:4333: test -z 
			 || test ! -s conftest.err
configure:4336: $? = 0
configure:4339: test -s conftest.o
configure:4342: $? = 0
configure:4352: result: yes
configure:4356: checking signal.h presence
configure:4366: mips64-octeon-linux-gnu-gcc -E  conftest.c
configure:4372: $? = 0
configure:4392: result: yes
configure:4427: checking for signal.h
configure:4434: result: yes
configure:4461: checking stdio.h usability
configure:4473: mips64-octeon-linux-gnu-gcc -c -g -O2  conftest.c >&5
configure:4479: $? = 0
configure:4483: test -z 
			 || test ! -s conftest.err
configure:4486: $? = 0
configure:4489: test -s conftest.o
configure:4492: $? = 0
configure:4502: result: yes
configure:4506: checking stdio.h presence
configure:4516: mips64-octeon-linux-gnu-gcc -E  conftest.c
configure:4522: $? = 0
configure:4542: result: yes
configure:4577: checking for stdio.h
configure:4584: result: yes
configure:4611: checking sys/file.h usability
configure:4623: mips64-octeon-linux-gnu-gcc -c -g -O2  conftest.c >&5
configure:4629: $? = 0
configure:4633: test -z 
			 || test ! -s conftest.err
configure:4636: $? = 0
configure:4639: test -s conftest.o
configure:4642: $? = 0
configure:4652: result: yes
configure:4656: checking sys/file.h presence
configure:4666: mips64-octeon-linux-gnu-gcc -E  conftest.c
configure:4672: $? = 0
configure:4692: result: yes
configure:4727: checking for sys/file.h
configure:4734: result: yes
configure:4761: checking sys/ioctl.h usability
configure:4773: mips64-octeon-linux-gnu-gcc -c -g -O2  conftest.c >&5
configure:4779: $? = 0
configure:4783: test -z 
			 || test ! -s conftest.err
configure:4786: $? = 0
configure:4789: test -s conftest.o
configure:4792: $? = 0
configure:4802: result: yes
configure:4806: checking sys/ioctl.h presence
configure:4816: mips64-octeon-linux-gnu-gcc -E  conftest.c
configure:4822: $? = 0
configure:4842: result: yes
configure:4877: checking for sys/ioctl.h
configure:4884: result: yes
configure:4902: checking for sys/stat.h
configure:4907: result: yes
configure:5051: checking return type of signal handlers
configure:5082: mips64-octeon-linux-gnu-gcc -c -g -O2  conftest.c >&5
configure:5088: $? = 0
configure:5092: test -z 
			 || test ! -s conftest.err
configure:5095: $? = 0
configure:5098: test -s conftest.o
configure:5101: $? = 0
configure:5112: result: void
configure:5120: checking for size_t
configure:5144: mips64-octeon-linux-gnu-gcc -c -g -O2  conftest.c >&5
configure:5150: $? = 0
configure:5154: test -z 
			 || test ! -s conftest.err
configure:5157: $? = 0
configure:5160: test -s conftest.o
configure:5163: $? = 0
configure:5174: result: yes
configure:5186: checking for off_t
configure:5210: mips64-octeon-linux-gnu-gcc -c -g -O2  conftest.c >&5
configure:5216: $? = 0
configure:5220: test -z 
			 || test ! -s conftest.err
configure:5223: $? = 0
configure:5226: test -s conftest.o
configure:5229: $? = 0
configure:5240: result: yes
configure:5260: checking for strchr
configure:5317: mips64-octeon-linux-gnu-gcc -o conftest -g -O2   conftest.c  >&5
conftest.c:56: warning: conflicting types for built-in function 'strchr'
configure:5323: $? = 0
configure:5327: test -z 
			 || test ! -s conftest.err
configure:5330: $? = 0
configure:5333: test -s conftest
configure:5336: $? = 0
configure:5348: result: yes
configure:5362: checking for strcspn
configure:5419: mips64-octeon-linux-gnu-gcc -o conftest -g -O2   conftest.c  >&5
conftest.c:57: warning: conflicting types for built-in function 'strcspn'
configure:5425: $? = 0
configure:5429: test -z 
			 || test ! -s conftest.err
configure:5432: $? = 0
configure:5435: test -s conftest
configure:5438: $? = 0
configure:5450: result: yes
configure:5464: checking for strspn
configure:5521: mips64-octeon-linux-gnu-gcc -o conftest -g -O2   conftest.c  >&5
conftest.c:58: warning: conflicting types for built-in function 'strspn'
configure:5527: $? = 0
configure:5531: test -z 
			 || test ! -s conftest.err
configure:5534: $? = 0
configure:5537: test -s conftest
configure:5540: $? = 0
configure:5552: result: yes
configure:5566: checking for strstr
configure:5623: mips64-octeon-linux-gnu-gcc -o conftest -g -O2   conftest.c  >&5
conftest.c:59: warning: conflicting types for built-in function 'strstr'
configure:5629: $? = 0
configure:5633: test -z 
			 || test ! -s conftest.err
configure:5636: $? = 0
configure:5639: test -s conftest
configure:5642: $? = 0
configure:5654: result: yes
configure:5675: checking for special C compiler options needed for large files
configure:5774: result: no
configure:5780: checking for _FILE_OFFSET_BITS value needed for large files
configure:5811: mips64-octeon-linux-gnu-gcc -c -g -O2  conftest.c >&5
configure:5817: $? = 0
configure:5821: test -z 
			 || test ! -s conftest.err
configure:5824: $? = 0
configure:5827: test -s conftest.o
configure:5830: $? = 0
configure:5895: result: no
configure:5905: checking for _LARGE_FILES value needed for large files
configure:5936: mips64-octeon-linux-gnu-gcc -c -g -O2  conftest.c >&5
configure:5942: $? = 0
configure:5946: test -z 
			 || test ! -s conftest.err
configure:5949: $? = 0
configure:5952: test -s conftest.o
configure:5955: $? = 0
configure:6020: result: no
configure:6085: checking sadc directory
configure:6093: result: /tmp/root-rootfs/lib/sa
configure:6101: checking system activity directory
configure:6109: result: /var/log/sa
configure:6117: checking sysstat configuration directory
configure:6125: result: /etc/sysconfig
configure:6133: checking National Language Support
configure:6149: result: no
configure:6163: checking whether workaround for SMP race is needed
configure:6196: result: no
configure:6201: checking whether sa2 should process data file of the day before
configure:6216: result: no
configure:6222: checking number of daily data files to keep
configure:6230: result: 7
configure:6235: checking number of days after which data files are compressed
configure:6243: result: 10
configure:6254: checking group for manual pages
configure:6259: result: man
configure:6276: checking whether man_group variable should be ignored
configure:6291: result: no
configure:6296: checking whether manual pages should be compressed
configure:6311: result: no
configure:6316: checking whether isag script should be installed
configure:6331: result: no
configure:6336: checking whether system activity directory should be cleaned
configure:6351: result: no
configure:6356: checking whether cron should start sar automatically
configure:6372: result: no
configure:6608: creating ./config.status

## ---------------------- ##
## Running config.status. ##
## ---------------------- ##

This file was extended by sysstat config.status 8.1.5, which was
generated by GNU Autoconf 2.59.  Invocation command line was

  CONFIG_FILES    = 
  CONFIG_HEADERS  = 
  CONFIG_LINKS    = 
  CONFIG_COMMANDS = 
  $ ./config.status 

on localhost.localdomain

config.status:695: creating sa1
config.status:695: creating sa2
config.status:695: creating crontab
config.status:695: creating sysstat.sysconfig
config.status:695: creating version.h
config.status:695: creating sysconfig.h
config.status:695: creating sysstat.cron.daily
config.status:695: creating sysstat.cron.hourly
config.status:695: creating sysstat.crond
config.status:695: creating sysstat.crond.sample.in
config.status:695: creating sysstat
config.status:695: creating man/sa1.8
config.status:695: creating man/sa2.8
config.status:695: creating man/sadc.8
config.status:695: creating man/sadf.1
config.status:695: creating man/sar.1
config.status:695: creating contrib/isag/isag
config.status:695: creating Makefile

## ---------------- ##
## Cache variables. ##
## ---------------- ##

ac_cv_c_compiler_gnu=yes
ac_cv_env_CC_set=
ac_cv_env_CC_value=
ac_cv_env_CFLAGS_set=
ac_cv_env_CFLAGS_value=
ac_cv_env_CPPFLAGS_set=
ac_cv_env_CPPFLAGS_value=
ac_cv_env_CPP_set=
ac_cv_env_CPP_value=
ac_cv_env_LDFLAGS_set=
ac_cv_env_LDFLAGS_value=
ac_cv_env_build_alias_set=set
ac_cv_env_build_alias_value=i686-pc-linux-gnu
ac_cv_env_compressafter_set=
ac_cv_env_compressafter_value=
ac_cv_env_conf_dir_set=
ac_cv_env_conf_dir_value=
ac_cv_env_cron_interval_set=
ac_cv_env_cron_interval_value=
ac_cv_env_cron_owner_set=
ac_cv_env_cron_owner_value=
ac_cv_env_history_set=
ac_cv_env_history_value=
ac_cv_env_host_alias_set=set
ac_cv_env_host_alias_value=mips64-octeon-linux-gnu
ac_cv_env_man_group_set=
ac_cv_env_man_group_value=
ac_cv_env_sa_dir_set=
ac_cv_env_sa_dir_value=
ac_cv_env_sa_lib_dir_set=
ac_cv_env_sa_lib_dir_value=
ac_cv_env_target_alias_set=
ac_cv_env_target_alias_value=
ac_cv_exeext=
ac_cv_func_strchr=yes
ac_cv_func_strcspn=yes
ac_cv_func_strspn=yes
ac_cv_func_strstr=yes
ac_cv_header_ctype_h=yes
ac_cv_header_dirent_dirent_h=yes
ac_cv_header_errno_h=yes
ac_cv_header_inttypes_h=yes
ac_cv_header_libintl_h=yes
ac_cv_header_locale_h=yes
ac_cv_header_memory_h=yes
ac_cv_header_net_if_h=yes
ac_cv_header_signal_h=yes
ac_cv_header_stdc=yes
ac_cv_header_stdint_h=yes
ac_cv_header_stdio_h=yes
ac_cv_header_stdlib_h=yes
ac_cv_header_string_h=yes
ac_cv_header_strings_h=yes
ac_cv_header_sys_file_h=yes
ac_cv_header_sys_ioctl_h=yes
ac_cv_header_sys_stat_h=yes
ac_cv_header_sys_types_h=yes
ac_cv_header_unistd_h=yes
ac_cv_objext=o
ac_cv_path_PATH_CHKCONFIG=/sbin/chkconfig
ac_cv_path_PATH_CP=/bin/cp
ac_cv_prog_AR=ar
ac_cv_prog_CC=mips64-octeon-linux-gnu-gcc
ac_cv_prog_CHMOD=chmod
ac_cv_prog_CHOWN=chown
ac_cv_prog_CPP='mips64-octeon-linux-gnu-gcc -E'
ac_cv_prog_INSTALL=install
ac_cv_prog_MSGFMT=msgfmt
ac_cv_prog_MSGMERGE=msgmerge
ac_cv_prog_XGETTEXT=xgettext
ac_cv_prog_ZIP=bzip2
ac_cv_prog_cc_g=yes
ac_cv_prog_cc_stdc=
ac_cv_prog_egrep='grep -E'
ac_cv_search_opendir='none required'
ac_cv_sys_file_offset_bits=no
ac_cv_sys_large_files=no
ac_cv_sys_largefile_CC=no
ac_cv_type_off_t=yes
ac_cv_type_signal=void
ac_cv_type_size_t=yes

## ----------------- ##
## Output variables. ##
## ----------------- ##

AR='ar'
CC='mips64-octeon-linux-gnu-gcc'
CFLAGS='-g -O2'
CHMOD='chmod'
CHOWN='chown'
CLEAN_SA_DIR='n'
COMPRESSAFTER='10'
COMPRESS_MANPG='n'
CPP='mips64-octeon-linux-gnu-gcc -E'
CPPFLAGS=''
CRON_COUNT='6'
CRON_INTERVAL='10'
CRON_INTERVAL_SEC='600'
CRON_OWNER='root'
DEFS='-DPACKAGE_NAME=\"sysstat\" -DPACKAGE_TARNAME=\"sysstat\" -DPACKAGE_VERSION=\"8.1.5\" -DPACKAGE_STRING=\"sysstat\ 8.1.5\" -DPACKAGE_BUGREPORT=\"\" -D_GNU_SOURCE=1 -DSTDC_HEADERS=1 -DHAVE_DIRENT_H=1 -DHAVE_SYS_TYPES_H=1 -DHAVE_SYS_STAT_H=1 -DHAVE_STDLIB_H=1 -DHAVE_STRING_H=1 -DHAVE_MEMORY_H=1 -DHAVE_STRINGS_H=1 -DHAVE_INTTYPES_H=1 -DHAVE_STDINT_H=1 -DHAVE_UNISTD_H=1 -DHAVE_CTYPE_H=1 -DHAVE_ERRNO_H=1 -DHAVE_LIBINTL_H=1 -DHAVE_LOCALE_H=1 -DHAVE_NET_IF_H=1 -DHAVE_SIGNAL_H=1 -DHAVE_STDIO_H=1 -DHAVE_SYS_FILE_H=1 -DHAVE_SYS_IOCTL_H=1 -DHAVE_SYS_STAT_H=1 -DRETSIGTYPE=void -DHAVE_STRCHR=1 -DHAVE_STRCSPN=1 -DHAVE_STRSPN=1 -DHAVE_STRSTR=1 '
DFLAGS=''
ECHO_C=''
ECHO_N='-n'
ECHO_T=''
EGREP='grep -E'
EXEEXT=''
HISTORY='7'
IGNORE_MAN_GROUP='n'
INITD_DIR='init.d'
INIT_DIR='/etc/init.d'
INSTALL='install'
INSTALL_BIN='${INSTALL} -m 755'
INSTALL_CRON='n'
INSTALL_DATA='${INSTALL} -m 644'
INSTALL_ISAG='n'
LDFLAGS=''
LIBOBJS=''
LIBS=''
LN_S='ln -s'
LTLIBOBJS=''
MAN_GROUP='man'
MSGFMT='msgfmt'
MSGMERGE='msgmerge'
NLS='n'
OBJEXT='o'
PACKAGE_BUGREPORT=''
PACKAGE_NAME='sysstat'
PACKAGE_STRING='sysstat 8.1.5'
PACKAGE_TARNAME='sysstat'
PACKAGE_VERSION='8.1.5'
PATH_CHKCONFIG='/sbin/chkconfig'
PATH_CP='/bin/cp'
PATH_SEPARATOR=':'
QUOTE=''
RC_DIR='/etc'
REM_CHOWN='# REM_CHOWN'
SA_DIR='/var/log/sa'
SA_LIB_DIR='/tmp/root-rootfs/lib/sa'
SHELL='/bin/sh'
SU_C_OWNER=''
SYSCONFIG_DIR='/etc/sysconfig'
XGETTEXT='xgettext'
YESTERDAY=''
ZIP='bzip2'
ac_ct_CC=''
bindir='${exec_prefix}/bin'
build_alias='i686-pc-linux-gnu'
compressafter=''
conf_dir=''
cron_interval=''
cron_owner=''
datadir='${prefix}/share'
exec_prefix='${prefix}'
history=''
host_alias='mips64-octeon-linux-gnu'
includedir='${prefix}/include'
infodir='${prefix}/info'
libdir='${exec_prefix}/lib'
libexecdir='${exec_prefix}/libexec'
localstatedir='${prefix}/var'
man_group=''
mandir='${prefix}/man'
oldincludedir='/usr/include'
prefix='/tmp/root-rootfs'
program_transform_name='s,x,x,'
sa_dir=''
sa_lib_dir=''
sbindir='${exec_prefix}/sbin'
sharedstatedir='${prefix}/com'
sysconfdir='${prefix}/etc'
target_alias=''

## ----------- ##
## confdefs.h. ##
## ----------- ##

#define HAVE_CTYPE_H 1
#define HAVE_DIRENT_H 1
#define HAVE_ERRNO_H 1
#define HAVE_INTTYPES_H 1
#define HAVE_LIBINTL_H 1
#define HAVE_LOCALE_H 1
#define HAVE_MEMORY_H 1
#define HAVE_NET_IF_H 1
#define HAVE_SIGNAL_H 1
#define HAVE_STDINT_H 1
#define HAVE_STDIO_H 1
#define HAVE_STDLIB_H 1
#define HAVE_STRCHR 1
#define HAVE_STRCSPN 1
#define HAVE_STRINGS_H 1
#define HAVE_STRING_H 1
#define HAVE_STRSPN 1
#define HAVE_STRSTR 1
#define HAVE_SYS_FILE_H 1
#define HAVE_SYS_IOCTL_H 1
#define HAVE_SYS_STAT_H 1
#define HAVE_SYS_STAT_H 1
#define HAVE_SYS_TYPES_H 1
#define HAVE_UNISTD_H 1
#define PACKAGE_BUGREPORT ""
#define PACKAGE_NAME "sysstat"
#define PACKAGE_STRING "sysstat 8.1.5"
#define PACKAGE_TARNAME "sysstat"
#define PACKAGE_VERSION "8.1.5"
#define RETSIGTYPE void
#define STDC_HEADERS 1
#define _GNU_SOURCE 1

configure: exit 0
