This file contains any messages produced by compilers while
running configure, to aid debugging if configure makes a mistake.

It was created by configure, which was
generated by GNU Autoconf 2.61.  Invocation command line was

  $ ./configure 

## --------- ##
## Platform. ##
## --------- ##

hostname = localhost.localdomain
uname -m = i686
uname -r = 2.6.18-1.2798.fc6xen
uname -s = Linux
uname -v = #1 SMP Mon Oct 16 15:11:19 EDT 2006

/usr/bin/uname -p = unknown
/bin/uname -X     = unknown

/bin/arch              = i686
/usr/bin/arch -k       = unknown
/usr/convex/getsysinfo = unknown
/usr/bin/hostinfo      = unknown
/bin/machine           = unknown
/usr/bin/oslevel       = unknown
/bin/universe          = unknown

PATH: /usr/lib/qt-3.3/bin
PATH: /usr/kerberos/sbin
PATH: /usr/kerberos/bin
PATH: /usr/local/sbin
PATH: /usr/local/bin
PATH: /sbin
PATH: /bin
PATH: /usr/sbin
PATH: /usr/bin
PATH: /usr/X11R6/bin
PATH: /root/bin


## ----------- ##
## Core tests. ##
## ----------- ##

configure:1779: checking for a BSD-compatible install
configure:1835: result: /usr/bin/install -c
configure:1846: checking whether build environment is sane
configure:1889: result: yes
configure:1954: checking for gawk
configure:1970: found /bin/gawk
configure:1981: result: gawk
configure:1992: checking whether make sets $(MAKE)
configure:2013: result: yes
configure:2204: checking command line for use of BSD PPP
configure:2238: result: default standard pppd
configure:2243: checking command line for use of SLIRP
configure:2277: result: default no
configure:2282: checking command line for syslog facility name
configure:2296: result: default LOG_DAEMON
configure:2306: checking command line for bcrelay build
configure:2335: result: default no
configure:2388: checking for gcc
configure:2404: found /usr/bin/gcc
configure:2415: result: gcc
configure:2653: checking for C compiler version
configure:2660: gcc --version >&5
gcc (GCC) 4.1.1 20061011 (Red Hat 4.1.1-30)
Copyright (C) 2006 Free Software Foundation, Inc.
This is free software; see the source for copying conditions.  There is NO
warranty; not even for MERCHANTABILITY or FITNESS FOR A PARTICULAR PURPOSE.

configure:2663: $? = 0
configure:2670: gcc -v >&5
Using built-in specs.
Target: i386-redhat-linux
Configured with: ../configure --prefix=/usr --mandir=/usr/share/man --infodir=/usr/share/info --enable-shared --enable-threads=posix --enable-checking=release --with-system-zlib --enable-__cxa_atexit --disable-libunwind-exceptions --enable-libgcj-multifile --enable-languages=c,c++,objc,obj-c++,java,fortran,ada --enable-java-awt=gtk --disable-dssi --enable-plugin --with-java-home=/usr/lib/jvm/java-1.4.2-gcj-1.4.2.0/jre --with-cpu=generic --host=i386-redhat-linux
Thread model: posix
gcc version 4.1.1 20061011 (Red Hat 4.1.1-30)
configure:2673: $? = 0
configure:2680: gcc -V >&5
gcc: '-V' option must have argument
configure:2683: $? = 1
configure:2706: checking for C compiler default output file name
configure:2733: gcc    conftest.c  >&5
configure:2736: $? = 0
configure:2774: result: a.out
configure:2791: checking whether the C compiler works
configure:2801: ./a.out
configure:2804: $? = 0
configure:2821: result: yes
configure:2828: checking whether we are cross compiling
configure:2830: result: no
configure:2833: checking for suffix of executables
configure:2840: gcc -o conftest    conftest.c  >&5
configure:2843: $? = 0
configure:2867: result: 
configure:2873: checking for suffix of object files
configure:2899: gcc -c   conftest.c >&5
configure:2902: $? = 0
configure:2925: result: o
configure:2929: checking whether we are using the GNU C compiler
configure:2958: gcc -c   conftest.c >&5
configure:2964: $? = 0
configure:2981: result: yes
configure:2986: checking whether gcc accepts -g
configure:3016: gcc -c -g  conftest.c >&5
configure:3022: $? = 0
configure:3121: result: yes
configure:3138: checking for gcc option to accept ISO C89
configure:3212: gcc  -c -g -O2  conftest.c >&5
configure:3218: $? = 0
configure:3241: result: none needed
configure:3270: checking for style of include used by make
configure:3298: result: GNU
configure:3326: checking dependency style of gcc
configure:3416: result: none
configure:3476: checking for ranlib
configure:3492: found /usr/bin/ranlib
configure:3503: result: ranlib
configure:3542: checking for a BSD-compatible install
configure:3598: result: /usr/bin/install -c
configure:3609: checking whether ln -s works
configure:3613: result: yes
configure:3620: checking whether make sets $(MAKE)
configure:3641: result: yes
configure:3652: checking for an ANSI C-conforming const
configure:3727: gcc -c -g -O2  conftest.c >&5
configure:3733: $? = 0
configure:3748: result: yes
configure:3758: checking for inline
configure:3784: gcc -c -g -O2  conftest.c >&5
configure:3790: $? = 0
configure:3808: result: inline
configure:3830: checking whether #! works in shell scripts
configure:3847: result: yes
configure:3864: checking for setsid
configure:3920: gcc -o conftest -g -O2   conftest.c  >&5
configure:3926: $? = 0
configure:3944: result: yes
configure:3864: checking for daemon
configure:3920: gcc -o conftest -g -O2   conftest.c  >&5
configure:3926: $? = 0
configure:3944: result: yes
configure:3864: checking for setproctitle
configure:3920: gcc -o conftest -g -O2   conftest.c  >&5
/tmp/ccupzg50.o: In function `main':
/home/robert/source/CA2/linux/embedded_rootfs/pkg_addon/pptpd-1.3.4/conftest.c:48: undefined reference to `setproctitle'
collect2: ld returned 1 exit status
configure:3926: $? = 1
configure: failed program was:
| /* confdefs.h.  */
| #define PACKAGE_NAME ""
| #define PACKAGE_TARNAME ""
| #define PACKAGE_VERSION ""
| #define PACKAGE_STRING ""
| #define PACKAGE_BUGREPORT ""
| #define PACKAGE "pptpd"
| #define VERSION "1.3.4"
| #define PPP_BINARY "/usr/sbin/pppd"
| #define PPTP_FACILITY LOG_DAEMON
| #define HAVE_SETSID 1
| #define HAVE_DAEMON 1
| /* end confdefs.h.  */
| /* Define setproctitle to an innocuous variant, in case <limits.h> declares setproctitle.
|    For example, HP-UX 11i <limits.h> declares gettimeofday.  */
| #define setproctitle innocuous_setproctitle
| 
| /* System header to define __stub macros and hopefully few prototypes,
|     which can conflict with char setproctitle (); below.
|     Prefer <limits.h> to <assert.h> if __STDC__ is defined, since
|     <limits.h> exists even on freestanding compilers.  */
| 
| #ifdef __STDC__
| # include <limits.h>
| #else
| # include <assert.h>
| #endif
| 
| #undef setproctitle
| 
| /* Override any GCC internal prototype to avoid an error.
|    Use char because int might match the return type of a GCC
|    builtin and then its argument prototype would still apply.  */
| #ifdef __cplusplus
| extern "C"
| #endif
| char setproctitle ();
| /* The GNU C library defines this for functions which it implements
|     to always fail with ENOSYS.  Some functions are actually named
|     something starting with __ and the normal name is an alias.  */
| #if defined __stub_setproctitle || defined __stub___setproctitle
| choke me
| #endif
| 
| int
| main ()
| {
| return setproctitle ();
|   ;
|   return 0;
| }
configure:3944: result: no
configure:3864: checking for getservbyname
configure:3920: gcc -o conftest -g -O2   conftest.c  >&5
configure:3926: $? = 0
configure:3944: result: yes
configure:3864: checking for strlcpy
configure:3920: gcc -o conftest -g -O2   conftest.c  >&5
/tmp/ccG0AbAl.o: In function `main':
/home/robert/source/CA2/linux/embedded_rootfs/pkg_addon/pptpd-1.3.4/conftest.c:49: undefined reference to `strlcpy'
collect2: ld returned 1 exit status
configure:3926: $? = 1
configure: failed program was:
| /* confdefs.h.  */
| #define PACKAGE_NAME ""
| #define PACKAGE_TARNAME ""
| #define PACKAGE_VERSION ""
| #define PACKAGE_STRING ""
| #define PACKAGE_BUGREPORT ""
| #define PACKAGE "pptpd"
| #define VERSION "1.3.4"
| #define PPP_BINARY "/usr/sbin/pppd"
| #define PPTP_FACILITY LOG_DAEMON
| #define HAVE_SETSID 1
| #define HAVE_DAEMON 1
| #define HAVE_GETSERVBYNAME 1
| /* end confdefs.h.  */
| /* Define strlcpy to an innocuous variant, in case <limits.h> declares strlcpy.
|    For example, HP-UX 11i <limits.h> declares gettimeofday.  */
| #define strlcpy innocuous_strlcpy
| 
| /* System header to define __stub macros and hopefully few prototypes,
|     which can conflict with char strlcpy (); below.
|     Prefer <limits.h> to <assert.h> if __STDC__ is defined, since
|     <limits.h> exists even on freestanding compilers.  */
| 
| #ifdef __STDC__
| # include <limits.h>
| #else
| # include <assert.h>
| #endif
| 
| #undef strlcpy
| 
| /* Override any GCC internal prototype to avoid an error.
|    Use char because int might match the return type of a GCC
|    builtin and then its argument prototype would still apply.  */
| #ifdef __cplusplus
| extern "C"
| #endif
| char strlcpy ();
| /* The GNU C library defines this for functions which it implements
|     to always fail with ENOSYS.  Some functions are actually named
|     something starting with __ and the normal name is an alias.  */
| #if defined __stub_strlcpy || defined __stub___strlcpy
| choke me
| #endif
| 
| int
| main ()
| {
| return strlcpy ();
|   ;
|   return 0;
| }
configure:3944: result: no
configure:3864: checking for fork
configure:3920: gcc -o conftest -g -O2   conftest.c  >&5
conftest.c:38: warning: conflicting types for built-in function 'fork'
configure:3926: $? = 0
configure:3944: result: yes
configure:3864: checking for memmove
configure:3920: gcc -o conftest -g -O2   conftest.c  >&5
conftest.c:39: warning: conflicting types for built-in function 'memmove'
configure:3926: $? = 0
configure:3944: result: yes
configure:3864: checking for strerror
configure:3920: gcc -o conftest -g -O2   conftest.c  >&5
configure:3926: $? = 0
configure:3944: result: yes
configure:3864: checking for writev
configure:3920: gcc -o conftest -g -O2   conftest.c  >&5
configure:3926: $? = 0
configure:3944: result: yes
configure:3960: checking how to run the C preprocessor
configure:4000: gcc -E  conftest.c
configure:4006: $? = 0
configure:4037: gcc -E  conftest.c
conftest.c:19:28: error: ac_nonexistent.h: No such file or directory
configure:4043: $? = 1
configure: failed program was:
| /* confdefs.h.  */
| #define PACKAGE_NAME ""
| #define PACKAGE_TARNAME ""
| #define PACKAGE_VERSION ""
| #define PACKAGE_STRING ""
| #define PACKAGE_BUGREPORT ""
| #define PACKAGE "pptpd"
| #define VERSION "1.3.4"
| #define PPP_BINARY "/usr/sbin/pppd"
| #define PPTP_FACILITY LOG_DAEMON
| #define HAVE_SETSID 1
| #define HAVE_DAEMON 1
| #define HAVE_GETSERVBYNAME 1
| #define HAVE_FORK 1
| #define HAVE_MEMMOVE 1
| #define HAVE_STRERROR 1
| #define HAVE_WRITEV 1
| /* end confdefs.h.  */
| #include <ac_nonexistent.h>
configure:4076: result: gcc -E
configure:4105: gcc -E  conftest.c
configure:4111: $? = 0
configure:4142: gcc -E  conftest.c
conftest.c:19:28: error: ac_nonexistent.h: No such file or directory
configure:4148: $? = 1
configure: failed program was:
| /* confdefs.h.  */
| #define PACKAGE_NAME ""
| #define PACKAGE_TARNAME ""
| #define PACKAGE_VERSION ""
| #define PACKAGE_STRING ""
| #define PACKAGE_BUGREPORT ""
| #define PACKAGE "pptpd"
| #define VERSION "1.3.4"
| #define PPP_BINARY "/usr/sbin/pppd"
| #define PPTP_FACILITY LOG_DAEMON
| #define HAVE_SETSID 1
| #define HAVE_DAEMON 1
| #define HAVE_GETSERVBYNAME 1
| #define HAVE_FORK 1
| #define HAVE_MEMMOVE 1
| #define HAVE_STRERROR 1
| #define HAVE_WRITEV 1
| /* end confdefs.h.  */
| #include <ac_nonexistent.h>
configure:4186: checking for grep that handles long lines and -e
configure:4260: result: /bin/grep
configure:4265: checking for egrep
configure:4343: result: /bin/grep -E
configure:4348: checking for ANSI C header files
configure:4378: gcc -c -g -O2  conftest.c >&5
configure:4384: $? = 0
configure:4483: gcc -o conftest -g -O2   conftest.c  >&5
configure:4486: $? = 0
configure:4492: ./conftest
configure:4495: $? = 0
configure:4512: result: yes
configure:4536: checking for sys/types.h
configure:4557: gcc -c -g -O2  conftest.c >&5
configure:4563: $? = 0
configure:4579: result: yes
configure:4536: checking for sys/stat.h
configure:4557: gcc -c -g -O2  conftest.c >&5
configure:4563: $? = 0
configure:4579: result: yes
configure:4536: checking for stdlib.h
configure:4557: gcc -c -g -O2  conftest.c >&5
configure:4563: $? = 0
configure:4579: result: yes
configure:4536: checking for string.h
configure:4557: gcc -c -g -O2  conftest.c >&5
configure:4563: $? = 0
configure:4579: result: yes
configure:4536: checking for memory.h
configure:4557: gcc -c -g -O2  conftest.c >&5
configure:4563: $? = 0
configure:4579: result: yes
configure:4536: checking for strings.h
configure:4557: gcc -c -g -O2  conftest.c >&5
configure:4563: $? = 0
configure:4579: result: yes
configure:4536: checking for inttypes.h
configure:4557: gcc -c -g -O2  conftest.c >&5
configure:4563: $? = 0
configure:4579: result: yes
configure:4536: checking for stdint.h
configure:4557: gcc -c -g -O2  conftest.c >&5
configure:4563: $? = 0
configure:4579: result: yes
configure:4536: checking for unistd.h
configure:4557: gcc -c -g -O2  conftest.c >&5
configure:4563: $? = 0
configure:4579: result: yes
configure:4606: checking pty.h usability
configure:4623: gcc -c -g -O2  conftest.c >&5
configure:4629: $? = 0
configure:4643: result: yes
configure:4647: checking pty.h presence
configure:4662: gcc -E  conftest.c
configure:4668: $? = 0
configure:4682: result: yes
configure:4710: checking for pty.h
configure:4718: result: yes
configure:4736: checking for string.h
configure:4742: result: yes
configure:4886: checking syslog.h usability
configure:4903: gcc -c -g -O2  conftest.c >&5
configure:4909: $? = 0
configure:4923: result: yes
configure:4927: checking syslog.h presence
configure:4942: gcc -E  conftest.c
configure:4948: $? = 0
configure:4962: result: yes
configure:4990: checking for syslog.h
configure:4998: result: yes
configure:5026: checking libintl.h usability
configure:5043: gcc -c -g -O2  conftest.c >&5
configure:5049: $? = 0
configure:5063: result: yes
configure:5067: checking libintl.h presence
configure:5082: gcc -E  conftest.c
configure:5088: $? = 0
configure:5102: result: yes
configure:5130: checking for libintl.h
configure:5138: result: yes
configure:5166: checking libutil.h usability
configure:5183: gcc -c -g -O2  conftest.c >&5
conftest.c:66:21: error: libutil.h: No such file or directory
configure:5189: $? = 1
configure: failed program was:
| /* confdefs.h.  */
| #define PACKAGE_NAME ""
| #define PACKAGE_TARNAME ""
| #define PACKAGE_VERSION ""
| #define PACKAGE_STRING ""
| #define PACKAGE_BUGREPORT ""
| #define PACKAGE "pptpd"
| #define VERSION "1.3.4"
| #define PPP_BINARY "/usr/sbin/pppd"
| #define PPTP_FACILITY LOG_DAEMON
| #define HAVE_SETSID 1
| #define HAVE_DAEMON 1
| #define HAVE_GETSERVBYNAME 1
| #define HAVE_FORK 1
| #define HAVE_MEMMOVE 1
| #define HAVE_STRERROR 1
| #define HAVE_WRITEV 1
| #define STDC_HEADERS 1
| #define HAVE_SYS_TYPES_H 1
| #define HAVE_SYS_STAT_H 1
| #define HAVE_STDLIB_H 1
| #define HAVE_STRING_H 1
| #define HAVE_MEMORY_H 1
| #define HAVE_STRINGS_H 1
| #define HAVE_INTTYPES_H 1
| #define HAVE_STDINT_H 1
| #define HAVE_UNISTD_H 1
| #define HAVE_PTY_H 1
| #define HAVE_STRING_H 1
| #define HAVE_SYSLOG_H 1
| #define HAVE_LIBINTL_H 1
| /* end confdefs.h.  */
| #include <stdio.h>
| #ifdef HAVE_SYS_TYPES_H
| # include <sys/types.h>
| #endif
| #ifdef HAVE_SYS_STAT_H
| # include <sys/stat.h>
| #endif
| #ifdef STDC_HEADERS
| # include <stdlib.h>
| # include <stddef.h>
| #else
| # ifdef HAVE_STDLIB_H
| #  include <stdlib.h>
| # endif
| #endif
| #ifdef HAVE_STRING_H
| # if !defined STDC_HEADERS && defined HAVE_MEMORY_H
| #  include <memory.h>
| # endif
| # include <string.h>
| #endif
| #ifdef HAVE_STRINGS_H
| # include <strings.h>
| #endif
| #ifdef HAVE_INTTYPES_H
| # include <inttypes.h>
| #endif
| #ifdef HAVE_STDINT_H
| # include <stdint.h>
| #endif
| #ifdef HAVE_UNISTD_H
| # include <unistd.h>
| #endif
| #include <libutil.h>
configure:5203: result: no
configure:5207: checking libutil.h presence
configure:5222: gcc -E  conftest.c
conftest.c:33:21: error: libutil.h: No such file or directory
configure:5228: $? = 1
configure: failed program was:
| /* confdefs.h.  */
| #define PACKAGE_NAME ""
| #define PACKAGE_TARNAME ""
| #define PACKAGE_VERSION ""
| #define PACKAGE_STRING ""
| #define PACKAGE_BUGREPORT ""
| #define PACKAGE "pptpd"
| #define VERSION "1.3.4"
| #define PPP_BINARY "/usr/sbin/pppd"
| #define PPTP_FACILITY LOG_DAEMON
| #define HAVE_SETSID 1
| #define HAVE_DAEMON 1
| #define HAVE_GETSERVBYNAME 1
| #define HAVE_FORK 1
| #define HAVE_MEMMOVE 1
| #define HAVE_STRERROR 1
| #define HAVE_WRITEV 1
| #define STDC_HEADERS 1
| #define HAVE_SYS_TYPES_H 1
| #define HAVE_SYS_STAT_H 1
| #define HAVE_STDLIB_H 1
| #define HAVE_STRING_H 1
| #define HAVE_MEMORY_H 1
| #define HAVE_STRINGS_H 1
| #define HAVE_INTTYPES_H 1
| #define HAVE_STDINT_H 1
| #define HAVE_UNISTD_H 1
| #define HAVE_PTY_H 1
| #define HAVE_STRING_H 1
| #define HAVE_SYSLOG_H 1
| #define HAVE_LIBINTL_H 1
| /* end confdefs.h.  */
| #include <libutil.h>
configure:5242: result: no
configure:5270: checking for libutil.h
configure:5278: result: no
configure:5306: checking sys/uio.h usability
configure:5323: gcc -c -g -O2  conftest.c >&5
configure:5329: $? = 0
configure:5343: result: yes
configure:5347: checking sys/uio.h presence
configure:5362: gcc -E  conftest.c
configure:5368: $? = 0
configure:5382: result: yes
configure:5410: checking for sys/uio.h
configure:5418: result: yes
configure:5432: checking for size_t
configure:5462: gcc -c -g -O2  conftest.c >&5
configure:5468: $? = 0
configure:5483: result: yes
configure:5495: checking for ssize_t
configure:5525: gcc -c -g -O2  conftest.c >&5
configure:5531: $? = 0
configure:5546: result: yes
configure:5558: checking for u_int8_t
configure:5588: gcc -c -g -O2  conftest.c >&5
configure:5594: $? = 0
configure:5609: result: yes
configure:5621: checking for u_int16_t
configure:5651: gcc -c -g -O2  conftest.c >&5
configure:5657: $? = 0
configure:5672: result: yes
configure:5684: checking for u_int32_t
configure:5714: gcc -c -g -O2  conftest.c >&5
configure:5720: $? = 0
configure:5735: result: yes
configure:5748: checking for socklen_t
configure:5777: result: yes
configure:5909: checking for accept in -lc
configure:5944: gcc -o conftest -g -O2   conftest.c -lc   >&5
configure:5950: $? = 0
configure:5968: result: yes
configure:5980: checking for gethostbyname in -lc
configure:6015: gcc -o conftest -g -O2   conftest.c -lc  -lc  >&5
configure:6021: $? = 0
configure:6039: result: yes
configure:6051: checking for openpty in -lc
configure:6086: gcc -o conftest -g -O2   conftest.c -lc  -lc -lc  >&5
/tmp/ccoVDliF.o: In function `main':
/home/robert/source/CA2/linux/embedded_rootfs/pkg_addon/pptpd-1.3.4/conftest.c:47: undefined reference to `openpty'
collect2: ld returned 1 exit status
configure:6092: $? = 1
configure: failed program was:
| /* confdefs.h.  */
| #define PACKAGE_NAME ""
| #define PACKAGE_TARNAME ""
| #define PACKAGE_VERSION ""
| #define PACKAGE_STRING ""
| #define PACKAGE_BUGREPORT ""
| #define PACKAGE "pptpd"
| #define VERSION "1.3.4"
| #define PPP_BINARY "/usr/sbin/pppd"
| #define PPTP_FACILITY LOG_DAEMON
| #define HAVE_SETSID 1
| #define HAVE_DAEMON 1
| #define HAVE_GETSERVBYNAME 1
| #define HAVE_FORK 1
| #define HAVE_MEMMOVE 1
| #define HAVE_STRERROR 1
| #define HAVE_WRITEV 1
| #define STDC_HEADERS 1
| #define HAVE_SYS_TYPES_H 1
| #define HAVE_SYS_STAT_H 1
| #define HAVE_STDLIB_H 1
| #define HAVE_STRING_H 1
| #define HAVE_MEMORY_H 1
| #define HAVE_STRINGS_H 1
| #define HAVE_INTTYPES_H 1
| #define HAVE_STDINT_H 1
| #define HAVE_UNISTD_H 1
| #define HAVE_PTY_H 1
| #define HAVE_STRING_H 1
| #define HAVE_SYSLOG_H 1
| #define HAVE_LIBINTL_H 1
| #define HAVE_SYS_UIO_H 1
| #define HAVE_LIBC 1
| #define HAVE_LIBC 1
| /* end confdefs.h.  */
| 
| /* Override any GCC internal prototype to avoid an error.
|    Use char because int might match the return type of a GCC
|    builtin and then its argument prototype would still apply.  */
| #ifdef __cplusplus
| extern "C"
| #endif
| char openpty ();
| int
| main ()
| {
| return openpty ();
|   ;
|   return 0;
| }
configure:6110: result: no
configure:6122: checking for gettext in -lc
configure:6157: gcc -o conftest -g -O2   conftest.c -lc  -lc -lc  >&5
conftest.c:43: warning: conflicting types for built-in function 'gettext'
configure:6163: $? = 0
configure:6181: result: yes
configure:6193: checking for accept in -lsocket
configure:6228: gcc -o conftest -g -O2   conftest.c -lsocket  -lc -lc -lc  >&5
/usr/bin/ld: cannot find -lsocket
collect2: ld returned 1 exit status
configure:6234: $? = 1
configure: failed program was:
| /* confdefs.h.  */
| #define PACKAGE_NAME ""
| #define PACKAGE_TARNAME ""
| #define PACKAGE_VERSION ""
| #define PACKAGE_STRING ""
| #define PACKAGE_BUGREPORT ""
| #define PACKAGE "pptpd"
| #define VERSION "1.3.4"
| #define PPP_BINARY "/usr/sbin/pppd"
| #define PPTP_FACILITY LOG_DAEMON
| #define HAVE_SETSID 1
| #define HAVE_DAEMON 1
| #define HAVE_GETSERVBYNAME 1
| #define HAVE_FORK 1
| #define HAVE_MEMMOVE 1
| #define HAVE_STRERROR 1
| #define HAVE_WRITEV 1
| #define STDC_HEADERS 1
| #define HAVE_SYS_TYPES_H 1
| #define HAVE_SYS_STAT_H 1
| #define HAVE_STDLIB_H 1
| #define HAVE_STRING_H 1
| #define HAVE_MEMORY_H 1
| #define HAVE_STRINGS_H 1
| #define HAVE_INTTYPES_H 1
| #define HAVE_STDINT_H 1
| #define HAVE_UNISTD_H 1
| #define HAVE_PTY_H 1
| #define HAVE_STRING_H 1
| #define HAVE_SYSLOG_H 1
| #define HAVE_LIBINTL_H 1
| #define HAVE_SYS_UIO_H 1
| #define HAVE_LIBC 1
| #define HAVE_LIBC 1
| #define HAVE_LIBC 1
| /* end confdefs.h.  */
| 
| /* Override any GCC internal prototype to avoid an error.
|    Use char because int might match the return type of a GCC
|    builtin and then its argument prototype would still apply.  */
| #ifdef __cplusplus
| extern "C"
| #endif
| char accept ();
| int
| main ()
| {
| return accept ();
|   ;
|   return 0;
| }
configure:6252: result: no
configure:6264: checking for gethostbyname in -lnsl
configure:6299: gcc -o conftest -g -O2   conftest.c -lnsl  -lc -lc -lc  >&5
configure:6305: $? = 0
configure:6323: result: yes
configure:6335: checking for openpty in -lutil
configure:6370: gcc -o conftest -g -O2   conftest.c -lutil  -lnsl -lc -lc -lc  >&5
configure:6376: $? = 0
configure:6394: result: yes
configure:6406: checking for gettext in -lintl
configure:6441: gcc -o conftest -g -O2   conftest.c -lintl  -lutil -lnsl -lc -lc -lc  >&5
conftest.c:46: warning: conflicting types for built-in function 'gettext'
/usr/bin/ld: cannot find -lintl
collect2: ld returned 1 exit status
configure:6447: $? = 1
configure: failed program was:
| /* confdefs.h.  */
| #define PACKAGE_NAME ""
| #define PACKAGE_TARNAME ""
| #define PACKAGE_VERSION ""
| #define PACKAGE_STRING ""
| #define PACKAGE_BUGREPORT ""
| #define PACKAGE "pptpd"
| #define VERSION "1.3.4"
| #define PPP_BINARY "/usr/sbin/pppd"
| #define PPTP_FACILITY LOG_DAEMON
| #define HAVE_SETSID 1
| #define HAVE_DAEMON 1
| #define HAVE_GETSERVBYNAME 1
| #define HAVE_FORK 1
| #define HAVE_MEMMOVE 1
| #define HAVE_STRERROR 1
| #define HAVE_WRITEV 1
| #define STDC_HEADERS 1
| #define HAVE_SYS_TYPES_H 1
| #define HAVE_SYS_STAT_H 1
| #define HAVE_STDLIB_H 1
| #define HAVE_STRING_H 1
| #define HAVE_MEMORY_H 1
| #define HAVE_STRINGS_H 1
| #define HAVE_INTTYPES_H 1
| #define HAVE_STDINT_H 1
| #define HAVE_UNISTD_H 1
| #define HAVE_PTY_H 1
| #define HAVE_STRING_H 1
| #define HAVE_SYSLOG_H 1
| #define HAVE_LIBINTL_H 1
| #define HAVE_SYS_UIO_H 1
| #define HAVE_LIBC 1
| #define HAVE_LIBC 1
| #define HAVE_LIBC 1
| #define HAVE_LIBNSL 1
| #define HAVE_LIBUTIL 1
| /* end confdefs.h.  */
| 
| /* Override any GCC internal prototype to avoid an error.
|    Use char because int might match the return type of a GCC
|    builtin and then its argument prototype would still apply.  */
| #ifdef __cplusplus
| extern "C"
| #endif
| char gettext ();
| int
| main ()
| {
| return gettext ();
|   ;
|   return 0;
| }
configure:6465: result: no
configure:6754: creating ./config.status

## ---------------------- ##
## Running config.status. ##
## ---------------------- ##

This file was extended by config.status, which was
generated by GNU Autoconf 2.61.  Invocation command line was

  CONFIG_FILES    = 
  CONFIG_HEADERS  = 
  CONFIG_LINKS    = 
  CONFIG_COMMANDS = 
  $ ./config.status 

on localhost.localdomain

config.status:639: creating Makefile
config.status:639: creating config.h
config.status:877: config.h is unchanged
config.status:923: executing depfiles commands

## ---------------- ##
## Cache variables. ##
## ---------------- ##

ac_cv_c_compiler_gnu=yes
ac_cv_c_const=yes
ac_cv_c_inline=inline
ac_cv_env_CC_set=
ac_cv_env_CC_value=
ac_cv_env_CFLAGS_set=
ac_cv_env_CFLAGS_value=
ac_cv_env_CPPFLAGS_set=
ac_cv_env_CPPFLAGS_value=
ac_cv_env_CPP_set=
ac_cv_env_CPP_value=
ac_cv_env_LDFLAGS_set=
ac_cv_env_LDFLAGS_value=
ac_cv_env_LIBS_set=
ac_cv_env_LIBS_value=
ac_cv_env_build_alias_set=
ac_cv_env_build_alias_value=
ac_cv_env_host_alias_set=
ac_cv_env_host_alias_value=
ac_cv_env_target_alias_set=
ac_cv_env_target_alias_value=
ac_cv_func_daemon=yes
ac_cv_func_fork=yes
ac_cv_func_getservbyname=yes
ac_cv_func_memmove=yes
ac_cv_func_setproctitle=no
ac_cv_func_setsid=yes
ac_cv_func_strerror=yes
ac_cv_func_strlcpy=no
ac_cv_func_writev=yes
ac_cv_header_inttypes_h=yes
ac_cv_header_libintl_h=yes
ac_cv_header_libutil_h=no
ac_cv_header_memory_h=yes
ac_cv_header_pty_h=yes
ac_cv_header_stdc=yes
ac_cv_header_stdint_h=yes
ac_cv_header_stdlib_h=yes
ac_cv_header_string_h=yes
ac_cv_header_strings_h=yes
ac_cv_header_sys_stat_h=yes
ac_cv_header_sys_types_h=yes
ac_cv_header_sys_uio_h=yes
ac_cv_header_syslog_h=yes
ac_cv_header_unistd_h=yes
ac_cv_lib_c_accept=yes
ac_cv_lib_c_gethostbyname=yes
ac_cv_lib_c_gettext=yes
ac_cv_lib_c_openpty=no
ac_cv_lib_intl_gettext=no
ac_cv_lib_nsl_gethostbyname=yes
ac_cv_lib_socket_accept=no
ac_cv_lib_util_openpty=yes
ac_cv_objext=o
ac_cv_path_EGREP='/bin/grep -E'
ac_cv_path_GREP=/bin/grep
ac_cv_path_install='/usr/bin/install -c'
ac_cv_prog_AWK=gawk
ac_cv_prog_CPP='gcc -E'
ac_cv_prog_ac_ct_CC=gcc
ac_cv_prog_ac_ct_RANLIB=ranlib
ac_cv_prog_cc_c89=
ac_cv_prog_cc_g=yes
ac_cv_prog_make_make_set=yes
ac_cv_sys_interpreter=yes
ac_cv_type_size_t=yes
ac_cv_type_socklen_t=yes
ac_cv_type_ssize_t=yes
ac_cv_type_u_int16_t=yes
ac_cv_type_u_int32_t=yes
ac_cv_type_u_int8_t=yes
am_cv_CC_dependencies_compiler_type=none

## ----------------- ##
## Output variables. ##
## ----------------- ##

ACLOCAL='${SHELL} /home/robert/source/CA2/linux/embedded_rootfs/pkg_addon/pptpd-1.3.4/missing --run aclocal-1.9'
AMDEPBACKSLASH='\'
AMDEP_FALSE='#'
AMDEP_TRUE=''
AMTAR='${SHELL} /home/robert/source/CA2/linux/embedded_rootfs/pkg_addon/pptpd-1.3.4/missing --run tar'
AUTOCONF='${SHELL} /home/robert/source/CA2/linux/embedded_rootfs/pkg_addon/pptpd-1.3.4/missing --run autoconf'
AUTOHEADER='${SHELL} /home/robert/source/CA2/linux/embedded_rootfs/pkg_addon/pptpd-1.3.4/missing --run autoheader'
AUTOMAKE='${SHELL} /home/robert/source/CA2/linux/embedded_rootfs/pkg_addon/pptpd-1.3.4/missing --run automake-1.9'
AWK='gawk'
CC='gcc'
CCDEPMODE='depmode=none'
CFLAGS='-g -O2'
CPP='gcc -E'
CPPFLAGS=''
CYGPATH_W='echo'
DEFS='-DHAVE_CONFIG_H'
DEPDIR='.deps'
ECHO_C=''
ECHO_N='-n'
ECHO_T=''
EGREP='/bin/grep -E'
EXEEXT=''
GREP='/bin/grep'
HAVE_OPENPTY=''
INSTALL_DATA='${INSTALL} -m 644'
INSTALL_PROGRAM='${INSTALL}'
INSTALL_SCRIPT='${INSTALL}'
INSTALL_STRIP_PROGRAM='${SHELL} $(install_sh) -c -s'
LDFLAGS=''
LIBOBJS=''
LIBS=''
LN_S='ln -s'
LTLIBOBJS=''
MAKEINFO='${SHELL} /home/robert/source/CA2/linux/embedded_rootfs/pkg_addon/pptpd-1.3.4/missing --run makeinfo'
OBJEXT='o'
PACKAGE='pptpd'
PACKAGE_BUGREPORT=''
PACKAGE_NAME=''
PACKAGE_STRING=''
PACKAGE_TARNAME=''
PACKAGE_VERSION=''
PATH_SEPARATOR=':'
RANLIB='ranlib'
SET_MAKE=''
SHELL='/bin/sh'
STRIP=''
VERSION='1.3.4'
XTRALIBS_CTRL='-lutil'
XTRALIBS_MGR=''
XTRA_PROG=''
ac_ct_CC='gcc'
am__fastdepCC_FALSE=''
am__fastdepCC_TRUE='#'
am__include='include'
am__leading_dot='.'
am__quote=''
am__tar='${AMTAR} chof - "$$tardir"'
am__untar='${AMTAR} xf -'
bindir='${exec_prefix}/bin'
build_alias=''
datadir='${datarootdir}'
datarootdir='${prefix}/share'
docdir='${datarootdir}/doc/${PACKAGE}'
dvidir='${docdir}'
exec_prefix='${prefix}'
host_alias=''
htmldir='${docdir}'
includedir='${prefix}/include'
infodir='${datarootdir}/info'
install_sh='/home/robert/source/CA2/linux/embedded_rootfs/pkg_addon/pptpd-1.3.4/install-sh'
libdir='${exec_prefix}/lib'
libexecdir='${exec_prefix}/libexec'
localedir='${datarootdir}/locale'
localstatedir='${prefix}/var'
mandir='${datarootdir}/man'
mkdir_p='mkdir -p --'
oldincludedir='/usr/include'
pdfdir='${docdir}'
prefix='/tmp/root-rootfs'
program_transform_name='s,x,x,'
psdir='${docdir}'
sbindir='${exec_prefix}/sbin'
sharedstatedir='${prefix}/com'
sysconfdir='${prefix}/etc'
target_alias=''

## ----------- ##
## confdefs.h. ##
## ----------- ##

#define PACKAGE_NAME ""
#define PACKAGE_TARNAME ""
#define PACKAGE_VERSION ""
#define PACKAGE_STRING ""
#define PACKAGE_BUGREPORT ""
#define PACKAGE "pptpd"
#define VERSION "1.3.4"
#define PPP_BINARY "/usr/sbin/pppd"
#define PPTP_FACILITY LOG_DAEMON
#define HAVE_SETSID 1
#define HAVE_DAEMON 1
#define HAVE_GETSERVBYNAME 1
#define HAVE_FORK 1
#define HAVE_MEMMOVE 1
#define HAVE_STRERROR 1
#define HAVE_WRITEV 1
#define STDC_HEADERS 1
#define HAVE_SYS_TYPES_H 1
#define HAVE_SYS_STAT_H 1
#define HAVE_STDLIB_H 1
#define HAVE_STRING_H 1
#define HAVE_MEMORY_H 1
#define HAVE_STRINGS_H 1
#define HAVE_INTTYPES_H 1
#define HAVE_STDINT_H 1
#define HAVE_UNISTD_H 1
#define HAVE_PTY_H 1
#define HAVE_STRING_H 1
#define HAVE_SYSLOG_H 1
#define HAVE_LIBINTL_H 1
#define HAVE_SYS_UIO_H 1
#define HAVE_LIBC 1
#define HAVE_LIBC 1
#define HAVE_LIBC 1
#define HAVE_LIBNSL 1
#define HAVE_LIBUTIL 1
#define HAVE_OPENPTY 1

configure: exit 0
