This file contains any messages produced by compilers while
running configure, to aid debugging if configure makes a mistake.

It was created by strongSwan configure 4.0.4, which was
generated by GNU Autoconf 2.59.  Invocation command line was

  $ ./configure LDFLAGS=-mabi=64 --prefix=/tmp/root-rootfs/usr --host=mips64-octeon-linux-gnu

## --------- ##
## Platform. ##
## --------- ##

hostname = 192.168.5.20
uname -m = i686
uname -r = 2.6.15-1.2054_FC5
uname -s = Linux
uname -v = #1 Tue Mar 14 15:48:33 EST 2006

/usr/bin/uname -p = unknown
/bin/uname -X     = unknown

/bin/arch              = i686
/usr/bin/arch -k       = unknown
/usr/convex/getsysinfo = unknown
hostinfo               = unknown
/bin/machine           = unknown
/usr/bin/oslevel       = unknown
/bin/universe          = unknown

PATH: /project/oct/CA1/linux/../tools/bin
PATH: /project/oct/CA1/linux/../host/bin
PATH: /usr/kerberos/sbin
PATH: /usr/kerberos/bin
PATH: /usr/local/sbin
PATH: /usr/local/bin
PATH: /sbin
PATH: /bin
PATH: /usr/sbin
PATH: /usr/bin
PATH: /usr/X11R6/bin
PATH: /root/bin


## ----------- ##
## Core tests. ##
## ----------- ##

configure:1563: checking for a BSD-compatible install
configure:1618: result: /usr/bin/install -c
configure:1629: checking whether build environment is sane
configure:1672: result: yes
configure:1737: checking for gawk
configure:1753: found /bin/gawk
configure:1763: result: gawk
configure:1773: checking whether make sets $(MAKE)
configure:1793: result: yes
configure:1869: checking for mips64-octeon-linux-gnu-strip
configure:1895: result: mips64-octeon-linux-gnu-strip
configure:1956: checking how to create a ustar tar archive
configure:1969: tar --version
tar (GNU tar) 1.15.1
configure:1972: $? = 0
configure:2012: tardir=conftest.dir && eval tar --format=ustar -chf - "$tardir" >conftest.tar
configure:2015: $? = 0
configure:2019: tar -xf - <conftest.tar
configure:2022: $? = 0
configure:2035: result: gnutar
configure:2054: checking for style of include used by make
configure:2082: result: GNU
configure:2115: checking for mips64-octeon-linux-gnu-gcc
configure:2141: result: mips64-octeon-linux-gnu-gcc
configure:2423: checking for C compiler version
configure:2426: mips64-octeon-linux-gnu-gcc --version </dev/null >&5
mips64-octeon-linux-gnu-gcc (GCC) 3.4.5 Cavium Networks Version: 1.4.0, build 58
Copyright (C) 2004 Free Software Foundation, Inc.
This is free software; see the source for copying conditions.  There is NO
warranty; not even for MERCHANTABILITY or FITNESS FOR A PARTICULAR PURPOSE.

configure:2429: $? = 0
configure:2431: mips64-octeon-linux-gnu-gcc -v </dev/null >&5
Reading specs from /project/oct/CA1/tools/bin/../lib/gcc/mips64-octeon-linux-gnu/3.4.5/specs
Configured with: ../src/configure --target=mips64-octeon-linux-gnu --prefix=/usr/local/Cavium_Networks/octsw/toolchain-3_4/tools --with-local-prefix=/usr/local/Cavium_Networks/octsw/toolchain-3_4/tools/mips64-octeon-linux-gnu/sys-root --disable-nls --disable-sim --enable-symvers=gnu --enable-__cxa_atexit --enable-languages=c,c++ --with-float=soft --with-abi=64 --with-sysroot
Thread model: posix
gcc version 3.4.5 Cavium Networks Version: 1.4.0, build 58
configure:2434: $? = 0
configure:2436: mips64-octeon-linux-gnu-gcc -V </dev/null >&5
mips64-octeon-linux-gnu-gcc: `-V' option must have argument
configure:2439: $? = 1
configure:2462: checking for C compiler default output file name
configure:2465: mips64-octeon-linux-gnu-gcc -mabi=64 -Os -fomit-frame-pointer -I/project/oct/CA1/linux/embedded_rootfs/../kernel_2.6/linux/include -g   -mabi=64 conftest.c  >&5
configure:2468: $? = 0
configure:2514: result: a.out
configure:2519: checking whether the C compiler works
configure:2525: ./a.out
./configure: line 2526: ./a.out: cannot execute binary file
configure:2528: $? = 126
configure:2545: result: yes
configure:2552: checking whether we are cross compiling
configure:2554: result: yes
configure:2557: checking for suffix of executables
configure:2559: mips64-octeon-linux-gnu-gcc -o conftest -mabi=64 -Os -fomit-frame-pointer -I/project/oct/CA1/linux/embedded_rootfs/../kernel_2.6/linux/include -g   -mabi=64 conftest.c  >&5
configure:2562: $? = 0
configure:2587: result: 
configure:2593: checking for suffix of object files
configure:2614: mips64-octeon-linux-gnu-gcc -c -mabi=64 -Os -fomit-frame-pointer -I/project/oct/CA1/linux/embedded_rootfs/../kernel_2.6/linux/include -g   conftest.c >&5
configure:2617: $? = 0
configure:2639: result: o
configure:2643: checking whether we are using the GNU C compiler
configure:2667: mips64-octeon-linux-gnu-gcc -c -mabi=64 -Os -fomit-frame-pointer -I/project/oct/CA1/linux/embedded_rootfs/../kernel_2.6/linux/include -g   conftest.c >&5
configure:2673: $? = 0
configure:2677: test -z 
			 || test ! -s conftest.err
configure:2680: $? = 0
configure:2683: test -s conftest.o
configure:2686: $? = 0
configure:2699: result: yes
configure:2705: checking whether mips64-octeon-linux-gnu-gcc accepts -g
configure:2726: mips64-octeon-linux-gnu-gcc -c -g  conftest.c >&5
configure:2732: $? = 0
configure:2736: test -z 
			 || test ! -s conftest.err
configure:2739: $? = 0
configure:2742: test -s conftest.o
configure:2745: $? = 0
configure:2756: result: yes
configure:2773: checking for mips64-octeon-linux-gnu-gcc option to accept ANSI C
configure:2843: mips64-octeon-linux-gnu-gcc  -c -mabi=64 -Os -fomit-frame-pointer -I/project/oct/CA1/linux/embedded_rootfs/../kernel_2.6/linux/include -g   conftest.c >&5
configure:2849: $? = 0
configure:2853: test -z 
			 || test ! -s conftest.err
configure:2856: $? = 0
configure:2859: test -s conftest.o
configure:2862: $? = 0
configure:2880: result: none needed
configure:2898: mips64-octeon-linux-gnu-gcc -c -mabi=64 -Os -fomit-frame-pointer -I/project/oct/CA1/linux/embedded_rootfs/../kernel_2.6/linux/include -g   conftest.c >&5
conftest.c:2: error: parse error before "me"
configure:2904: $? = 1
configure: failed program was:
| #ifndef __cplusplus
|   choke me
| #endif
configure:3039: checking dependency style of mips64-octeon-linux-gnu-gcc
configure:3129: result: gcc3
configure:3147: checking whether byte ordering is bigendian
configure:3174: mips64-octeon-linux-gnu-gcc -c -mabi=64 -Os -fomit-frame-pointer -I/project/oct/CA1/linux/embedded_rootfs/../kernel_2.6/linux/include -g   conftest.c >&5
configure:3180: $? = 0
configure:3184: test -z 
			 || test ! -s conftest.err
configure:3187: $? = 0
configure:3190: test -s conftest.o
configure:3193: $? = 0
configure:3217: mips64-octeon-linux-gnu-gcc -c -mabi=64 -Os -fomit-frame-pointer -I/project/oct/CA1/linux/embedded_rootfs/../kernel_2.6/linux/include -g   conftest.c >&5
configure:3223: $? = 0
configure:3227: test -z 
			 || test ! -s conftest.err
configure:3230: $? = 0
configure:3233: test -s conftest.o
configure:3236: $? = 0
configure:3358: result: yes
configure:3528: checking for a BSD-compatible install
configure:3583: result: /usr/bin/install -c
configure:3672: checking build system type
configure:3690: result: i686-pc-linux-gnu
configure:3698: checking host system type
configure:3712: result: mips64-octeon-linux-gnu
configure:3720: checking for a sed that does not truncate output
configure:3774: result: /bin/sed
configure:3777: checking for egrep
configure:3787: result: grep -E
configure:3803: checking for ld used by mips64-octeon-linux-gnu-gcc
configure:3870: result: mips64-octeon-linux-gnu-ld
configure:3879: checking if the linker (mips64-octeon-linux-gnu-ld) is GNU ld
configure:3894: result: yes
configure:3899: checking for mips64-octeon-linux-gnu-ld option to reload object files
configure:3906: result: -r
configure:3924: checking for BSD-compatible nm
configure:3973: result: /project/oct/CA1/linux/../tools/bin/mips64-octeon-linux-gnu-nm -B
configure:3977: checking whether ln -s works
configure:3981: result: yes
configure:3988: checking how to recognise dependent libraries
configure:4164: result: pass_all
configure:4400: checking how to run the C preprocessor
configure:4435: mips64-octeon-linux-gnu-gcc -E  conftest.c
configure:4441: $? = 0
configure:4473: mips64-octeon-linux-gnu-gcc -E  conftest.c
conftest.c:15:28: ac_nonexistent.h: No such file or directory
configure:4479: $? = 1
configure: failed program was:
| /* confdefs.h.  */
| 
| #define PACKAGE_NAME "strongSwan"
| #define PACKAGE_TARNAME "strongswan"
| #define PACKAGE_VERSION "4.0.4"
| #define PACKAGE_STRING "strongSwan 4.0.4"
| #define PACKAGE_BUGREPORT ""
| #define PACKAGE "strongswan"
| #define VERSION "4.0.4"
| #define WORDS_BIGENDIAN 1
| #define PKCS11_DEFAULT_LIB "/usr/lib/opensc-pkcs11.so"
| #define DEV_RANDOM "/dev/random"
| #define DEV_URANDOM "/dev/urandom"
| /* end confdefs.h.  */
| #include <ac_nonexistent.h>
configure:4518: result: mips64-octeon-linux-gnu-gcc -E
configure:4542: mips64-octeon-linux-gnu-gcc -E  conftest.c
configure:4548: $? = 0
configure:4580: mips64-octeon-linux-gnu-gcc -E  conftest.c
conftest.c:15:28: ac_nonexistent.h: No such file or directory
configure:4586: $? = 1
configure: failed program was:
| /* confdefs.h.  */
| 
| #define PACKAGE_NAME "strongSwan"
| #define PACKAGE_TARNAME "strongswan"
| #define PACKAGE_VERSION "4.0.4"
| #define PACKAGE_STRING "strongSwan 4.0.4"
| #define PACKAGE_BUGREPORT ""
| #define PACKAGE "strongswan"
| #define VERSION "4.0.4"
| #define WORDS_BIGENDIAN 1
| #define PKCS11_DEFAULT_LIB "/usr/lib/opensc-pkcs11.so"
| #define DEV_RANDOM "/dev/random"
| #define DEV_URANDOM "/dev/urandom"
| /* end confdefs.h.  */
| #include <ac_nonexistent.h>
configure:4630: checking for ANSI C header files
configure:4655: mips64-octeon-linux-gnu-gcc -c -mabi=64 -Os -fomit-frame-pointer -I/project/oct/CA1/linux/embedded_rootfs/../kernel_2.6/linux/include -g   conftest.c >&5
configure:4661: $? = 0
configure:4665: test -z 
			 || test ! -s conftest.err
configure:4668: $? = 0
configure:4671: test -s conftest.o
configure:4674: $? = 0
configure:4786: result: yes
configure:4810: checking for sys/types.h
configure:4826: mips64-octeon-linux-gnu-gcc -c -mabi=64 -Os -fomit-frame-pointer -I/project/oct/CA1/linux/embedded_rootfs/../kernel_2.6/linux/include -g   conftest.c >&5
configure:4832: $? = 0
configure:4836: test -z 
			 || test ! -s conftest.err
configure:4839: $? = 0
configure:4842: test -s conftest.o
configure:4845: $? = 0
configure:4856: result: yes
configure:4810: checking for sys/stat.h
configure:4826: mips64-octeon-linux-gnu-gcc -c -mabi=64 -Os -fomit-frame-pointer -I/project/oct/CA1/linux/embedded_rootfs/../kernel_2.6/linux/include -g   conftest.c >&5
configure:4832: $? = 0
configure:4836: test -z 
			 || test ! -s conftest.err
configure:4839: $? = 0
configure:4842: test -s conftest.o
configure:4845: $? = 0
configure:4856: result: yes
configure:4810: checking for stdlib.h
configure:4826: mips64-octeon-linux-gnu-gcc -c -mabi=64 -Os -fomit-frame-pointer -I/project/oct/CA1/linux/embedded_rootfs/../kernel_2.6/linux/include -g   conftest.c >&5
configure:4832: $? = 0
configure:4836: test -z 
			 || test ! -s conftest.err
configure:4839: $? = 0
configure:4842: test -s conftest.o
configure:4845: $? = 0
configure:4856: result: yes
configure:4810: checking for string.h
configure:4826: mips64-octeon-linux-gnu-gcc -c -mabi=64 -Os -fomit-frame-pointer -I/project/oct/CA1/linux/embedded_rootfs/../kernel_2.6/linux/include -g   conftest.c >&5
configure:4832: $? = 0
configure:4836: test -z 
			 || test ! -s conftest.err
configure:4839: $? = 0
configure:4842: test -s conftest.o
configure:4845: $? = 0
configure:4856: result: yes
configure:4810: checking for memory.h
configure:4826: mips64-octeon-linux-gnu-gcc -c -mabi=64 -Os -fomit-frame-pointer -I/project/oct/CA1/linux/embedded_rootfs/../kernel_2.6/linux/include -g   conftest.c >&5
configure:4832: $? = 0
configure:4836: test -z 
			 || test ! -s conftest.err
configure:4839: $? = 0
configure:4842: test -s conftest.o
configure:4845: $? = 0
configure:4856: result: yes
configure:4810: checking for strings.h
configure:4826: mips64-octeon-linux-gnu-gcc -c -mabi=64 -Os -fomit-frame-pointer -I/project/oct/CA1/linux/embedded_rootfs/../kernel_2.6/linux/include -g   conftest.c >&5
configure:4832: $? = 0
configure:4836: test -z 
			 || test ! -s conftest.err
configure:4839: $? = 0
configure:4842: test -s conftest.o
configure:4845: $? = 0
configure:4856: result: yes
configure:4810: checking for inttypes.h
configure:4826: mips64-octeon-linux-gnu-gcc -c -mabi=64 -Os -fomit-frame-pointer -I/project/oct/CA1/linux/embedded_rootfs/../kernel_2.6/linux/include -g   conftest.c >&5
configure:4832: $? = 0
configure:4836: test -z 
			 || test ! -s conftest.err
configure:4839: $? = 0
configure:4842: test -s conftest.o
configure:4845: $? = 0
configure:4856: result: yes
configure:4810: checking for stdint.h
configure:4826: mips64-octeon-linux-gnu-gcc -c -mabi=64 -Os -fomit-frame-pointer -I/project/oct/CA1/linux/embedded_rootfs/../kernel_2.6/linux/include -g   conftest.c >&5
configure:4832: $? = 0
configure:4836: test -z 
			 || test ! -s conftest.err
configure:4839: $? = 0
configure:4842: test -s conftest.o
configure:4845: $? = 0
configure:4856: result: yes
configure:4810: checking for unistd.h
configure:4826: mips64-octeon-linux-gnu-gcc -c -mabi=64 -Os -fomit-frame-pointer -I/project/oct/CA1/linux/embedded_rootfs/../kernel_2.6/linux/include -g   conftest.c >&5
configure:4832: $? = 0
configure:4836: test -z 
			 || test ! -s conftest.err
configure:4839: $? = 0
configure:4842: test -s conftest.o
configure:4845: $? = 0
configure:4856: result: yes
configure:4882: checking dlfcn.h usability
configure:4894: mips64-octeon-linux-gnu-gcc -c -mabi=64 -Os -fomit-frame-pointer -I/project/oct/CA1/linux/embedded_rootfs/../kernel_2.6/linux/include -g   conftest.c >&5
configure:4900: $? = 0
configure:4904: test -z 
			 || test ! -s conftest.err
configure:4907: $? = 0
configure:4910: test -s conftest.o
configure:4913: $? = 0
configure:4923: result: yes
configure:4927: checking dlfcn.h presence
configure:4937: mips64-octeon-linux-gnu-gcc -E  conftest.c
configure:4943: $? = 0
configure:4963: result: yes
configure:4998: checking for dlfcn.h
configure:5005: result: yes
configure:5028: checking for mips64-octeon-linux-gnu-g++
configure:5054: result: mips64-octeon-linux-gnu-g++
configure:5112: checking for C++ compiler version
configure:5115: mips64-octeon-linux-gnu-g++ --version </dev/null >&5
mips64-octeon-linux-gnu-g++ (GCC) 3.4.5 Cavium Networks Version: 1.4.0, build 58
Copyright (C) 2004 Free Software Foundation, Inc.
This is free software; see the source for copying conditions.  There is NO
warranty; not even for MERCHANTABILITY or FITNESS FOR A PARTICULAR PURPOSE.

configure:5118: $? = 0
configure:5120: mips64-octeon-linux-gnu-g++ -v </dev/null >&5
Reading specs from /project/oct/CA1/tools/bin/../lib/gcc/mips64-octeon-linux-gnu/3.4.5/specs
Configured with: ../src/configure --target=mips64-octeon-linux-gnu --prefix=/usr/local/Cavium_Networks/octsw/toolchain-3_4/tools --with-local-prefix=/usr/local/Cavium_Networks/octsw/toolchain-3_4/tools/mips64-octeon-linux-gnu/sys-root --disable-nls --disable-sim --enable-symvers=gnu --enable-__cxa_atexit --enable-languages=c,c++ --with-float=soft --with-abi=64 --with-sysroot
Thread model: posix
gcc version 3.4.5 Cavium Networks Version: 1.4.0, build 58
configure:5123: $? = 0
configure:5125: mips64-octeon-linux-gnu-g++ -V </dev/null >&5
mips64-octeon-linux-gnu-g++: `-V' option must have argument
configure:5128: $? = 1
configure:5131: checking whether we are using the GNU C++ compiler
configure:5155: mips64-octeon-linux-gnu-g++ -c -mabi=64 -Os -fomit-frame-pointer  conftest.cc >&5
configure:5161: $? = 0
configure:5165: test -z 
			 || test ! -s conftest.err
configure:5168: $? = 0
configure:5171: test -s conftest.o
configure:5174: $? = 0
configure:5187: result: yes
configure:5193: checking whether mips64-octeon-linux-gnu-g++ accepts -g
configure:5214: mips64-octeon-linux-gnu-g++ -c -g  conftest.cc >&5
configure:5220: $? = 0
configure:5224: test -z 
			 || test ! -s conftest.err
configure:5227: $? = 0
configure:5230: test -s conftest.o
configure:5233: $? = 0
configure:5244: result: yes
configure:5286: mips64-octeon-linux-gnu-g++ -c -mabi=64 -Os -fomit-frame-pointer  conftest.cc >&5
configure:5292: $? = 0
configure:5296: test -z 
			 || test ! -s conftest.err
configure:5299: $? = 0
configure:5302: test -s conftest.o
configure:5305: $? = 0
configure:5331: mips64-octeon-linux-gnu-g++ -c -mabi=64 -Os -fomit-frame-pointer  conftest.cc >&5
conftest.cc: In function `int main()':
conftest.cc:30: error: `exit' was not declared in this scope
configure:5337: $? = 1
configure: failed program was:
| /* confdefs.h.  */
| 
| #define PACKAGE_NAME "strongSwan"
| #define PACKAGE_TARNAME "strongswan"
| #define PACKAGE_VERSION "4.0.4"
| #define PACKAGE_STRING "strongSwan 4.0.4"
| #define PACKAGE_BUGREPORT ""
| #define PACKAGE "strongswan"
| #define VERSION "4.0.4"
| #define WORDS_BIGENDIAN 1
| #define PKCS11_DEFAULT_LIB "/usr/lib/opensc-pkcs11.so"
| #define DEV_RANDOM "/dev/random"
| #define DEV_URANDOM "/dev/urandom"
| #define STDC_HEADERS 1
| #define HAVE_SYS_TYPES_H 1
| #define HAVE_SYS_STAT_H 1
| #define HAVE_STDLIB_H 1
| #define HAVE_STRING_H 1
| #define HAVE_MEMORY_H 1
| #define HAVE_STRINGS_H 1
| #define HAVE_INTTYPES_H 1
| #define HAVE_STDINT_H 1
| #define HAVE_UNISTD_H 1
| #define HAVE_DLFCN_H 1
| /* end confdefs.h.  */
| 
| int
| main ()
| {
| exit (42);
|   ;
|   return 0;
| }
configure:5286: mips64-octeon-linux-gnu-g++ -c -mabi=64 -Os -fomit-frame-pointer  conftest.cc >&5
configure:5292: $? = 0
configure:5296: test -z 
			 || test ! -s conftest.err
configure:5299: $? = 0
configure:5302: test -s conftest.o
configure:5305: $? = 0
configure:5331: mips64-octeon-linux-gnu-g++ -c -mabi=64 -Os -fomit-frame-pointer  conftest.cc >&5
configure:5337: $? = 0
configure:5341: test -z 
			 || test ! -s conftest.err
configure:5344: $? = 0
configure:5347: test -s conftest.o
configure:5350: $? = 0
configure:5375: checking dependency style of mips64-octeon-linux-gnu-g++
configure:5465: result: gcc3
configure:5492: checking how to run the C++ preprocessor
configure:5523: mips64-octeon-linux-gnu-g++ -E  conftest.cc
configure:5529: $? = 0
configure:5561: mips64-octeon-linux-gnu-g++ -E  conftest.cc
conftest.cc:29:28: ac_nonexistent.h: No such file or directory
configure:5567: $? = 1
configure: failed program was:
| /* confdefs.h.  */
| 
| #define PACKAGE_NAME "strongSwan"
| #define PACKAGE_TARNAME "strongswan"
| #define PACKAGE_VERSION "4.0.4"
| #define PACKAGE_STRING "strongSwan 4.0.4"
| #define PACKAGE_BUGREPORT ""
| #define PACKAGE "strongswan"
| #define VERSION "4.0.4"
| #define WORDS_BIGENDIAN 1
| #define PKCS11_DEFAULT_LIB "/usr/lib/opensc-pkcs11.so"
| #define DEV_RANDOM "/dev/random"
| #define DEV_URANDOM "/dev/urandom"
| #define STDC_HEADERS 1
| #define HAVE_SYS_TYPES_H 1
| #define HAVE_SYS_STAT_H 1
| #define HAVE_STDLIB_H 1
| #define HAVE_STRING_H 1
| #define HAVE_MEMORY_H 1
| #define HAVE_STRINGS_H 1
| #define HAVE_INTTYPES_H 1
| #define HAVE_STDINT_H 1
| #define HAVE_UNISTD_H 1
| #define HAVE_DLFCN_H 1
| #ifdef __cplusplus
| extern "C" void std::exit (int) throw (); using std::exit;
| #endif
| /* end confdefs.h.  */
| #include <ac_nonexistent.h>
configure:5606: result: mips64-octeon-linux-gnu-g++ -E
configure:5630: mips64-octeon-linux-gnu-g++ -E  conftest.cc
configure:5636: $? = 0
configure:5668: mips64-octeon-linux-gnu-g++ -E  conftest.cc
conftest.cc:29:28: ac_nonexistent.h: No such file or directory
configure:5674: $? = 1
configure: failed program was:
| /* confdefs.h.  */
| 
| #define PACKAGE_NAME "strongSwan"
| #define PACKAGE_TARNAME "strongswan"
| #define PACKAGE_VERSION "4.0.4"
| #define PACKAGE_STRING "strongSwan 4.0.4"
| #define PACKAGE_BUGREPORT ""
| #define PACKAGE "strongswan"
| #define VERSION "4.0.4"
| #define WORDS_BIGENDIAN 1
| #define PKCS11_DEFAULT_LIB "/usr/lib/opensc-pkcs11.so"
| #define DEV_RANDOM "/dev/random"
| #define DEV_URANDOM "/dev/urandom"
| #define STDC_HEADERS 1
| #define HAVE_SYS_TYPES_H 1
| #define HAVE_SYS_STAT_H 1
| #define HAVE_STDLIB_H 1
| #define HAVE_STRING_H 1
| #define HAVE_MEMORY_H 1
| #define HAVE_STRINGS_H 1
| #define HAVE_INTTYPES_H 1
| #define HAVE_STDINT_H 1
| #define HAVE_UNISTD_H 1
| #define HAVE_DLFCN_H 1
| #ifdef __cplusplus
| extern "C" void std::exit (int) throw (); using std::exit;
| #endif
| /* end confdefs.h.  */
| #include <ac_nonexistent.h>
configure:5729: checking for mips64-octeon-linux-gnu-g77
configure:5758: result: no
configure:5729: checking for mips64-octeon-linux-gnu-f77
configure:5758: result: no
configure:5729: checking for mips64-octeon-linux-gnu-xlf
configure:5758: result: no
configure:5729: checking for mips64-octeon-linux-gnu-frt
configure:5758: result: no
configure:5729: checking for mips64-octeon-linux-gnu-pgf77
configure:5758: result: no
configure:5729: checking for mips64-octeon-linux-gnu-fort77
configure:5758: result: no
configure:5729: checking for mips64-octeon-linux-gnu-fl32
configure:5758: result: no
configure:5729: checking for mips64-octeon-linux-gnu-af77
configure:5758: result: no
configure:5729: checking for mips64-octeon-linux-gnu-f90
configure:5758: result: no
configure:5729: checking for mips64-octeon-linux-gnu-xlf90
configure:5758: result: no
configure:5729: checking for mips64-octeon-linux-gnu-pgf90
configure:5758: result: no
configure:5729: checking for mips64-octeon-linux-gnu-epcf90
configure:5758: result: no
configure:5729: checking for mips64-octeon-linux-gnu-f95
configure:5758: result: no
configure:5729: checking for mips64-octeon-linux-gnu-fort
configure:5758: result: no
configure:5729: checking for mips64-octeon-linux-gnu-xlf95
configure:5758: result: no
configure:5729: checking for mips64-octeon-linux-gnu-ifc
configure:5758: result: no
configure:5729: checking for mips64-octeon-linux-gnu-efc
configure:5758: result: no
configure:5729: checking for mips64-octeon-linux-gnu-pgf95
configure:5758: result: no
configure:5729: checking for mips64-octeon-linux-gnu-lf95
configure:5758: result: no
configure:5729: checking for mips64-octeon-linux-gnu-gfortran
configure:5758: result: no
configure:5771: checking for g77
configure:5787: found /usr/bin/g77
configure:5797: result: g77
configure:5812: checking for Fortran 77 compiler version
configure:5815: g77 --version </dev/null >&5
GNU Fortran (GCC 3.2.3 20030502 (Red Hat Linux 3.2.3-55.fc5)) 3.2.3 20030502 (Red Hat Linux 3.2.3-13)
Copyright (C) 2002 Free Software Foundation, Inc.

GNU Fortran comes with NO WARRANTY, to the extent permitted by law.
You may redistribute copies of GNU Fortran
under the terms of the GNU General Public License.
For more information about these matters, see the file named COPYING
or type the command `info -f g77 Copying'.
configure:5818: $? = 0
configure:5820: g77 -v </dev/null >&5
Reading specs from /usr/lib/gcc-lib/i386-redhat-linux/3.2.3/specs
Configured with: ../configure --prefix=/usr --mandir=/usr/share/man --infodir=/usr/share/info --enable-shared --enable-threads=posix --disable-checking --with-system-zlib --enable-__cxa_atexit --enable-languages=c,c++,f77 --disable-libgcj --host=i386-redhat-linux
Thread model: posix
gcc version 3.2.3 20030502 (Red Hat Linux 3.2.3-55.fc5)
configure:5823: $? = 0
configure:5825: g77 -V </dev/null >&5
g77: argument to `-V' missing
configure:5828: $? = 1
configure:5836: checking whether we are using the GNU Fortran 77 compiler
configure:5850: g77 -c  conftest.F >&5
configure:5856: $? = 0
configure:5860: test -z 
			 || test ! -s conftest.err
configure:5863: $? = 0
configure:5866: test -s conftest.o
configure:5869: $? = 0
configure:5882: result: yes
configure:5888: checking whether g77 accepts -g
configure:5900: g77 -c -g conftest.f >&5
configure:5906: $? = 0
configure:5910: test -z 
			 || test ! -s conftest.err
configure:5913: $? = 0
configure:5916: test -s conftest.o
configure:5919: $? = 0
configure:5931: result: yes
configure:5961: checking the maximum length of command line arguments
configure:6070: result: 32768
configure:6081: checking command to parse /project/oct/CA1/linux/../tools/bin/mips64-octeon-linux-gnu-nm -B output from mips64-octeon-linux-gnu-gcc object
configure:6186: mips64-octeon-linux-gnu-gcc -c -mabi=64 -Os -fomit-frame-pointer -I/project/oct/CA1/linux/embedded_rootfs/../kernel_2.6/linux/include -g   conftest.c >&5
configure:6189: $? = 0
configure:6193: /project/oct/CA1/linux/../tools/bin/mips64-octeon-linux-gnu-nm -B conftest.o \| sed -n -e 's/^.*[ 	]\([ABCDGIRSTW][ABCDGIRSTW]*\)[ 	][ 	]*\([_A-Za-z][_A-Za-z0-9]*\)$/\1 \2 \2/p' \> conftest.nm
configure:6196: $? = 0
configure:6248: mips64-octeon-linux-gnu-gcc -o conftest -mabi=64 -Os -fomit-frame-pointer -I/project/oct/CA1/linux/embedded_rootfs/../kernel_2.6/linux/include -g   -mabi=64 conftest.c conftstm.o >&5
configure:6251: $? = 0
configure:6289: result: ok
configure:6293: checking for objdir
configure:6308: result: .libs
configure:6360: checking for mips64-octeon-linux-gnu-ar
configure:6386: result: mips64-octeon-linux-gnu-ar
configure:6440: checking for mips64-octeon-linux-gnu-ranlib
configure:6466: result: mips64-octeon-linux-gnu-ranlib
configure:6520: checking for mips64-octeon-linux-gnu-strip
configure:6546: result: mips64-octeon-linux-gnu-strip
configure:6808: checking for correct ltmain.sh version
configure:6858: result: yes
configure:6918: checking if mips64-octeon-linux-gnu-gcc supports -fno-rtti -fno-exceptions
configure:6936: mips64-octeon-linux-gnu-gcc -c -mabi=64 -Os -fomit-frame-pointer -I/project/oct/CA1/linux/embedded_rootfs/../kernel_2.6/linux/include -g   -fno-rtti -fno-exceptions conftest.c >&5
cc1: warning: command line option "-fno-rtti" is valid for C++/ObjC++ but not for C
configure:6940: $? = 0
configure:6953: result: no
configure:6968: checking for mips64-octeon-linux-gnu-gcc option to produce PIC
configure:7178: result: -fPIC
configure:7186: checking if mips64-octeon-linux-gnu-gcc PIC flag -fPIC works
configure:7204: mips64-octeon-linux-gnu-gcc -c -mabi=64 -Os -fomit-frame-pointer -I/project/oct/CA1/linux/embedded_rootfs/../kernel_2.6/linux/include -g   -fPIC -DPIC conftest.c >&5
configure:7208: $? = 0
configure:7221: result: yes
configure:7249: checking if mips64-octeon-linux-gnu-gcc static flag -static works
configure:7277: result: yes
configure:7287: checking if mips64-octeon-linux-gnu-gcc supports -c -o file.o
configure:7308: mips64-octeon-linux-gnu-gcc -c -mabi=64 -Os -fomit-frame-pointer -I/project/oct/CA1/linux/embedded_rootfs/../kernel_2.6/linux/include -g   -o out/conftest2.o conftest.c >&5
configure:7312: $? = 0
configure:7334: result: yes
configure:7360: checking whether the mips64-octeon-linux-gnu-gcc linker (mips64-octeon-linux-gnu-ld) supports shared libraries
configure:8318: result: yes
configure:8339: checking whether -lc should be explicitly linked in
configure:8344: mips64-octeon-linux-gnu-gcc -c -mabi=64 -Os -fomit-frame-pointer -I/project/oct/CA1/linux/embedded_rootfs/../kernel_2.6/linux/include -g   conftest.c >&5
configure:8347: $? = 0
configure:8362: mips64-octeon-linux-gnu-gcc -shared conftest.o  -v -Wl,-soname -Wl,conftest -o conftest 2\>\&1 \| grep  -lc  \>/dev/null 2\>\&1
configure:8365: $? = 0
configure:8377: result: no
configure:8385: checking dynamic linker characteristics
configure:9010: result: GNU/Linux ld.so
configure:9019: checking how to hardcode library paths into programs
configure:9044: result: immediate
configure:9058: checking whether stripping libraries is possible
configure:9063: result: yes
configure:9897: checking if libtool supports shared libraries
configure:9899: result: yes
configure:9902: checking whether to build shared libraries
configure:9923: result: yes
configure:9926: checking whether to build static libraries
configure:9930: result: yes
configure:10022: creating libtool
configure:10610: checking for ld used by mips64-octeon-linux-gnu-g++
configure:10677: result: mips64-octeon-linux-gnu-ld
configure:10686: checking if the linker (mips64-octeon-linux-gnu-ld) is GNU ld
configure:10701: result: yes
configure:10752: checking whether the mips64-octeon-linux-gnu-g++ linker (mips64-octeon-linux-gnu-ld) supports shared libraries
configure:11690: result: yes
configure:11708: mips64-octeon-linux-gnu-g++ -c -mabi=64 -Os -fomit-frame-pointer  conftest.cpp >&5
configure:11711: $? = 0
configure:11830: checking for mips64-octeon-linux-gnu-g++ option to produce PIC
configure:12104: result: -fPIC
configure:12112: checking if mips64-octeon-linux-gnu-g++ PIC flag -fPIC works
configure:12130: mips64-octeon-linux-gnu-g++ -c -mabi=64 -Os -fomit-frame-pointer  -fPIC -DPIC conftest.cpp >&5
configure:12134: $? = 0
configure:12147: result: yes
configure:12175: checking if mips64-octeon-linux-gnu-g++ static flag -static works
configure:12203: result: yes
configure:12213: checking if mips64-octeon-linux-gnu-g++ supports -c -o file.o
configure:12234: mips64-octeon-linux-gnu-g++ -c -mabi=64 -Os -fomit-frame-pointer  -o out/conftest2.o conftest.cpp >&5
configure:12238: $? = 0
configure:12260: result: yes
configure:12286: checking whether the mips64-octeon-linux-gnu-g++ linker (mips64-octeon-linux-gnu-ld) supports shared libraries
configure:12311: result: yes
configure:12378: checking dynamic linker characteristics
configure:13003: result: GNU/Linux ld.so
configure:13012: checking how to hardcode library paths into programs
configure:13037: result: immediate
configure:13563: checking if libtool supports shared libraries
configure:13565: result: yes
configure:13568: checking whether to build shared libraries
configure:13588: result: yes
configure:13591: checking whether to build static libraries
configure:13595: result: yes
configure:13605: checking for g77 option to produce PIC
configure:13815: result: -fPIC
configure:13823: checking if g77 PIC flag -fPIC works
configure:13841: g77 -c -g -O2 -fPIC conftest.f >&5
configure:13845: $? = 0
configure:13858: result: yes
configure:13886: checking if g77 static flag -static works
configure:13914: result: no
configure:13924: checking if g77 supports -c -o file.o
configure:13945: g77 -c -g -O2 -o out/conftest2.o conftest.f >&5
configure:13949: $? = 0
configure:13971: result: yes
configure:13997: checking whether the g77 linker (mips64-octeon-linux-gnu-ld) supports shared libraries
configure:14935: result: yes
configure:15002: checking dynamic linker characteristics
configure:15627: result: GNU/Linux ld.so
configure:15636: checking how to hardcode library paths into programs
configure:15661: result: immediate
configure:19265: checking for flex
configure:19281: found /usr/bin/flex
configure:19291: result: flex
configure:19304: checking for yywrap in -lfl
configure:19334: mips64-octeon-linux-gnu-gcc -o conftest -mabi=64 -Os -fomit-frame-pointer -I/project/oct/CA1/linux/embedded_rootfs/../kernel_2.6/linux/include -g   -mabi=64 conftest.c -lfl   >&5
/project/oct/CA1/tools/bin/../lib/gcc/mips64-octeon-linux-gnu/3.4.5/../../../../mips64-octeon-linux-gnu/bin/ld: cannot find -lfl
collect2: ld returned 1 exit status
configure:19340: $? = 1
configure: failed program was:
| /* confdefs.h.  */
| 
| #define PACKAGE_NAME "strongSwan"
| #define PACKAGE_TARNAME "strongswan"
| #define PACKAGE_VERSION "4.0.4"
| #define PACKAGE_STRING "strongSwan 4.0.4"
| #define PACKAGE_BUGREPORT ""
| #define PACKAGE "strongswan"
| #define VERSION "4.0.4"
| #define WORDS_BIGENDIAN 1
| #define PKCS11_DEFAULT_LIB "/usr/lib/opensc-pkcs11.so"
| #define DEV_RANDOM "/dev/random"
| #define DEV_URANDOM "/dev/urandom"
| #define STDC_HEADERS 1
| #define HAVE_SYS_TYPES_H 1
| #define HAVE_SYS_STAT_H 1
| #define HAVE_STDLIB_H 1
| #define HAVE_STRING_H 1
| #define HAVE_MEMORY_H 1
| #define HAVE_STRINGS_H 1
| #define HAVE_INTTYPES_H 1
| #define HAVE_STDINT_H 1
| #define HAVE_UNISTD_H 1
| #define HAVE_DLFCN_H 1
| #ifdef __cplusplus
| extern "C" void std::exit (int) throw (); using std::exit;
| #endif
| /* end confdefs.h.  */
| 
| /* Override any gcc2 internal prototype to avoid an error.  */
| #ifdef __cplusplus
| extern "C"
| #endif
| /* We use char because int might match the return type of a gcc2
|    builtin and then its argument prototype would still apply.  */
| char yywrap ();
| int
| main ()
| {
| yywrap ();
|   ;
|   return 0;
| }
configure:19366: result: no
configure:19371: checking for yywrap in -ll
configure:19401: mips64-octeon-linux-gnu-gcc -o conftest -mabi=64 -Os -fomit-frame-pointer -I/project/oct/CA1/linux/embedded_rootfs/../kernel_2.6/linux/include -g   -mabi=64 conftest.c -ll   >&5
/project/oct/CA1/tools/bin/../lib/gcc/mips64-octeon-linux-gnu/3.4.5/../../../../mips64-octeon-linux-gnu/bin/ld: cannot find -ll
collect2: ld returned 1 exit status
configure:19407: $? = 1
configure: failed program was:
| /* confdefs.h.  */
| 
| #define PACKAGE_NAME "strongSwan"
| #define PACKAGE_TARNAME "strongswan"
| #define PACKAGE_VERSION "4.0.4"
| #define PACKAGE_STRING "strongSwan 4.0.4"
| #define PACKAGE_BUGREPORT ""
| #define PACKAGE "strongswan"
| #define VERSION "4.0.4"
| #define WORDS_BIGENDIAN 1
| #define PKCS11_DEFAULT_LIB "/usr/lib/opensc-pkcs11.so"
| #define DEV_RANDOM "/dev/random"
| #define DEV_URANDOM "/dev/urandom"
| #define STDC_HEADERS 1
| #define HAVE_SYS_TYPES_H 1
| #define HAVE_SYS_STAT_H 1
| #define HAVE_STDLIB_H 1
| #define HAVE_STRING_H 1
| #define HAVE_MEMORY_H 1
| #define HAVE_STRINGS_H 1
| #define HAVE_INTTYPES_H 1
| #define HAVE_STDINT_H 1
| #define HAVE_UNISTD_H 1
| #define HAVE_DLFCN_H 1
| #ifdef __cplusplus
| extern "C" void std::exit (int) throw (); using std::exit;
| #endif
| /* end confdefs.h.  */
| 
| /* Override any gcc2 internal prototype to avoid an error.  */
| #ifdef __cplusplus
| extern "C"
| #endif
| /* We use char because int might match the return type of a gcc2
|    builtin and then its argument prototype would still apply.  */
| char yywrap ();
| int
| main ()
| {
| yywrap ();
|   ;
|   return 0;
| }
configure:19433: result: no
configure:19444: checking lex output file root
configure:19455: flex conftest.l
configure:19458: $? = 0
configure:19470: result: lex.yy
configure:19475: checking whether yytext is a pointer
configure:19491: mips64-octeon-linux-gnu-gcc -o conftest -mabi=64 -Os -fomit-frame-pointer -I/project/oct/CA1/linux/embedded_rootfs/../kernel_2.6/linux/include -g   -mabi=64 conftest.c   >&5
/project/oct/CA1/tools/bin/../mips64-octeon-linux-gnu/sys-root/usr/lib/../lib64/crt1.o(.text+0x20): In function `__start':
: undefined reference to `main'
/tmp/ccOIsnWj.o(.text+0xe7c): In function `yylex':
/project/oct/CA1/linux/embedded_rootfs/pkg_addon/strongswan-4.0.4/lex.yy.c:690: undefined reference to `yywrap'
collect2: ld returned 1 exit status
configure:19497: $? = 1
configure: failed program was:
| /* A lexical scanner generated by flex*/
| 
| /* Scanner skeleton version:
|  * $Header: /home/kevin/home/cvsroot/CA2/linux/embedded_rootfs/pkg_addon/strongswan-4.0.4/config.log,v 1.1 2007-06-25 10:59:42 encounter Exp $
|  */
| 
| #define FLEX_SCANNER
| #define YY_FLEX_MAJOR_VERSION 2
| #define YY_FLEX_MINOR_VERSION 5
| 
| #include <stdio.h>
| #include <unistd.h>
| 
| 
| /* cfront 1.2 defines "c_plusplus" instead of "__cplusplus" */
| #ifdef c_plusplus
| #ifndef __cplusplus
| #define __cplusplus
| #endif
| #endif
| 
| 
| #ifdef __cplusplus
| 
| #include <stdlib.h>
| 
| /* Use prototypes in function declarations. */
| #define YY_USE_PROTOS
| 
| /* The "const" storage-class-modifier is valid. */
| #define YY_USE_CONST
| 
| #else	/* ! __cplusplus */
| 
| #if __STDC__
| 
| #define YY_USE_PROTOS
| #define YY_USE_CONST
| 
| #endif	/* __STDC__ */
| #endif	/* ! __cplusplus */
| 
| #ifdef __TURBOC__
|  #pragma warn -rch
|  #pragma warn -use
| #include <io.h>
| #include <stdlib.h>
| #define YY_USE_CONST
| #define YY_USE_PROTOS
| #endif
| 
| #ifdef YY_USE_CONST
| #define yyconst const
| #else
| #define yyconst
| #endif
| 
| 
| #ifdef YY_USE_PROTOS
| #define YY_PROTO(proto) proto
| #else
| #define YY_PROTO(proto) ()
| #endif
| 
| /* Returned upon end-of-file. */
| #define YY_NULL 0
| 
| /* Promotes a possibly negative, possibly signed char to an unsigned
|  * integer for use as an array index.  If the signed char is negative,
|  * we want to instead treat it as an 8-bit unsigned char, hence the
|  * double cast.
|  */
| #define YY_SC_TO_UI(c) ((unsigned int) (unsigned char) c)
| 
| /* Enter a start condition.  This macro really ought to take a parameter,
|  * but we do it the disgusting crufty way forced on us by the ()-less
|  * definition of BEGIN.
|  */
| #define BEGIN yy_start = 1 + 2 *
| 
| /* Translate the current start state into a value that can be later handed
|  * to BEGIN to return to the state.  The YYSTATE alias is for lex
|  * compatibility.
|  */
| #define YY_START ((yy_start - 1) / 2)
| #define YYSTATE YY_START
| 
| /* Action number for EOF rule of a given start state. */
| #define YY_STATE_EOF(state) (YY_END_OF_BUFFER + state + 1)
| 
| /* Special action meaning "start processing a new file". */
| #define YY_NEW_FILE yyrestart( yyin )
| 
| #define YY_END_OF_BUFFER_CHAR 0
| 
| /* Size of default input buffer. */
| #define YY_BUF_SIZE 16384
| 
| typedef struct yy_buffer_state *YY_BUFFER_STATE;
| 
| extern int yyleng;
| extern FILE *yyin, *yyout;
| 
| #define EOB_ACT_CONTINUE_SCAN 0
| #define EOB_ACT_END_OF_FILE 1
| #define EOB_ACT_LAST_MATCH 2
| 
| /* The funky do-while in the following #define is used to turn the definition
|  * int a single C statement (which needs a semi-colon terminator).  This
|  * avoids problems with code like:
|  *
|  * 	if ( condition_holds )
|  *		yyless( 5 );
|  *	else
|  *		do_something_else();
|  *
|  * Prior to using the do-while the compiler would get upset at the
|  * "else" because it interpreted the "if" statement as being all
|  * done when it reached the ';' after the yyless() call.
|  */
| 
| /* Return all but the first 'n' matched characters back to the input stream. */
| 
| #define yyless(n) \
| 	do \
| 		{ \
| 		/* Undo effects of setting up yytext. */ \
| 		*yy_cp = yy_hold_char; \
| 		YY_RESTORE_YY_MORE_OFFSET \
| 		yy_c_buf_p = yy_cp = yy_bp + n - YY_MORE_ADJ; \
| 		YY_DO_BEFORE_ACTION; /* set up yytext again */ \
| 		} \
| 	while ( 0 )
| 
| #define unput(c) yyunput( c, yytext_ptr )
| 
| /* Some routines like yy_flex_realloc() are emitted as static but are
|    not called by all lexers. This generates warnings in some compilers,
|    notably GCC. Arrange to suppress these. */
| #ifdef __GNUC__
| #define YY_MAY_BE_UNUSED __attribute__((unused))
| #else
| #define YY_MAY_BE_UNUSED
| #endif
| 
| /* The following is because we cannot portably get our hands on size_t
|  * (without autoconf's help, which isn't available because we want
|  * flex-generated scanners to compile on their own).
|  */
| typedef unsigned int yy_size_t;
| 
| 
| struct yy_buffer_state
| 	{
| 	FILE *yy_input_file;
| 
| 	char *yy_ch_buf;		/* input buffer */
| 	char *yy_buf_pos;		/* current position in input buffer */
| 
| 	/* Size of input buffer in bytes, not including room for EOB
| 	 * characters.
| 	 */
| 	yy_size_t yy_buf_size;
| 
| 	/* Number of characters read into yy_ch_buf, not including EOB
| 	 * characters.
| 	 */
| 	int yy_n_chars;
| 
| 	/* Whether we "own" the buffer - i.e., we know we created it,
| 	 * and can realloc() it to grow it, and should free() it to
| 	 * delete it.
| 	 */
| 	int yy_is_our_buffer;
| 
| 	/* Whether this is an "interactive" input source; if so, and
| 	 * if we're using stdio for input, then we want to use getc()
| 	 * instead of fread(), to make sure we stop fetching input after
| 	 * each newline.
| 	 */
| 	int yy_is_interactive;
| 
| 	/* Whether we're considered to be at the beginning of a line.
| 	 * If so, '^' rules will be active on the next match, otherwise
| 	 * not.
| 	 */
| 	int yy_at_bol;
| 
| 	/* Whether to try to fill the input buffer when we reach the
| 	 * end of it.
| 	 */
| 	int yy_fill_buffer;
| 
| 	int yy_buffer_status;
| #define YY_BUFFER_NEW 0
| #define YY_BUFFER_NORMAL 1
| 	/* When an EOF's been seen but there's still some text to process
| 	 * then we mark the buffer as YY_EOF_PENDING, to indicate that we
| 	 * shouldn't try reading from the input source any more.  We might
| 	 * still have a bunch of tokens to match, though, because of
| 	 * possible backing-up.
| 	 *
| 	 * When we actually see the EOF, we change the status to "new"
| 	 * (via yyrestart()), so that the user can continue scanning by
| 	 * just pointing yyin at a new input file.
| 	 */
| #define YY_BUFFER_EOF_PENDING 2
| 	};
| 
| static YY_BUFFER_STATE yy_current_buffer = 0;
| 
| /* We provide macros for accessing buffer states in case in the
|  * future we want to put the buffer states in a more general
|  * "scanner state".
|  */
| #define YY_CURRENT_BUFFER yy_current_buffer
| 
| 
| /* yy_hold_char holds the character lost when yytext is formed. */
| static char yy_hold_char;
| 
| static int yy_n_chars;		/* number of characters read into yy_ch_buf */
| 
| 
| int yyleng;
| 
| /* Points to current character in buffer. */
| static char *yy_c_buf_p = (char *) 0;
| static int yy_init = 1;		/* whether we need to initialize */
| static int yy_start = 0;	/* start state number */
| 
| /* Flag which is used to allow yywrap()'s to do buffer switches
|  * instead of setting up a fresh yyin.  A bit of a hack ...
|  */
| static int yy_did_buffer_switch_on_eof;
| 
| void yyrestart YY_PROTO(( FILE *input_file ));
| 
| void yy_switch_to_buffer YY_PROTO(( YY_BUFFER_STATE new_buffer ));
| void yy_load_buffer_state YY_PROTO(( void ));
| YY_BUFFER_STATE yy_create_buffer YY_PROTO(( FILE *file, int size ));
| void yy_delete_buffer YY_PROTO(( YY_BUFFER_STATE b ));
| void yy_init_buffer YY_PROTO(( YY_BUFFER_STATE b, FILE *file ));
| void yy_flush_buffer YY_PROTO(( YY_BUFFER_STATE b ));
| #define YY_FLUSH_BUFFER yy_flush_buffer( yy_current_buffer )
| 
| YY_BUFFER_STATE yy_scan_buffer YY_PROTO(( char *base, yy_size_t size ));
| YY_BUFFER_STATE yy_scan_string YY_PROTO(( yyconst char *yy_str ));
| YY_BUFFER_STATE yy_scan_bytes YY_PROTO(( yyconst char *bytes, int len ));
| 
| static void *yy_flex_alloc YY_PROTO(( yy_size_t ));
| static void *yy_flex_realloc YY_PROTO(( void *, yy_size_t )) YY_MAY_BE_UNUSED;
| static void yy_flex_free YY_PROTO(( void * ));
| 
| #define yy_new_buffer yy_create_buffer
| 
| #define yy_set_interactive(is_interactive) \
| 	{ \
| 	if ( ! yy_current_buffer ) \
| 		yy_current_buffer = yy_create_buffer( yyin, YY_BUF_SIZE ); \
| 	yy_current_buffer->yy_is_interactive = is_interactive; \
| 	}
| 
| #define yy_set_bol(at_bol) \
| 	{ \
| 	if ( ! yy_current_buffer ) \
| 		yy_current_buffer = yy_create_buffer( yyin, YY_BUF_SIZE ); \
| 	yy_current_buffer->yy_at_bol = at_bol; \
| 	}
| 
| #define YY_AT_BOL() (yy_current_buffer->yy_at_bol)
| 
| typedef unsigned char YY_CHAR;
| FILE *yyin = (FILE *) 0, *yyout = (FILE *) 0;
| typedef int yy_state_type;
| extern char *yytext;
| #define yytext_ptr yytext
| 
| static yy_state_type yy_get_previous_state YY_PROTO(( void ));
| static yy_state_type yy_try_NUL_trans YY_PROTO(( yy_state_type current_state ));
| static int yy_get_next_buffer YY_PROTO(( void ));
| static void yy_fatal_error YY_PROTO(( yyconst char msg[] ));
| 
| /* Done after the current pattern has been matched and before the
|  * corresponding action - sets up yytext.
|  */
| #define YY_DO_BEFORE_ACTION \
| 	yytext_ptr = yy_bp; \
| 	yyleng = (int) (yy_cp - yy_bp); \
| 	yy_hold_char = *yy_cp; \
| 	*yy_cp = '\0'; \
| 	yy_c_buf_p = yy_cp;
| 
| #define YY_NUM_RULES 1
| #define YY_END_OF_BUFFER 2
| static yyconst short int yy_accept[6] =
|     {   0,
|         0,    0,    2,    1,    0
|     } ;
| 
| static yyconst int yy_ec[256] =
|     {   0,
|         1,    1,    1,    1,    1,    1,    1,    1,    1,    1,
|         1,    1,    1,    1,    1,    1,    1,    1,    1,    1,
|         1,    1,    1,    1,    1,    1,    1,    1,    1,    1,
|         1,    1,    1,    1,    1,    1,    1,    1,    1,    1,
|         1,    1,    1,    1,    1,    1,    1,    1,    1,    1,
|         1,    1,    1,    1,    1,    1,    1,    1,    1,    1,
|         1,    1,    1,    1,    1,    1,    1,    1,    1,    1,
|         1,    1,    1,    1,    1,    1,    1,    1,    1,    1,
|         1,    1,    1,    1,    1,    1,    1,    1,    1,    1,
|         1,    1,    1,    1,    1,    1,    1,    1,    1,    1,
| 
|         1,    1,    1,    1,    1,    1,    1,    1,    1,    1,
|         1,    1,    1,    1,    1,    1,    1,    1,    1,    1,
|         1,    1,    1,    1,    1,    1,    1,    1,    1,    1,
|         1,    1,    1,    1,    1,    1,    1,    1,    1,    1,
|         1,    1,    1,    1,    1,    1,    1,    1,    1,    1,
|         1,    1,    1,    1,    1,    1,    1,    1,    1,    1,
|         1,    1,    1,    1,    1,    1,    1,    1,    1,    1,
|         1,    1,    1,    1,    1,    1,    1,    1,    1,    1,
|         1,    1,    1,    1,    1,    1,    1,    1,    1,    1,
|         1,    1,    1,    1,    1,    1,    1,    1,    1,    1,
| 
|         1,    1,    1,    1,    1,    1,    1,    1,    1,    1,
|         1,    1,    1,    1,    1,    1,    1,    1,    1,    1,
|         1,    1,    1,    1,    1,    1,    1,    1,    1,    1,
|         1,    1,    1,    1,    1,    1,    1,    1,    1,    1,
|         1,    1,    1,    1,    1,    1,    1,    1,    1,    1,
|         1,    1,    1,    1,    1
|     } ;
| 
| static yyconst int yy_meta[2] =
|     {   0,
|         1
|     } ;
| 
| static yyconst short int yy_base[7] =
|     {   0,
|         0,    0,    2,    3,    3,    0
|     } ;
| 
| static yyconst short int yy_def[7] =
|     {   0,
|         6,    6,    5,    5,    0,    5
|     } ;
| 
| static yyconst short int yy_nxt[5] =
|     {   0,
|         4,    5,    3,    5
|     } ;
| 
| static yyconst short int yy_chk[5] =
|     {   0,
|         6,    3,    5,    5
|     } ;
| 
| static yy_state_type yy_last_accepting_state;
| static char *yy_last_accepting_cpos;
| 
| /* The intent behind this definition is that it'll catch
|  * any uses of REJECT which flex missed.
|  */
| #define REJECT reject_used_but_not_detected
| #define yymore() yymore_used_but_not_detected
| #define YY_MORE_ADJ 0
| #define YY_RESTORE_YY_MORE_OFFSET
| char *yytext;
| #line 1 "conftest.l"
| #define INITIAL 0
| #line 372 "lex.yy.c"
| 
| /* Macros after this point can all be overridden by user definitions in
|  * section 1.
|  */
| 
| #ifndef YY_SKIP_YYWRAP
| #ifdef __cplusplus
| extern "C" int yywrap YY_PROTO(( void ));
| #else
| extern int yywrap YY_PROTO(( void ));
| #endif
| #endif
| 
| #ifndef YY_NO_UNPUT
| static void yyunput YY_PROTO(( int c, char *buf_ptr ));
| #endif
| 
| #ifndef yytext_ptr
| static void yy_flex_strncpy YY_PROTO(( char *, yyconst char *, int ));
| #endif
| 
| #ifdef YY_NEED_STRLEN
| static int yy_flex_strlen YY_PROTO(( yyconst char * ));
| #endif
| 
| #ifndef YY_NO_INPUT
| #ifdef __cplusplus
| static int yyinput YY_PROTO(( void ));
| #else
| static int input YY_PROTO(( void ));
| #endif
| #endif
| 
| #if YY_STACK_USED
| static int yy_start_stack_ptr = 0;
| static int yy_start_stack_depth = 0;
| static int *yy_start_stack = 0;
| #ifndef YY_NO_PUSH_STATE
| static void yy_push_state YY_PROTO(( int new_state ));
| #endif
| #ifndef YY_NO_POP_STATE
| static void yy_pop_state YY_PROTO(( void ));
| #endif
| #ifndef YY_NO_TOP_STATE
| static int yy_top_state YY_PROTO(( void ));
| #endif
| 
| #else
| #define YY_NO_PUSH_STATE 1
| #define YY_NO_POP_STATE 1
| #define YY_NO_TOP_STATE 1
| #endif
| 
| #ifdef YY_MALLOC_DECL
| YY_MALLOC_DECL
| #else
| #if __STDC__
| #ifndef __cplusplus
| #include <stdlib.h>
| #endif
| #else
| /* Just try to get by without declaring the routines.  This will fail
|  * miserably on non-ANSI systems for which sizeof(size_t) != sizeof(int)
|  * or sizeof(void*) != sizeof(int).
|  */
| #endif
| #endif
| 
| /* Amount of stuff to slurp up with each read. */
| #ifndef YY_READ_BUF_SIZE
| #define YY_READ_BUF_SIZE 8192
| #endif
| 
| /* Copy whatever the last rule matched to the standard output. */
| 
| #ifndef ECHO
| /* This used to be an fputs(), but since the string might contain NUL's,
|  * we now use fwrite().
|  */
| #define ECHO (void) fwrite( yytext, yyleng, 1, yyout )
| #endif
| 
| /* Gets input and stuffs it into "buf".  number of characters read, or YY_NULL,
|  * is returned in "result".
|  */
| #ifndef YY_INPUT
| #define YY_INPUT(buf,result,max_size) \
| 	if ( yy_current_buffer->yy_is_interactive ) \
| 		{ \
| 		int c = '*', n; \
| 		for ( n = 0; n < max_size && \
| 			     (c = getc( yyin )) != EOF && c != '\n'; ++n ) \
| 			buf[n] = (char) c; \
| 		if ( c == '\n' ) \
| 			buf[n++] = (char) c; \
| 		if ( c == EOF && ferror( yyin ) ) \
| 			YY_FATAL_ERROR( "input in flex scanner failed" ); \
| 		result = n; \
| 		} \
| 	else if ( ((result = fread( buf, 1, max_size, yyin )) == 0) \
| 		  && ferror( yyin ) ) \
| 		YY_FATAL_ERROR( "input in flex scanner failed" );
| #endif
| 
| /* No semi-colon after return; correct usage is to write "yyterminate();" -
|  * we don't want an extra ';' after the "return" because that will cause
|  * some compilers to complain about unreachable statements.
|  */
| #ifndef yyterminate
| #define yyterminate() return YY_NULL
| #endif
| 
| /* Number of entries by which start-condition stack grows. */
| #ifndef YY_START_STACK_INCR
| #define YY_START_STACK_INCR 25
| #endif
| 
| /* Report a fatal error. */
| #ifndef YY_FATAL_ERROR
| #define YY_FATAL_ERROR(msg) yy_fatal_error( msg )
| #endif
| 
| /* Default declaration of generated scanner - a define so the user can
|  * easily add parameters.
|  */
| #ifndef YY_DECL
| #define YY_DECL int yylex YY_PROTO(( void ))
| #endif
| 
| /* Code executed at the beginning of each rule, after yytext and yyleng
|  * have been set up.
|  */
| #ifndef YY_USER_ACTION
| #define YY_USER_ACTION
| #endif
| 
| /* Code executed at the end of each rule. */
| #ifndef YY_BREAK
| #define YY_BREAK break;
| #endif
| 
| #define YY_RULE_SETUP \
| 	YY_USER_ACTION
| 
| YY_DECL
| 	{
| 	register yy_state_type yy_current_state;
| 	register char *yy_cp = NULL, *yy_bp = NULL;
| 	register int yy_act;
| 
| #line 1 "conftest.l"
| 
| #line 525 "lex.yy.c"
| 
| 	if ( yy_init )
| 		{
| 		yy_init = 0;
| 
| #ifdef YY_USER_INIT
| 		YY_USER_INIT;
| #endif
| 
| 		if ( ! yy_start )
| 			yy_start = 1;	/* first start state */
| 
| 		if ( ! yyin )
| 			yyin = stdin;
| 
| 		if ( ! yyout )
| 			yyout = stdout;
| 
| 		if ( ! yy_current_buffer )
| 			yy_current_buffer =
| 				yy_create_buffer( yyin, YY_BUF_SIZE );
| 
| 		yy_load_buffer_state();
| 		}
| 
| 	while ( 1 )		/* loops until end-of-file is reached */
| 		{
| 		yy_cp = yy_c_buf_p;
| 
| 		/* Support of yytext. */
| 		*yy_cp = yy_hold_char;
| 
| 		/* yy_bp points to the position in yy_ch_buf of the start of
| 		 * the current run.
| 		 */
| 		yy_bp = yy_cp;
| 
| 		yy_current_state = yy_start;
| yy_match:
| 		do
| 			{
| 			register YY_CHAR yy_c = yy_ec[YY_SC_TO_UI(*yy_cp)];
| 			if ( yy_accept[yy_current_state] )
| 				{
| 				yy_last_accepting_state = yy_current_state;
| 				yy_last_accepting_cpos = yy_cp;
| 				}
| 			while ( yy_chk[yy_base[yy_current_state] + yy_c] != yy_current_state )
| 				{
| 				yy_current_state = (int) yy_def[yy_current_state];
| 				if ( yy_current_state >= 6 )
| 					yy_c = yy_meta[(unsigned int) yy_c];
| 				}
| 			yy_current_state = yy_nxt[yy_base[yy_current_state] + (unsigned int) yy_c];
| 			++yy_cp;
| 			}
| 		while ( yy_base[yy_current_state] != 3 );
| 
| yy_find_action:
| 		yy_act = yy_accept[yy_current_state];
| 		if ( yy_act == 0 )
| 			{ /* have to back up */
| 			yy_cp = yy_last_accepting_cpos;
| 			yy_current_state = yy_last_accepting_state;
| 			yy_act = yy_accept[yy_current_state];
| 			}
| 
| 		YY_DO_BEFORE_ACTION;
| 
| 
| do_action:	/* This label is used only to access EOF actions. */
| 
| 
| 		switch ( yy_act )
| 	{ /* beginning of action switch */
| 			case 0: /* must back up */
| 			/* undo the effects of YY_DO_BEFORE_ACTION */
| 			*yy_cp = yy_hold_char;
| 			yy_cp = yy_last_accepting_cpos;
| 			yy_current_state = yy_last_accepting_state;
| 			goto yy_find_action;
| 
| case 1:
| YY_RULE_SETUP
| #line 2 "conftest.l"
| ECHO;
| 	YY_BREAK
| #line 613 "lex.yy.c"
| case YY_STATE_EOF(INITIAL):
| 	yyterminate();
| 
| 	case YY_END_OF_BUFFER:
| 		{
| 		/* Amount of text matched not including the EOB char. */
| 		int yy_amount_of_matched_text = (int) (yy_cp - yytext_ptr) - 1;
| 
| 		/* Undo the effects of YY_DO_BEFORE_ACTION. */
| 		*yy_cp = yy_hold_char;
| 		YY_RESTORE_YY_MORE_OFFSET
| 
| 		if ( yy_current_buffer->yy_buffer_status == YY_BUFFER_NEW )
| 			{
| 			/* We're scanning a new file or input source.  It's
| 			 * possible that this happened because the user
| 			 * just pointed yyin at a new source and called
| 			 * yylex().  If so, then we have to assure
| 			 * consistency between yy_current_buffer and our
| 			 * globals.  Here is the right place to do so, because
| 			 * this is the first action (other than possibly a
| 			 * back-up) that will match for the new input source.
| 			 */
| 			yy_n_chars = yy_current_buffer->yy_n_chars;
| 			yy_current_buffer->yy_input_file = yyin;
| 			yy_current_buffer->yy_buffer_status = YY_BUFFER_NORMAL;
| 			}
| 
| 		/* Note that here we test for yy_c_buf_p "<=" to the position
| 		 * of the first EOB in the buffer, since yy_c_buf_p will
| 		 * already have been incremented past the NUL character
| 		 * (since all states make transitions on EOB to the
| 		 * end-of-buffer state).  Contrast this with the test
| 		 * in input().
| 		 */
| 		if ( yy_c_buf_p <= &yy_current_buffer->yy_ch_buf[yy_n_chars] )
| 			{ /* This was really a NUL. */
| 			yy_state_type yy_next_state;
| 
| 			yy_c_buf_p = yytext_ptr + yy_amount_of_matched_text;
| 
| 			yy_current_state = yy_get_previous_state();
| 
| 			/* Okay, we're now positioned to make the NUL
| 			 * transition.  We couldn't have
| 			 * yy_get_previous_state() go ahead and do it
| 			 * for us because it doesn't know how to deal
| 			 * with the possibility of jamming (and we don't
| 			 * want to build jamming into it because then it
| 			 * will run more slowly).
| 			 */
| 
| 			yy_next_state = yy_try_NUL_trans( yy_current_state );
| 
| 			yy_bp = yytext_ptr + YY_MORE_ADJ;
| 
| 			if ( yy_next_state )
| 				{
| 				/* Consume the NUL. */
| 				yy_cp = ++yy_c_buf_p;
| 				yy_current_state = yy_next_state;
| 				goto yy_match;
| 				}
| 
| 			else
| 				{
| 				yy_cp = yy_c_buf_p;
| 				goto yy_find_action;
| 				}
| 			}
| 
| 		else switch ( yy_get_next_buffer() )
| 			{
| 			case EOB_ACT_END_OF_FILE:
| 				{
| 				yy_did_buffer_switch_on_eof = 0;
| 
| 				if ( yywrap() )
| 					{
| 					/* Note: because we've taken care in
| 					 * yy_get_next_buffer() to have set up
| 					 * yytext, we can now set up
| 					 * yy_c_buf_p so that if some total
| 					 * hoser (like flex itself) wants to
| 					 * call the scanner after we return the
| 					 * YY_NULL, it'll still work - another
| 					 * YY_NULL will get returned.
| 					 */
| 					yy_c_buf_p = yytext_ptr + YY_MORE_ADJ;
| 
| 					yy_act = YY_STATE_EOF(YY_START);
| 					goto do_action;
| 					}
| 
| 				else
| 					{
| 					if ( ! yy_did_buffer_switch_on_eof )
| 						YY_NEW_FILE;
| 					}
| 				break;
| 				}
| 
| 			case EOB_ACT_CONTINUE_SCAN:
| 				yy_c_buf_p =
| 					yytext_ptr + yy_amount_of_matched_text;
| 
| 				yy_current_state = yy_get_previous_state();
| 
| 				yy_cp = yy_c_buf_p;
| 				yy_bp = yytext_ptr + YY_MORE_ADJ;
| 				goto yy_match;
| 
| 			case EOB_ACT_LAST_MATCH:
| 				yy_c_buf_p =
| 				&yy_current_buffer->yy_ch_buf[yy_n_chars];
| 
| 				yy_current_state = yy_get_previous_state();
| 
| 				yy_cp = yy_c_buf_p;
| 				yy_bp = yytext_ptr + YY_MORE_ADJ;
| 				goto yy_find_action;
| 			}
| 		break;
| 		}
| 
| 	default:
| 		YY_FATAL_ERROR(
| 			"fatal flex scanner internal error--no action found" );
| 	} /* end of action switch */
| 		} /* end of scanning one token */
| 	} /* end of yylex */
| 
| 
| /* yy_get_next_buffer - try to read in a new buffer
|  *
|  * Returns a code representing an action:
|  *	EOB_ACT_LAST_MATCH -
|  *	EOB_ACT_CONTINUE_SCAN - continue scanning from current position
|  *	EOB_ACT_END_OF_FILE - end of file
|  */
| 
| static int yy_get_next_buffer()
| 	{
| 	register char *dest = yy_current_buffer->yy_ch_buf;
| 	register char *source = yytext_ptr;
| 	register int number_to_move, i;
| 	int ret_val;
| 
| 	if ( yy_c_buf_p > &yy_current_buffer->yy_ch_buf[yy_n_chars + 1] )
| 		YY_FATAL_ERROR(
| 		"fatal flex scanner internal error--end of buffer missed" );
| 
| 	if ( yy_current_buffer->yy_fill_buffer == 0 )
| 		{ /* Don't try to fill the buffer, so this is an EOF. */
| 		if ( yy_c_buf_p - yytext_ptr - YY_MORE_ADJ == 1 )
| 			{
| 			/* We matched a single character, the EOB, so
| 			 * treat this as a final EOF.
| 			 */
| 			return EOB_ACT_END_OF_FILE;
| 			}
| 
| 		else
| 			{
| 			/* We matched some text prior to the EOB, first
| 			 * process it.
| 			 */
| 			return EOB_ACT_LAST_MATCH;
| 			}
| 		}
| 
| 	/* Try to read more data. */
| 
| 	/* First move last chars to start of buffer. */
| 	number_to_move = (int) (yy_c_buf_p - yytext_ptr) - 1;
| 
| 	for ( i = 0; i < number_to_move; ++i )
| 		*(dest++) = *(source++);
| 
| 	if ( yy_current_buffer->yy_buffer_status == YY_BUFFER_EOF_PENDING )
| 		/* don't do the read, it's not guaranteed to return an EOF,
| 		 * just force an EOF
| 		 */
| 		yy_current_buffer->yy_n_chars = yy_n_chars = 0;
| 
| 	else
| 		{
| 		int num_to_read =
| 			yy_current_buffer->yy_buf_size - number_to_move - 1;
| 
| 		while ( num_to_read <= 0 )
| 			{ /* Not enough room in the buffer - grow it. */
| #ifdef YY_USES_REJECT
| 			YY_FATAL_ERROR(
| "input buffer overflow, can't enlarge buffer because scanner uses REJECT" );
| #else
| 
| 			/* just a shorter name for the current buffer */
| 			YY_BUFFER_STATE b = yy_current_buffer;
| 
| 			int yy_c_buf_p_offset =
| 				(int) (yy_c_buf_p - b->yy_ch_buf);
| 
| 			if ( b->yy_is_our_buffer )
| 				{
| 				int new_size = b->yy_buf_size * 2;
| 
| 				if ( new_size <= 0 )
| 					b->yy_buf_size += b->yy_buf_size / 8;
| 				else
| 					b->yy_buf_size *= 2;
| 
| 				b->yy_ch_buf = (char *)
| 					/* Include room in for 2 EOB chars. */
| 					yy_flex_realloc( (void *) b->yy_ch_buf,
| 							 b->yy_buf_size + 2 );
| 				}
| 			else
| 				/* Can't grow it, we don't own it. */
| 				b->yy_ch_buf = 0;
| 
| 			if ( ! b->yy_ch_buf )
| 				YY_FATAL_ERROR(
| 				"fatal error - scanner input buffer overflow" );
| 
| 			yy_c_buf_p = &b->yy_ch_buf[yy_c_buf_p_offset];
| 
| 			num_to_read = yy_current_buffer->yy_buf_size -
| 						number_to_move - 1;
| #endif
| 			}
| 
| 		if ( num_to_read > YY_READ_BUF_SIZE )
| 			num_to_read = YY_READ_BUF_SIZE;
| 
| 		/* Read in more data. */
| 		YY_INPUT( (&yy_current_buffer->yy_ch_buf[number_to_move]),
| 			yy_n_chars, num_to_read );
| 
| 		yy_current_buffer->yy_n_chars = yy_n_chars;
| 		}
| 
| 	if ( yy_n_chars == 0 )
| 		{
| 		if ( number_to_move == YY_MORE_ADJ )
| 			{
| 			ret_val = EOB_ACT_END_OF_FILE;
| 			yyrestart( yyin );
| 			}
| 
| 		else
| 			{
| 			ret_val = EOB_ACT_LAST_MATCH;
| 			yy_current_buffer->yy_buffer_status =
| 				YY_BUFFER_EOF_PENDING;
| 			}
| 		}
| 
| 	else
| 		ret_val = EOB_ACT_CONTINUE_SCAN;
| 
| 	yy_n_chars += number_to_move;
| 	yy_current_buffer->yy_ch_buf[yy_n_chars] = YY_END_OF_BUFFER_CHAR;
| 	yy_current_buffer->yy_ch_buf[yy_n_chars + 1] = YY_END_OF_BUFFER_CHAR;
| 
| 	yytext_ptr = &yy_current_buffer->yy_ch_buf[0];
| 
| 	return ret_val;
| 	}
| 
| 
| /* yy_get_previous_state - get the state just before the EOB char was reached */
| 
| static yy_state_type yy_get_previous_state()
| 	{
| 	register yy_state_type yy_current_state;
| 	register char *yy_cp;
| 
| 	yy_current_state = yy_start;
| 
| 	for ( yy_cp = yytext_ptr + YY_MORE_ADJ; yy_cp < yy_c_buf_p; ++yy_cp )
| 		{
| 		register YY_CHAR yy_c = (*yy_cp ? yy_ec[YY_SC_TO_UI(*yy_cp)] : 1);
| 		if ( yy_accept[yy_current_state] )
| 			{
| 			yy_last_accepting_state = yy_current_state;
| 			yy_last_accepting_cpos = yy_cp;
| 			}
| 		while ( yy_chk[yy_base[yy_current_state] + yy_c] != yy_current_state )
| 			{
| 			yy_current_state = (int) yy_def[yy_current_state];
| 			if ( yy_current_state >= 6 )
| 				yy_c = yy_meta[(unsigned int) yy_c];
| 			}
| 		yy_current_state = yy_nxt[yy_base[yy_current_state] + (unsigned int) yy_c];
| 		}
| 
| 	return yy_current_state;
| 	}
| 
| 
| /* yy_try_NUL_trans - try to make a transition on the NUL character
|  *
|  * synopsis
|  *	next_state = yy_try_NUL_trans( current_state );
|  */
| 
| #ifdef YY_USE_PROTOS
| static yy_state_type yy_try_NUL_trans( yy_state_type yy_current_state )
| #else
| static yy_state_type yy_try_NUL_trans( yy_current_state )
| yy_state_type yy_current_state;
| #endif
| 	{
| 	register int yy_is_jam;
| 	register char *yy_cp = yy_c_buf_p;
| 
| 	register YY_CHAR yy_c = 1;
| 	if ( yy_accept[yy_current_state] )
| 		{
| 		yy_last_accepting_state = yy_current_state;
| 		yy_last_accepting_cpos = yy_cp;
| 		}
| 	while ( yy_chk[yy_base[yy_current_state] + yy_c] != yy_current_state )
| 		{
| 		yy_current_state = (int) yy_def[yy_current_state];
| 		if ( yy_current_state >= 6 )
| 			yy_c = yy_meta[(unsigned int) yy_c];
| 		}
| 	yy_current_state = yy_nxt[yy_base[yy_current_state] + (unsigned int) yy_c];
| 	yy_is_jam = (yy_current_state == 5);
| 
| 	return yy_is_jam ? 0 : yy_current_state;
| 	}
| 
| 
| #ifndef YY_NO_UNPUT
| #ifdef YY_USE_PROTOS
| static void yyunput( int c, register char *yy_bp )
| #else
| static void yyunput( c, yy_bp )
| int c;
| register char *yy_bp;
| #endif
| 	{
| 	register char *yy_cp = yy_c_buf_p;
| 
| 	/* undo effects of setting up yytext */
| 	*yy_cp = yy_hold_char;
| 
| 	if ( yy_cp < yy_current_buffer->yy_ch_buf + 2 )
| 		{ /* need to shift things up to make room */
| 		/* +2 for EOB chars. */
| 		register int number_to_move = yy_n_chars + 2;
| 		register char *dest = &yy_current_buffer->yy_ch_buf[
| 					yy_current_buffer->yy_buf_size + 2];
| 		register char *source =
| 				&yy_current_buffer->yy_ch_buf[number_to_move];
| 
| 		while ( source > yy_current_buffer->yy_ch_buf )
| 			*--dest = *--source;
| 
| 		yy_cp += (int) (dest - source);
| 		yy_bp += (int) (dest - source);
| 		yy_current_buffer->yy_n_chars =
| 			yy_n_chars = yy_current_buffer->yy_buf_size;
| 
| 		if ( yy_cp < yy_current_buffer->yy_ch_buf + 2 )
| 			YY_FATAL_ERROR( "flex scanner push-back overflow" );
| 		}
| 
| 	*--yy_cp = (char) c;
| 
| 
| 	yytext_ptr = yy_bp;
| 	yy_hold_char = *yy_cp;
| 	yy_c_buf_p = yy_cp;
| 	}
| #endif	/* ifndef YY_NO_UNPUT */
| 
| 
| #ifndef YY_NO_INPUT
| #ifdef __cplusplus
| static int yyinput()
| #else
| static int input()
| #endif
| 	{
| 	int c;
| 
| 	*yy_c_buf_p = yy_hold_char;
| 
| 	if ( *yy_c_buf_p == YY_END_OF_BUFFER_CHAR )
| 		{
| 		/* yy_c_buf_p now points to the character we want to return.
| 		 * If this occurs *before* the EOB characters, then it's a
| 		 * valid NUL; if not, then we've hit the end of the buffer.
| 		 */
| 		if ( yy_c_buf_p < &yy_current_buffer->yy_ch_buf[yy_n_chars] )
| 			/* This was really a NUL. */
| 			*yy_c_buf_p = '\0';
| 
| 		else
| 			{ /* need more input */
| 			int offset = yy_c_buf_p - yytext_ptr;
| 			++yy_c_buf_p;
| 
| 			switch ( yy_get_next_buffer() )
| 				{
| 				case EOB_ACT_LAST_MATCH:
| 					/* This happens because yy_g_n_b()
| 					 * sees that we've accumulated a
| 					 * token and flags that we need to
| 					 * try matching the token before
| 					 * proceeding.  But for input(),
| 					 * there's no matching to consider.
| 					 * So convert the EOB_ACT_LAST_MATCH
| 					 * to EOB_ACT_END_OF_FILE.
| 					 */
| 
| 					/* Reset buffer status. */
| 					yyrestart( yyin );
| 
| 					/* fall through */
| 
| 				case EOB_ACT_END_OF_FILE:
| 					{
| 					if ( yywrap() )
| 						return EOF;
| 
| 					if ( ! yy_did_buffer_switch_on_eof )
| 						YY_NEW_FILE;
| #ifdef __cplusplus
| 					return yyinput();
| #else
| 					return input();
| #endif
| 					}
| 
| 				case EOB_ACT_CONTINUE_SCAN:
| 					yy_c_buf_p = yytext_ptr + offset;
| 					break;
| 				}
| 			}
| 		}
| 
| 	c = *(unsigned char *) yy_c_buf_p;	/* cast for 8-bit char's */
| 	*yy_c_buf_p = '\0';	/* preserve yytext */
| 	yy_hold_char = *++yy_c_buf_p;
| 
| 
| 	return c;
| 	}
| #endif /* YY_NO_INPUT */
| 
| #ifdef YY_USE_PROTOS
| void yyrestart( FILE *input_file )
| #else
| void yyrestart( input_file )
| FILE *input_file;
| #endif
| 	{
| 	if ( ! yy_current_buffer )
| 		yy_current_buffer = yy_create_buffer( yyin, YY_BUF_SIZE );
| 
| 	yy_init_buffer( yy_current_buffer, input_file );
| 	yy_load_buffer_state();
| 	}
| 
| 
| #ifdef YY_USE_PROTOS
| void yy_switch_to_buffer( YY_BUFFER_STATE new_buffer )
| #else
| void yy_switch_to_buffer( new_buffer )
| YY_BUFFER_STATE new_buffer;
| #endif
| 	{
| 	if ( yy_current_buffer == new_buffer )
| 		return;
| 
| 	if ( yy_current_buffer )
| 		{
| 		/* Flush out information for old buffer. */
| 		*yy_c_buf_p = yy_hold_char;
| 		yy_current_buffer->yy_buf_pos = yy_c_buf_p;
| 		yy_current_buffer->yy_n_chars = yy_n_chars;
| 		}
| 
| 	yy_current_buffer = new_buffer;
| 	yy_load_buffer_state();
| 
| 	/* We don't actually know whether we did this switch during
| 	 * EOF (yywrap()) processing, but the only time this flag
| 	 * is looked at is after yywrap() is called, so it's safe
| 	 * to go ahead and always set it.
| 	 */
| 	yy_did_buffer_switch_on_eof = 1;
| 	}
| 
| 
| #ifdef YY_USE_PROTOS
| void yy_load_buffer_state( void )
| #else
| void yy_load_buffer_state()
| #endif
| 	{
| 	yy_n_chars = yy_current_buffer->yy_n_chars;
| 	yytext_ptr = yy_c_buf_p = yy_current_buffer->yy_buf_pos;
| 	yyin = yy_current_buffer->yy_input_file;
| 	yy_hold_char = *yy_c_buf_p;
| 	}
| 
| 
| #ifdef YY_USE_PROTOS
| YY_BUFFER_STATE yy_create_buffer( FILE *file, int size )
| #else
| YY_BUFFER_STATE yy_create_buffer( file, size )
| FILE *file;
| int size;
| #endif
| 	{
| 	YY_BUFFER_STATE b;
| 
| 	b = (YY_BUFFER_STATE) yy_flex_alloc( sizeof( struct yy_buffer_state ) );
| 	if ( ! b )
| 		YY_FATAL_ERROR( "out of dynamic memory in yy_create_buffer()" );
| 
| 	b->yy_buf_size = size;
| 
| 	/* yy_ch_buf has to be 2 characters longer than the size given because
| 	 * we need to put in 2 end-of-buffer characters.
| 	 */
| 	b->yy_ch_buf = (char *) yy_flex_alloc( b->yy_buf_size + 2 );
| 	if ( ! b->yy_ch_buf )
| 		YY_FATAL_ERROR( "out of dynamic memory in yy_create_buffer()" );
| 
| 	b->yy_is_our_buffer = 1;
| 
| 	yy_init_buffer( b, file );
| 
| 	return b;
| 	}
| 
| 
| #ifdef YY_USE_PROTOS
| void yy_delete_buffer( YY_BUFFER_STATE b )
| #else
| void yy_delete_buffer( b )
| YY_BUFFER_STATE b;
| #endif
| 	{
| 	if ( ! b )
| 		return;
| 
| 	if ( b == yy_current_buffer )
| 		yy_current_buffer = (YY_BUFFER_STATE) 0;
| 
| 	if ( b->yy_is_our_buffer )
| 		yy_flex_free( (void *) b->yy_ch_buf );
| 
| 	yy_flex_free( (void *) b );
| 	}
| 
| 
| 
| #ifdef YY_USE_PROTOS
| void yy_init_buffer( YY_BUFFER_STATE b, FILE *file )
| #else
| void yy_init_buffer( b, file )
| YY_BUFFER_STATE b;
| FILE *file;
| #endif
| 
| 
| 	{
| 	yy_flush_buffer( b );
| 
| 	b->yy_input_file = file;
| 	b->yy_fill_buffer = 1;
| 
| #if YY_ALWAYS_INTERACTIVE
| 	b->yy_is_interactive = 1;
| #else
| #if YY_NEVER_INTERACTIVE
| 	b->yy_is_interactive = 0;
| #else
| 	b->yy_is_interactive = file ? (isatty( fileno(file) ) > 0) : 0;
| #endif
| #endif
| 	}
| 
| 
| #ifdef YY_USE_PROTOS
| void yy_flush_buffer( YY_BUFFER_STATE b )
| #else
| void yy_flush_buffer( b )
| YY_BUFFER_STATE b;
| #endif
| 
| 	{
| 	if ( ! b )
| 		return;
| 
| 	b->yy_n_chars = 0;
| 
| 	/* We always need two end-of-buffer characters.  The first causes
| 	 * a transition to the end-of-buffer state.  The second causes
| 	 * a jam in that state.
| 	 */
| 	b->yy_ch_buf[0] = YY_END_OF_BUFFER_CHAR;
| 	b->yy_ch_buf[1] = YY_END_OF_BUFFER_CHAR;
| 
| 	b->yy_buf_pos = &b->yy_ch_buf[0];
| 
| 	b->yy_at_bol = 1;
| 	b->yy_buffer_status = YY_BUFFER_NEW;
| 
| 	if ( b == yy_current_buffer )
| 		yy_load_buffer_state();
| 	}
| 
| 
| #ifndef YY_NO_SCAN_BUFFER
| #ifdef YY_USE_PROTOS
| YY_BUFFER_STATE yy_scan_buffer( char *base, yy_size_t size )
| #else
| YY_BUFFER_STATE yy_scan_buffer( base, size )
| char *base;
| yy_size_t size;
| #endif
| 	{
| 	YY_BUFFER_STATE b;
| 
| 	if ( size < 2 ||
| 	     base[size-2] != YY_END_OF_BUFFER_CHAR ||
| 	     base[size-1] != YY_END_OF_BUFFER_CHAR )
| 		/* They forgot to leave room for the EOB's. */
| 		return 0;
| 
| 	b = (YY_BUFFER_STATE) yy_flex_alloc( sizeof( struct yy_buffer_state ) );
| 	if ( ! b )
| 		YY_FATAL_ERROR( "out of dynamic memory in yy_scan_buffer()" );
| 
| 	b->yy_buf_size = size - 2;	/* "- 2" to take care of EOB's */
| 	b->yy_buf_pos = b->yy_ch_buf = base;
| 	b->yy_is_our_buffer = 0;
| 	b->yy_input_file = 0;
| 	b->yy_n_chars = b->yy_buf_size;
| 	b->yy_is_interactive = 0;
| 	b->yy_at_bol = 1;
| 	b->yy_fill_buffer = 0;
| 	b->yy_buffer_status = YY_BUFFER_NEW;
| 
| 	yy_switch_to_buffer( b );
| 
| 	return b;
| 	}
| #endif
| 
| 
| #ifndef YY_NO_SCAN_STRING
| #ifdef YY_USE_PROTOS
| YY_BUFFER_STATE yy_scan_string( yyconst char *yy_str )
| #else
| YY_BUFFER_STATE yy_scan_string( yy_str )
| yyconst char *yy_str;
| #endif
| 	{
| 	int len;
| 	for ( len = 0; yy_str[len]; ++len )
| 		;
| 
| 	return yy_scan_bytes( yy_str, len );
| 	}
| #endif
| 
| 
| #ifndef YY_NO_SCAN_BYTES
| #ifdef YY_USE_PROTOS
| YY_BUFFER_STATE yy_scan_bytes( yyconst char *bytes, int len )
| #else
| YY_BUFFER_STATE yy_scan_bytes( bytes, len )
| yyconst char *bytes;
| int len;
| #endif
| 	{
| 	YY_BUFFER_STATE b;
| 	char *buf;
| 	yy_size_t n;
| 	int i;
| 
| 	/* Get memory for full buffer, including space for trailing EOB's. */
| 	n = len + 2;
| 	buf = (char *) yy_flex_alloc( n );
| 	if ( ! buf )
| 		YY_FATAL_ERROR( "out of dynamic memory in yy_scan_bytes()" );
| 
| 	for ( i = 0; i < len; ++i )
| 		buf[i] = bytes[i];
| 
| 	buf[len] = buf[len+1] = YY_END_OF_BUFFER_CHAR;
| 
| 	b = yy_scan_buffer( buf, n );
| 	if ( ! b )
| 		YY_FATAL_ERROR( "bad buffer in yy_scan_bytes()" );
| 
| 	/* It's okay to grow etc. this buffer, and we should throw it
| 	 * away when we're done.
| 	 */
| 	b->yy_is_our_buffer = 1;
| 
| 	return b;
| 	}
| #endif
| 
| 
| #ifndef YY_NO_PUSH_STATE
| #ifdef YY_USE_PROTOS
| static void yy_push_state( int new_state )
| #else
| static void yy_push_state( new_state )
| int new_state;
| #endif
| 	{
| 	if ( yy_start_stack_ptr >= yy_start_stack_depth )
| 		{
| 		yy_size_t new_size;
| 
| 		yy_start_stack_depth += YY_START_STACK_INCR;
| 		new_size = yy_start_stack_depth * sizeof( int );
| 
| 		if ( ! yy_start_stack )
| 			yy_start_stack = (int *) yy_flex_alloc( new_size );
| 
| 		else
| 			yy_start_stack = (int *) yy_flex_realloc(
| 					(void *) yy_start_stack, new_size );
| 
| 		if ( ! yy_start_stack )
| 			YY_FATAL_ERROR(
| 			"out of memory expanding start-condition stack" );
| 		}
| 
| 	yy_start_stack[yy_start_stack_ptr++] = YY_START;
| 
| 	BEGIN(new_state);
| 	}
| #endif
| 
| 
| #ifndef YY_NO_POP_STATE
| static void yy_pop_state()
| 	{
| 	if ( --yy_start_stack_ptr < 0 )
| 		YY_FATAL_ERROR( "start-condition stack underflow" );
| 
| 	BEGIN(yy_start_stack[yy_start_stack_ptr]);
| 	}
| #endif
| 
| 
| #ifndef YY_NO_TOP_STATE
| static int yy_top_state()
| 	{
| 	return yy_start_stack[yy_start_stack_ptr - 1];
| 	}
| #endif
| 
| #ifndef YY_EXIT_FAILURE
| #define YY_EXIT_FAILURE 2
| #endif
| 
| #ifdef YY_USE_PROTOS
| static void yy_fatal_error( yyconst char msg[] )
| #else
| static void yy_fatal_error( msg )
| char msg[];
| #endif
| 	{
| 	(void) fprintf( stderr, "%s\n", msg );
| 	exit( YY_EXIT_FAILURE );
| 	}
| 
| 
| 
| /* Redefine yyless() so it works in section 3 code. */
| 
| #undef yyless
| #define yyless(n) \
| 	do \
| 		{ \
| 		/* Undo effects of setting up yytext. */ \
| 		yytext[yyleng] = yy_hold_char; \
| 		yy_c_buf_p = yytext + n; \
| 		yy_hold_char = *yy_c_buf_p; \
| 		*yy_c_buf_p = '\0'; \
| 		yyleng = n; \
| 		} \
| 	while ( 0 )
| 
| 
| /* Internal utility routines. */
| 
| #ifndef yytext_ptr
| #ifdef YY_USE_PROTOS
| static void yy_flex_strncpy( char *s1, yyconst char *s2, int n )
| #else
| static void yy_flex_strncpy( s1, s2, n )
| char *s1;
| yyconst char *s2;
| int n;
| #endif
| 	{
| 	register int i;
| 	for ( i = 0; i < n; ++i )
| 		s1[i] = s2[i];
| 	}
| #endif
| 
| #ifdef YY_NEED_STRLEN
| #ifdef YY_USE_PROTOS
| static int yy_flex_strlen( yyconst char *s )
| #else
| static int yy_flex_strlen( s )
| yyconst char *s;
| #endif
| 	{
| 	register int n;
| 	for ( n = 0; s[n]; ++n )
| 		;
| 
| 	return n;
| 	}
| #endif
| 
| 
| #ifdef YY_USE_PROTOS
| static void *yy_flex_alloc( yy_size_t size )
| #else
| static void *yy_flex_alloc( size )
| yy_size_t size;
| #endif
| 	{
| 	return (void *) malloc( size );
| 	}
| 
| #ifdef YY_USE_PROTOS
| static void *yy_flex_realloc( void *ptr, yy_size_t size )
| #else
| static void *yy_flex_realloc( ptr, size )
| void *ptr;
| yy_size_t size;
| #endif
| 	{
| 	/* The cast to (char *) in the following accommodates both
| 	 * implementations that use char* generic pointers, and those
| 	 * that use void* generic pointers.  It works with the latter
| 	 * because both ANSI C and C++ allow castless assignment from
| 	 * any pointer type to void*, and deal with argument conversions
| 	 * as though doing an assignment.
| 	 */
| 	return (void *) realloc( (char *) ptr, size );
| 	}
| 
| #ifdef YY_USE_PROTOS
| static void yy_flex_free( void *ptr )
| #else
| static void yy_flex_free( ptr )
| void *ptr;
| #endif
| 	{
| 	free( ptr );
| 	}
| 
| #if YY_MAIN
| int main()
| 	{
| 	yylex();
| 	return 0;
| 	}
| #endif
| #line 2 "conftest.l"
| 
| extern char *yytext;
configure:19524: result: no
configure:19539: checking for bison
configure:19555: found /usr/bin/bison
configure:19565: result: bison -y
configure:19586: checking for mips64-octeon-linux-gnu-intel
configure:19612: result: mips64-octeon-linux-gnu-gcc
configure:19675: checking for C compiler version
configure:19678: mips64-octeon-linux-gnu-gcc --version </dev/null >&5
mips64-octeon-linux-gnu-gcc (GCC) 3.4.5 Cavium Networks Version: 1.4.0, build 58
Copyright (C) 2004 Free Software Foundation, Inc.
This is free software; see the source for copying conditions.  There is NO
warranty; not even for MERCHANTABILITY or FITNESS FOR A PARTICULAR PURPOSE.

configure:19681: $? = 0
configure:19683: mips64-octeon-linux-gnu-gcc -v </dev/null >&5
Reading specs from /project/oct/CA1/tools/bin/../lib/gcc/mips64-octeon-linux-gnu/3.4.5/specs
Configured with: ../src/configure --target=mips64-octeon-linux-gnu --prefix=/usr/local/Cavium_Networks/octsw/toolchain-3_4/tools --with-local-prefix=/usr/local/Cavium_Networks/octsw/toolchain-3_4/tools/mips64-octeon-linux-gnu/sys-root --disable-nls --disable-sim --enable-symvers=gnu --enable-__cxa_atexit --enable-languages=c,c++ --with-float=soft --with-abi=64 --with-sysroot
Thread model: posix
gcc version 3.4.5 Cavium Networks Version: 1.4.0, build 58
configure:19686: $? = 0
configure:19688: mips64-octeon-linux-gnu-gcc -V </dev/null >&5
mips64-octeon-linux-gnu-gcc: `-V' option must have argument
configure:19691: $? = 1
configure:19694: checking whether we are using the GNU C compiler
configure:19750: result: yes
configure:19756: checking whether mips64-octeon-linux-gnu-gcc accepts -g
configure:19807: result: yes
configure:19824: checking for mips64-octeon-linux-gnu-gcc option to accept ANSI C
configure:19931: result: none needed
configure:19949: mips64-octeon-linux-gnu-gcc -c -mabi=64 -Os -fomit-frame-pointer -I/project/oct/CA1/linux/embedded_rootfs/../kernel_2.6/linux/include -g   conftest.c >&5
conftest.c:2: error: parse error before "me"
configure:19955: $? = 1
configure: failed program was:
| #ifndef __cplusplus
|   choke me
| #endif
configure:20090: checking dependency style of mips64-octeon-linux-gnu-gcc
configure:20180: result: gcc3
configure:20199: checking for gperf
configure:20233: result: no
configure:20239: checking for perl
configure:20258: found /usr/bin/perl
configure:20270: result: /usr/bin/perl
configure:20280: checking for main in -lgmp
configure:20304: mips64-octeon-linux-gnu-gcc -o conftest -mabi=64 -Os -fomit-frame-pointer -I/project/oct/CA1/linux/embedded_rootfs/../kernel_2.6/linux/include -g   -mabi=64 conftest.c -lgmp   >&5
configure:20310: $? = 0
configure:20314: test -z 
			 || test ! -s conftest.err
configure:20317: $? = 0
configure:20320: test -s conftest
configure:20323: $? = 0
configure:20336: result: yes
configure:20579: checking gmp.h version >= 4.1.4
configure:20601: mips64-octeon-linux-gnu-gcc -c -mabi=64 -Os -fomit-frame-pointer -I/project/oct/CA1/linux/embedded_rootfs/../kernel_2.6/linux/include -g   conftest.c >&5
configure:20607: $? = 0
configure:20611: test -z 
			 || test ! -s conftest.err
configure:20614: $? = 0
configure:20617: test -s conftest.o
configure:20620: $? = 0
configure:20622: result: yes
configure:21116: creating ./config.status

## ---------------------- ##
## Running config.status. ##
## ---------------------- ##

This file was extended by strongSwan config.status 4.0.4, which was
generated by GNU Autoconf 2.59.  Invocation command line was

  CONFIG_FILES    = 
  CONFIG_HEADERS  = 
  CONFIG_LINKS    = 
  CONFIG_COMMANDS = 
  $ ./config.status 

on 192.168.5.20

config.status:738: creating Makefile
config.status:738: creating src/Makefile
config.status:738: creating src/libstrongswan/Makefile
config.status:738: creating src/libcrypto/Makefile
config.status:738: creating src/libfreeswan/Makefile
config.status:738: creating src/pluto/Makefile
config.status:738: creating src/whack/Makefile
config.status:738: creating src/charon/Makefile
config.status:738: creating src/stroke/Makefile
config.status:738: creating src/ipsec/Makefile
config.status:738: creating src/starter/Makefile
config.status:738: creating src/_updown/Makefile
config.status:738: creating src/_updown_espmark/Makefile
config.status:738: creating src/_copyright/Makefile
config.status:738: creating src/openac/Makefile
config.status:738: creating src/scepclient/Makefile
config.status:921: executing depfiles commands

## ---------------- ##
## Cache variables. ##
## ---------------- ##

ac_cv_build=i686-pc-linux-gnu
ac_cv_build_alias=i686-pc-linux-gnu
ac_cv_c_bigendian=yes
ac_cv_c_compiler_gnu=yes
ac_cv_cxx_compiler_gnu=yes
ac_cv_env_CC_set=set
ac_cv_env_CC_value=mips64-octeon-linux-gnu-gcc
ac_cv_env_CFLAGS_set=set
ac_cv_env_CFLAGS_value='-mabi=64 -Os -fomit-frame-pointer -I/project/oct/CA1/linux/embedded_rootfs/../kernel_2.6/linux/include -g '
ac_cv_env_CPPFLAGS_set=
ac_cv_env_CPPFLAGS_value=
ac_cv_env_CPP_set=
ac_cv_env_CPP_value=
ac_cv_env_CXXCPP_set=
ac_cv_env_CXXCPP_value=
ac_cv_env_CXXFLAGS_set=set
ac_cv_env_CXXFLAGS_value='-mabi=64 -Os -fomit-frame-pointer'
ac_cv_env_CXX_set=set
ac_cv_env_CXX_value=mips64-octeon-linux-gnu-g++
ac_cv_env_F77_set=
ac_cv_env_F77_value=
ac_cv_env_FFLAGS_set=
ac_cv_env_FFLAGS_value=
ac_cv_env_LDFLAGS_set=set
ac_cv_env_LDFLAGS_value=-mabi=64
ac_cv_env_build_alias_set=
ac_cv_env_build_alias_value=
ac_cv_env_host_alias_set=set
ac_cv_env_host_alias_value=mips64-octeon-linux-gnu
ac_cv_env_target_alias_set=
ac_cv_env_target_alias_value=
ac_cv_exeext=
ac_cv_f77_compiler_gnu=yes
ac_cv_header_dlfcn_h=yes
ac_cv_header_inttypes_h=yes
ac_cv_header_memory_h=yes
ac_cv_header_stdc=yes
ac_cv_header_stdint_h=yes
ac_cv_header_stdlib_h=yes
ac_cv_header_string_h=yes
ac_cv_header_strings_h=yes
ac_cv_header_sys_stat_h=yes
ac_cv_header_sys_types_h=yes
ac_cv_header_unistd_h=yes
ac_cv_host=mips64-octeon-linux-gnu
ac_cv_host_alias=mips64-octeon-linux-gnu
ac_cv_lib_fl_yywrap=no
ac_cv_lib_gmp=ac_cv_lib_gmp_main
ac_cv_lib_gmp_main=yes
ac_cv_lib_l_yywrap=no
ac_cv_objext=o
ac_cv_path_PERL=/usr/bin/perl
ac_cv_path_install='/usr/bin/install -c'
ac_cv_prog_AR=mips64-octeon-linux-gnu-ar
ac_cv_prog_AWK=gawk
ac_cv_prog_CC=mips64-octeon-linux-gnu-gcc
ac_cv_prog_CPP='mips64-octeon-linux-gnu-gcc -E'
ac_cv_prog_CXX=mips64-octeon-linux-gnu-g++
ac_cv_prog_CXXCPP='mips64-octeon-linux-gnu-g++ -E'
ac_cv_prog_LEX=flex
ac_cv_prog_RANLIB=mips64-octeon-linux-gnu-ranlib
ac_cv_prog_STRIP=mips64-octeon-linux-gnu-strip
ac_cv_prog_YACC='bison -y'
ac_cv_prog_ac_ct_F77=g77
ac_cv_prog_cc_g=yes
ac_cv_prog_cc_stdc=
ac_cv_prog_cxx_g=yes
ac_cv_prog_egrep='grep -E'
ac_cv_prog_f77_g=yes
ac_cv_prog_lex_root=lex.yy
ac_cv_prog_lex_yytext_pointer=no
ac_cv_prog_make_make_set=yes
am_cv_CC_dependencies_compiler_type=gcc3
am_cv_CXX_dependencies_compiler_type=gcc3
am_cv_prog_tar_ustar=gnutar
lt_cv_deplibs_check_method=pass_all
lt_cv_file_magic_cmd='$MAGIC_CMD'
lt_cv_file_magic_test_file=
lt_cv_ld_reload_flag=-r
lt_cv_objdir=.libs
lt_cv_path_LD=mips64-octeon-linux-gnu-ld
lt_cv_path_LDCXX=mips64-octeon-linux-gnu-ld
lt_cv_path_NM='/project/oct/CA1/linux/../tools/bin/mips64-octeon-linux-gnu-nm -B'
lt_cv_path_SED=/bin/sed
lt_cv_prog_compiler_c_o=yes
lt_cv_prog_compiler_c_o_CXX=yes
lt_cv_prog_compiler_c_o_F77=yes
lt_cv_prog_compiler_rtti_exceptions=no
lt_cv_prog_gnu_ld=yes
lt_cv_prog_gnu_ldcxx=yes
lt_cv_sys_global_symbol_pipe='sed -n -e '\''s/^.*[ 	]\([ABCDGIRSTW][ABCDGIRSTW]*\)[ 	][ 	]*\([_A-Za-z][_A-Za-z0-9]*\)$/\1 \2 \2/p'\'''
lt_cv_sys_global_symbol_to_c_name_address='sed -n -e '\''s/^: \([^ ]*\) $/  {\"\1\", (lt_ptr) 0},/p'\'' -e '\''s/^[BCDEGRST] \([^ ]*\) \([^ ]*\)$/  {"\2", (lt_ptr) \&\2},/p'\'''
lt_cv_sys_global_symbol_to_cdecl='sed -n -e '\''s/^. .* \(.*\)$/extern int \1;/p'\'''
lt_cv_sys_max_cmd_len=32768
lt_lt_cv_prog_compiler_c_o='"yes"'
lt_lt_cv_prog_compiler_c_o_CXX='"yes"'
lt_lt_cv_prog_compiler_c_o_F77='"yes"'
lt_lt_cv_sys_global_symbol_pipe='"sed -n -e '\''s/^.*[ 	]\\([ABCDGIRSTW][ABCDGIRSTW]*\\)[ 	][ 	]*\\([_A-Za-z][_A-Za-z0-9]*\\)\$/\\1 \\2 \\2/p'\''"'
lt_lt_cv_sys_global_symbol_to_c_name_address='"sed -n -e '\''s/^: \\([^ ]*\\) \$/  {\\\"\\1\\\", (lt_ptr) 0},/p'\'' -e '\''s/^[BCDEGRST] \\([^ ]*\\) \\([^ ]*\\)\$/  {\"\\2\", (lt_ptr) \\&\\2},/p'\''"'
lt_lt_cv_sys_global_symbol_to_cdecl='"sed -n -e '\''s/^. .* \\(.*\\)\$/extern int \\1;/p'\''"'

## ----------------- ##
## Output variables. ##
## ----------------- ##

ACLOCAL='${SHELL} /project/oct/CA1/linux/embedded_rootfs/pkg_addon/strongswan-4.0.4/missing --run aclocal-1.9'
AMDEPBACKSLASH='\'
AMDEP_FALSE='#'
AMDEP_TRUE=''
AMTAR='${SHELL} /project/oct/CA1/linux/embedded_rootfs/pkg_addon/strongswan-4.0.4/missing --run tar'
AR='mips64-octeon-linux-gnu-ar'
AUTOCONF='${SHELL} /project/oct/CA1/linux/embedded_rootfs/pkg_addon/strongswan-4.0.4/missing --run autoconf'
AUTOHEADER='${SHELL} /project/oct/CA1/linux/embedded_rootfs/pkg_addon/strongswan-4.0.4/missing --run autoheader'
AUTOMAKE='${SHELL} /project/oct/CA1/linux/embedded_rootfs/pkg_addon/strongswan-4.0.4/missing --run automake-1.9'
AWK='gawk'
CC='mips64-octeon-linux-gnu-gcc'
CCDEPMODE='depmode=gcc3'
CFLAGS='-mabi=64 -Os -fomit-frame-pointer -I/project/oct/CA1/linux/embedded_rootfs/../kernel_2.6/linux/include -g '
CPP='mips64-octeon-linux-gnu-gcc -E'
CPPFLAGS=''
CXX='mips64-octeon-linux-gnu-g++'
CXXCPP='mips64-octeon-linux-gnu-g++ -E'
CXXDEPMODE='depmode=gcc3'
CXXFLAGS='-mabi=64 -Os -fomit-frame-pointer'
CYGPATH_W='echo'
DEFS='-DPACKAGE_NAME=\"strongSwan\" -DPACKAGE_TARNAME=\"strongswan\" -DPACKAGE_VERSION=\"4.0.4\" -DPACKAGE_STRING=\"strongSwan\ 4.0.4\" -DPACKAGE_BUGREPORT=\"\" -DPACKAGE=\"strongswan\" -DVERSION=\"4.0.4\" -DWORDS_BIGENDIAN=1 -DPKCS11_DEFAULT_LIB=\"/usr/lib/opensc-pkcs11.so\" -DDEV_RANDOM=\"/dev/random\" -DDEV_URANDOM=\"/dev/urandom\" -DSTDC_HEADERS=1 -DHAVE_SYS_TYPES_H=1 -DHAVE_SYS_STAT_H=1 -DHAVE_STDLIB_H=1 -DHAVE_STRING_H=1 -DHAVE_MEMORY_H=1 -DHAVE_STRINGS_H=1 -DHAVE_INTTYPES_H=1 -DHAVE_STDINT_H=1 -DHAVE_UNISTD_H=1 -DHAVE_DLFCN_H=1 -DHAVE_LIBGMP=1 '
DEPDIR='.deps'
ECHO='echo'
ECHO_C=''
ECHO_N='-n'
ECHO_T=''
EGREP='grep -E'
EXEEXT=''
F77='g77'
FFLAGS='-g -O2'
GPERF=''
INSTALL_DATA='${INSTALL} -m 644'
INSTALL_PROGRAM='${INSTALL}'
INSTALL_SCRIPT='${INSTALL}'
INSTALL_STRIP_PROGRAM='${SHELL} $(install_sh) -c -s'
LDFLAGS='-mabi=64'
LEX='flex'
LEXLIB=''
LEX_OUTPUT_ROOT='lex.yy'
LIBOBJS=''
LIBS='-lgmp '
LIBTOOL='$(SHELL) $(top_builddir)/libtool'
LN_S='ln -s'
LTLIBOBJS=''
MAKEINFO='${SHELL} /project/oct/CA1/linux/embedded_rootfs/pkg_addon/strongswan-4.0.4/missing --run makeinfo'
OBJEXT='o'
PACKAGE='strongswan'
PACKAGE_BUGREPORT=''
PACKAGE_NAME='strongSwan'
PACKAGE_STRING='strongSwan 4.0.4'
PACKAGE_TARNAME='strongswan'
PACKAGE_VERSION='4.0.4'
PATH_SEPARATOR=':'
PERL='/usr/bin/perl'
RANLIB='mips64-octeon-linux-gnu-ranlib'
SET_MAKE=''
SHELL='/bin/sh'
STRIP='mips64-octeon-linux-gnu-strip'
USE_LDAP_FALSE=''
USE_LDAP_TRUE='#'
USE_LEAK_DETECTIVE_FALSE=''
USE_LEAK_DETECTIVE_TRUE='#'
USE_LIBCURL_FALSE=''
USE_LIBCURL_TRUE='#'
USE_SMARTCARD_FALSE=''
USE_SMARTCARD_TRUE='#'
VERSION='4.0.4'
YACC='bison -y'
ac_ct_AR=''
ac_ct_CC=''
ac_ct_CXX=''
ac_ct_F77='g77'
ac_ct_RANLIB=''
ac_ct_STRIP=''
am__fastdepCC_FALSE='#'
am__fastdepCC_TRUE=''
am__fastdepCXX_FALSE='#'
am__fastdepCXX_TRUE=''
am__include='include'
am__leading_dot='.'
am__quote=''
am__tar='tar --format=ustar -chf - "$$tardir"'
am__untar='tar -xf -'
bindir='${exec_prefix}/bin'
build='i686-pc-linux-gnu'
build_alias=''
build_cpu='i686'
build_os='linux-gnu'
build_vendor='pc'
confdir='${sysconfdir}'
datadir='${prefix}/share'
exec_prefix='${prefix}'
host='mips64-octeon-linux-gnu'
host_alias='mips64-octeon-linux-gnu'
host_cpu='mips64'
host_os='linux-gnu'
host_vendor='octeon'
includedir='${prefix}/include'
infodir='${prefix}/info'
install_sh='/project/oct/CA1/linux/embedded_rootfs/pkg_addon/strongswan-4.0.4/install-sh'
ipsecdir='${libexecdir}/ipsec'
libdir='${exec_prefix}/lib'
libexecdir='${exec_prefix}/libexec'
localstatedir='${prefix}/var'
mandir='${prefix}/man'
mkdir_p='mkdir -p --'
oldincludedir='/usr/include'
piddir='/var/run'
prefix='/tmp/root-rootfs/usr'
program_transform_name='s,x,x,'
sbindir='${exec_prefix}/sbin'
sharedstatedir='${prefix}/com'
sysconfdir='${prefix}/etc'
target_alias=''

## ----------- ##
## confdefs.h. ##
## ----------- ##

#define DEV_RANDOM "/dev/random"
#define DEV_URANDOM "/dev/urandom"
#define HAVE_DLFCN_H 1
#define HAVE_INTTYPES_H 1
#define HAVE_LIBGMP 1
#define HAVE_MEMORY_H 1
#define HAVE_STDINT_H 1
#define HAVE_STDLIB_H 1
#define HAVE_STRINGS_H 1
#define HAVE_STRING_H 1
#define HAVE_SYS_STAT_H 1
#define HAVE_SYS_TYPES_H 1
#define HAVE_UNISTD_H 1
#define PACKAGE "strongswan"
#define PACKAGE_BUGREPORT ""
#define PACKAGE_NAME "strongSwan"
#define PACKAGE_STRING "strongSwan 4.0.4"
#define PACKAGE_TARNAME "strongswan"
#define PACKAGE_VERSION "4.0.4"
#define PKCS11_DEFAULT_LIB "/usr/lib/opensc-pkcs11.so"
#define STDC_HEADERS 1
#define VERSION "4.0.4"
#define WORDS_BIGENDIAN 1
#endif
#ifdef __cplusplus
extern "C" void std::exit (int) throw (); using std::exit;

configure: exit 0

## ---------------------- ##
## Running config.status. ##
## ---------------------- ##

This file was extended by strongSwan config.status 4.0.4, which was
generated by GNU Autoconf 2.59.  Invocation command line was

  CONFIG_FILES    = 
  CONFIG_HEADERS  = 
  CONFIG_LINKS    = 
  CONFIG_COMMANDS = 
  $ ./config.status --recheck

on new-host-8


## ---------------------- ##
## Running config.status. ##
## ---------------------- ##

This file was extended by strongSwan config.status 4.0.4, which was
generated by GNU Autoconf 2.59.  Invocation command line was

  CONFIG_FILES    = 
  CONFIG_HEADERS  = 
  CONFIG_LINKS    = 
  CONFIG_COMMANDS = 
  $ ./config.status --recheck

on new-host-8


## ---------------------- ##
## Running config.status. ##
## ---------------------- ##

This file was extended by strongSwan config.status 4.0.4, which was
generated by GNU Autoconf 2.59.  Invocation command line was

  CONFIG_FILES    = 
  CONFIG_HEADERS  = 
  CONFIG_LINKS    = 
  CONFIG_COMMANDS = 
  $ ./config.status 

on new-host-8

config.status:739: creating Makefile
config.status:739: creating src/Makefile
config.status:739: creating src/libstrongswan/Makefile
config.status:739: creating src/libcrypto/Makefile
config.status:739: creating src/libfreeswan/Makefile
config.status:739: creating src/pluto/Makefile
config.status:739: creating src/whack/Makefile
config.status:739: creating src/charon/Makefile
config.status:739: creating src/stroke/Makefile
config.status:739: creating src/ipsec/Makefile
config.status:739: creating src/starter/Makefile
config.status:739: creating src/_updown/Makefile
config.status:739: creating src/_updown_espmark/Makefile
config.status:739: creating src/_copyright/Makefile
config.status:739: creating src/openac/Makefile
config.status:739: creating src/scepclient/Makefile
config.status:922: executing depfiles commands

## ---------------------- ##
## Running config.status. ##
## ---------------------- ##

This file was extended by strongSwan config.status 4.0.4, which was
generated by GNU Autoconf 2.59.  Invocation command line was

  CONFIG_FILES    = 
  CONFIG_HEADERS  = 
  CONFIG_LINKS    = 
  CONFIG_COMMANDS = 
  $ ./config.status 

on new-host-8

config.status:739: creating Makefile
config.status:739: creating src/Makefile
config.status:739: creating src/libstrongswan/Makefile
config.status:739: creating src/libcrypto/Makefile
config.status:739: creating src/libfreeswan/Makefile
config.status:739: creating src/pluto/Makefile
config.status:739: creating src/whack/Makefile
config.status:739: creating src/charon/Makefile
config.status:739: creating src/stroke/Makefile
config.status:739: creating src/ipsec/Makefile
config.status:739: creating src/starter/Makefile
config.status:739: creating src/_updown/Makefile
config.status:739: creating src/_updown_espmark/Makefile
config.status:739: creating src/_copyright/Makefile
config.status:739: creating src/openac/Makefile
config.status:739: creating src/scepclient/Makefile
config.status:922: executing depfiles commands
